[0.020s] Invoking command in '/home/shreya/ros2_ws/build/object_avoidance': CMAKE_PREFIX_PATH=${CMAKE_PREFIX_PATH}:/home/shreya/ros2_ws/install/sim_avoidance:/home/shreya/ros2_ws/install/serial_distance:/home/shreya/ros2_ws/install/arduino_comm:/opt/ros/humble /usr/bin/cmake --build /home/shreya/ros2_ws/build/object_avoidance -- -j2 -l2
[0.254s] Invoked command in '/home/shreya/ros2_ws/build/object_avoidance' returned '0': CMAKE_PREFIX_PATH=${CMAKE_PREFIX_PATH}:/home/shreya/ros2_ws/install/sim_avoidance:/home/shreya/ros2_ws/install/serial_distance:/home/shreya/ros2_ws/install/arduino_comm:/opt/ros/humble /usr/bin/cmake --build /home/shreya/ros2_ws/build/object_avoidance -- -j2 -l2
[0.279s] Invoking command in '/home/shreya/ros2_ws/build/object_avoidance': CMAKE_PREFIX_PATH=${CMAKE_PREFIX_PATH}:/home/shreya/ros2_ws/install/sim_avoidance:/home/shreya/ros2_ws/install/serial_distance:/home/shreya/ros2_ws/install/arduino_comm:/opt/ros/humble /usr/bin/cmake --install /home/shreya/ros2_ws/build/object_avoidance
[0.281s] -- Install configuration: ""
[0.281s] -- Up-to-date: /home/shreya/ros2_ws/install/object_avoidance/share/ament_index/resource_index/package_run_dependencies/object_avoidance
[0.281s] -- Up-to-date: /home/shreya/ros2_ws/install/object_avoidance/share/ament_index/resource_index/parent_prefix_path/object_avoidance
[0.281s] -- Up-to-date: /home/shreya/ros2_ws/install/object_avoidance/share/object_avoidance/environment/ament_prefix_path.sh
[0.281s] -- Up-to-date: /home/shreya/ros2_ws/install/object_avoidance/share/object_avoidance/environment/ament_prefix_path.dsv
[0.281s] -- Up-to-date: /home/shreya/ros2_ws/install/object_avoidance/share/object_avoidance/environment/path.sh
[0.282s] -- Up-to-date: /home/shreya/ros2_ws/install/object_avoidance/share/object_avoidance/environment/path.dsv
[0.282s] -- Up-to-date: /home/shreya/ros2_ws/install/object_avoidance/share/object_avoidance/local_setup.bash
[0.282s] -- Up-to-date: /home/shreya/ros2_ws/install/object_avoidance/share/object_avoidance/local_setup.sh
[0.282s] -- Up-to-date: /home/shreya/ros2_ws/install/object_avoidance/share/object_avoidance/local_setup.zsh
[0.282s] -- Up-to-date: /home/shreya/ros2_ws/install/object_avoidance/share/object_avoidance/local_setup.dsv
[0.282s] -- Installing: /home/shreya/ros2_ws/install/object_avoidance/share/object_avoidance/package.dsv
[0.282s] -- Up-to-date: /home/shreya/ros2_ws/install/object_avoidance/share/ament_index/resource_index/packages/object_avoidance
[0.282s] -- Up-to-date: /home/shreya/ros2_ws/install/object_avoidance/share/object_avoidance/cmake/object_avoidanceConfig.cmake
[0.282s] -- Up-to-date: /home/shreya/ros2_ws/install/object_avoidance/share/object_avoidance/cmake/object_avoidanceConfig-version.cmake
[0.282s] -- Up-to-date: /home/shreya/ros2_ws/install/object_avoidance/share/object_avoidance/package.xml
[0.282s] -- Up-to-date: /home/shreya/ros2_ws/install/object_avoidance/lib/object_avoidance/arduino_serial_node.py
[0.287s] Invoked command in '/home/shreya/ros2_ws/build/object_avoidance' returned '0': CMAKE_PREFIX_PATH=${CMAKE_PREFIX_PATH}:/home/shreya/ros2_ws/install/sim_avoidance:/home/shreya/ros2_ws/install/serial_distance:/home/shreya/ros2_ws/install/arduino_comm:/opt/ros/humble /usr/bin/cmake --install /home/shreya/ros2_ws/build/object_avoidance
