[0.332s] DEBUG:colcon:Command line arguments: ['/usr/bin/colcon', 'build']
[0.332s] DEBUG:colcon:Parsed command line arguments: Namespace(log_base=None, log_level=None, verb_name='build', build_base='build', install_base='install', merge_install=False, symlink_install=False, test_result_base=None, continue_on_error=False, executor='parallel', parallel_workers=2, event_handlers=None, ignore_user_meta=False, metas=['./colcon.meta'], base_paths=['.'], packages_ignore=None, packages_ignore_regex=None, paths=None, packages_up_to=None, packages_up_to_regex=None, packages_above=None, packages_above_and_dependencies=None, packages_above_depth=None, packages_select_by_dep=None, packages_skip_by_dep=None, packages_skip_up_to=None, packages_select_build_failed=False, packages_skip_build_finished=False, packages_select_test_failures=False, packages_skip_test_passed=False, packages_select=None, packages_skip=None, packages_select_regex=None, packages_skip_regex=None, packages_start=None, packages_end=None, allow_overriding=[], cmake_args=None, cmake_target=None, cmake_target_skip_unavailable=False, cmake_clean_cache=False, cmake_clean_first=False, cmake_force_configure=False, ament_cmake_args=None, catkin_cmake_args=None, catkin_skip_building_tests=False, verb_parser=<colcon_defaults.argument_parser.defaults.DefaultArgumentsDecorator object at 0x7e5d85d1b280>, verb_extension=<colcon_core.verb.build.BuildVerb object at 0x7e5d85ed4b80>, main=<bound method BuildVerb.main of <colcon_core.verb.build.BuildVerb object at 0x7e5d85ed4b80>>)
[0.758s] Level 1:colcon.colcon_core.package_discovery:discover_packages(colcon_meta) check parameters
[0.758s] Level 1:colcon.colcon_core.package_discovery:discover_packages(recursive) check parameters
[0.758s] Level 1:colcon.colcon_core.package_discovery:discover_packages(ignore) check parameters
[0.758s] Level 1:colcon.colcon_core.package_discovery:discover_packages(path) check parameters
[0.758s] Level 1:colcon.colcon_core.package_discovery:discover_packages(colcon_meta) discover
[0.758s] Level 1:colcon.colcon_core.package_discovery:discover_packages(recursive) discover
[0.758s] INFO:colcon.colcon_core.package_discovery:Crawling recursively for packages in '/home/shreya/ros2_ws'
[0.758s] Level 1:colcon.colcon_core.package_identification:_identify(.) by extensions ['ignore', 'ignore_ament_install']
[0.759s] Level 1:colcon.colcon_core.package_identification:_identify(.) by extension 'ignore'
[0.759s] Level 1:colcon.colcon_core.package_identification:_identify(.) by extension 'ignore_ament_install'
[0.759s] Level 1:colcon.colcon_core.package_identification:_identify(.) by extensions ['colcon_pkg']
[0.759s] Level 1:colcon.colcon_core.package_identification:_identify(.) by extension 'colcon_pkg'
[0.759s] Level 1:colcon.colcon_core.package_identification:_identify(.) by extensions ['colcon_meta']
[0.759s] Level 1:colcon.colcon_core.package_identification:_identify(.) by extension 'colcon_meta'
[0.759s] Level 1:colcon.colcon_core.package_identification:_identify(.) by extensions ['ros']
[0.759s] Level 1:colcon.colcon_core.package_identification:_identify(.) by extension 'ros'
[0.767s] Level 1:colcon.colcon_core.package_identification:_identify(.) by extensions ['cmake', 'python']
[0.767s] Level 1:colcon.colcon_core.package_identification:_identify(.) by extension 'cmake'
[0.767s] Level 1:colcon.colcon_core.package_identification:_identify(.) by extension 'python'
[0.767s] Level 1:colcon.colcon_core.package_identification:_identify(.) by extensions ['python_setup_py']
[0.767s] Level 1:colcon.colcon_core.package_identification:_identify(.) by extension 'python_setup_py'
[0.767s] Level 1:colcon.colcon_core.package_identification:_identify(build) by extensions ['ignore', 'ignore_ament_install']
[0.767s] Level 1:colcon.colcon_core.package_identification:_identify(build) by extension 'ignore'
[0.767s] Level 1:colcon.colcon_core.package_identification:_identify(build) ignored
[0.767s] Level 1:colcon.colcon_core.package_identification:_identify(install) by extensions ['ignore', 'ignore_ament_install']
[0.768s] Level 1:colcon.colcon_core.package_identification:_identify(install) by extension 'ignore'
[0.768s] Level 1:colcon.colcon_core.package_identification:_identify(install) ignored
[0.768s] Level 1:colcon.colcon_core.package_identification:_identify(log) by extensions ['ignore', 'ignore_ament_install']
[0.768s] Level 1:colcon.colcon_core.package_identification:_identify(log) by extension 'ignore'
[0.768s] Level 1:colcon.colcon_core.package_identification:_identify(log) ignored
[0.768s] Level 1:colcon.colcon_core.package_identification:_identify(src) by extensions ['ignore', 'ignore_ament_install']
[0.768s] Level 1:colcon.colcon_core.package_identification:_identify(src) by extension 'ignore'
[0.768s] Level 1:colcon.colcon_core.package_identification:_identify(src) by extension 'ignore_ament_install'
[0.768s] Level 1:colcon.colcon_core.package_identification:_identify(src) by extensions ['colcon_pkg']
[0.768s] Level 1:colcon.colcon_core.package_identification:_identify(src) by extension 'colcon_pkg'
[0.768s] Level 1:colcon.colcon_core.package_identification:_identify(src) by extensions ['colcon_meta']
[0.768s] Level 1:colcon.colcon_core.package_identification:_identify(src) by extension 'colcon_meta'
[0.768s] Level 1:colcon.colcon_core.package_identification:_identify(src) by extensions ['ros']
[0.768s] Level 1:colcon.colcon_core.package_identification:_identify(src) by extension 'ros'
[0.768s] Level 1:colcon.colcon_core.package_identification:_identify(src) by extensions ['cmake', 'python']
[0.768s] Level 1:colcon.colcon_core.package_identification:_identify(src) by extension 'cmake'
[0.768s] Level 1:colcon.colcon_core.package_identification:_identify(src) by extension 'python'
[0.768s] Level 1:colcon.colcon_core.package_identification:_identify(src) by extensions ['python_setup_py']
[0.768s] Level 1:colcon.colcon_core.package_identification:_identify(src) by extension 'python_setup_py'
[0.768s] Level 1:colcon.colcon_core.package_identification:_identify(src/arduino_comm) by extensions ['ignore', 'ignore_ament_install']
[0.768s] Level 1:colcon.colcon_core.package_identification:_identify(src/arduino_comm) by extension 'ignore'
[0.768s] Level 1:colcon.colcon_core.package_identification:_identify(src/arduino_comm) by extension 'ignore_ament_install'
[0.768s] Level 1:colcon.colcon_core.package_identification:_identify(src/arduino_comm) by extensions ['colcon_pkg']
[0.768s] Level 1:colcon.colcon_core.package_identification:_identify(src/arduino_comm) by extension 'colcon_pkg'
[0.768s] Level 1:colcon.colcon_core.package_identification:_identify(src/arduino_comm) by extensions ['colcon_meta']
[0.768s] Level 1:colcon.colcon_core.package_identification:_identify(src/arduino_comm) by extension 'colcon_meta'
[0.768s] Level 1:colcon.colcon_core.package_identification:_identify(src/arduino_comm) by extensions ['ros']
[0.768s] Level 1:colcon.colcon_core.package_identification:_identify(src/arduino_comm) by extension 'ros'
[0.775s] DEBUG:colcon.colcon_core.package_identification:Package 'src/arduino_comm' with type 'ros.ament_python' and name 'arduino_comm'
[0.776s] Level 1:colcon.colcon_core.package_identification:_identify(src/object_avoidance) by extensions ['ignore', 'ignore_ament_install']
[0.776s] Level 1:colcon.colcon_core.package_identification:_identify(src/object_avoidance) by extension 'ignore'
[0.776s] Level 1:colcon.colcon_core.package_identification:_identify(src/object_avoidance) by extension 'ignore_ament_install'
[0.776s] Level 1:colcon.colcon_core.package_identification:_identify(src/object_avoidance) by extensions ['colcon_pkg']
[0.776s] Level 1:colcon.colcon_core.package_identification:_identify(src/object_avoidance) by extension 'colcon_pkg'
[0.776s] Level 1:colcon.colcon_core.package_identification:_identify(src/object_avoidance) by extensions ['colcon_meta']
[0.776s] Level 1:colcon.colcon_core.package_identification:_identify(src/object_avoidance) by extension 'colcon_meta'
[0.776s] Level 1:colcon.colcon_core.package_identification:_identify(src/object_avoidance) by extensions ['ros']
[0.776s] Level 1:colcon.colcon_core.package_identification:_identify(src/object_avoidance) by extension 'ros'
[0.777s] DEBUG:colcon.colcon_core.package_identification:Package 'src/object_avoidance' with type 'ros.ament_cmake' and name 'object_avoidance'
[0.779s] Level 1:colcon.colcon_core.package_identification:_identify(src/serial_distance) by extensions ['ignore', 'ignore_ament_install']
[0.779s] Level 1:colcon.colcon_core.package_identification:_identify(src/serial_distance) by extension 'ignore'
[0.779s] Level 1:colcon.colcon_core.package_identification:_identify(src/serial_distance) by extension 'ignore_ament_install'
[0.779s] Level 1:colcon.colcon_core.package_identification:_identify(src/serial_distance) by extensions ['colcon_pkg']
[0.779s] Level 1:colcon.colcon_core.package_identification:_identify(src/serial_distance) by extension 'colcon_pkg'
[0.779s] Level 1:colcon.colcon_core.package_identification:_identify(src/serial_distance) by extensions ['colcon_meta']
[0.779s] Level 1:colcon.colcon_core.package_identification:_identify(src/serial_distance) by extension 'colcon_meta'
[0.779s] Level 1:colcon.colcon_core.package_identification:_identify(src/serial_distance) by extensions ['ros']
[0.779s] Level 1:colcon.colcon_core.package_identification:_identify(src/serial_distance) by extension 'ros'
[0.780s] DEBUG:colcon.colcon_core.package_identification:Package 'src/serial_distance' with type 'ros.ament_python' and name 'serial_distance'
[0.782s] Level 1:colcon.colcon_core.package_identification:_identify(src/sim_avoidance) by extensions ['ignore', 'ignore_ament_install']
[0.782s] Level 1:colcon.colcon_core.package_identification:_identify(src/sim_avoidance) by extension 'ignore'
[0.782s] Level 1:colcon.colcon_core.package_identification:_identify(src/sim_avoidance) by extension 'ignore_ament_install'
[0.782s] Level 1:colcon.colcon_core.package_identification:_identify(src/sim_avoidance) by extensions ['colcon_pkg']
[0.782s] Level 1:colcon.colcon_core.package_identification:_identify(src/sim_avoidance) by extension 'colcon_pkg'
[0.782s] Level 1:colcon.colcon_core.package_identification:_identify(src/sim_avoidance) by extensions ['colcon_meta']
[0.782s] Level 1:colcon.colcon_core.package_identification:_identify(src/sim_avoidance) by extension 'colcon_meta'
[0.782s] Level 1:colcon.colcon_core.package_identification:_identify(src/sim_avoidance) by extensions ['ros']
[0.782s] Level 1:colcon.colcon_core.package_identification:_identify(src/sim_avoidance) by extension 'ros'
[0.783s] DEBUG:colcon.colcon_core.package_identification:Package 'src/sim_avoidance' with type 'ros.ament_python' and name 'sim_avoidance'
[0.783s] Level 1:colcon.colcon_core.package_discovery:discover_packages(recursive) using defaults
[0.783s] Level 1:colcon.colcon_core.package_discovery:discover_packages(ignore) discover
[0.783s] Level 1:colcon.colcon_core.package_discovery:discover_packages(ignore) using defaults
[0.783s] Level 1:colcon.colcon_core.package_discovery:discover_packages(path) discover
[0.783s] Level 1:colcon.colcon_core.package_discovery:discover_packages(path) using defaults
[0.841s] Level 1:colcon.colcon_core.package_discovery:discover_packages(prefix_path) check parameters
[0.841s] Level 1:colcon.colcon_core.package_discovery:discover_packages(prefix_path) discover
[0.849s] DEBUG:colcon.colcon_installed_package_information.package_discovery:Found 271 installed packages in /opt/ros/humble
[0.851s] Level 1:colcon.colcon_core.package_discovery:discover_packages(prefix_path) using defaults
[0.886s] Level 5:colcon.colcon_core.verb:set package 'arduino_comm' build argument 'cmake_args' from command line to 'None'
[0.886s] Level 5:colcon.colcon_core.verb:set package 'arduino_comm' build argument 'cmake_target' from command line to 'None'
[0.886s] Level 5:colcon.colcon_core.verb:set package 'arduino_comm' build argument 'cmake_target_skip_unavailable' from command line to 'False'
[0.886s] Level 5:colcon.colcon_core.verb:set package 'arduino_comm' build argument 'cmake_clean_cache' from command line to 'False'
[0.886s] Level 5:colcon.colcon_core.verb:set package 'arduino_comm' build argument 'cmake_clean_first' from command line to 'False'
[0.886s] Level 5:colcon.colcon_core.verb:set package 'arduino_comm' build argument 'cmake_force_configure' from command line to 'False'
[0.886s] Level 5:colcon.colcon_core.verb:set package 'arduino_comm' build argument 'ament_cmake_args' from command line to 'None'
[0.886s] Level 5:colcon.colcon_core.verb:set package 'arduino_comm' build argument 'catkin_cmake_args' from command line to 'None'
[0.886s] Level 5:colcon.colcon_core.verb:set package 'arduino_comm' build argument 'catkin_skip_building_tests' from command line to 'False'
[0.886s] DEBUG:colcon.colcon_core.verb:Building package 'arduino_comm' with the following arguments: {'ament_cmake_args': None, 'build_base': '/home/shreya/ros2_ws/build/arduino_comm', 'catkin_cmake_args': None, 'catkin_skip_building_tests': False, 'cmake_args': None, 'cmake_clean_cache': False, 'cmake_clean_first': False, 'cmake_force_configure': False, 'cmake_target': None, 'cmake_target_skip_unavailable': False, 'install_base': '/home/shreya/ros2_ws/install/arduino_comm', 'merge_install': False, 'path': '/home/shreya/ros2_ws/src/arduino_comm', 'symlink_install': False, 'test_result_base': None}
[0.886s] Level 5:colcon.colcon_core.verb:set package 'object_avoidance' build argument 'cmake_args' from command line to 'None'
[0.886s] Level 5:colcon.colcon_core.verb:set package 'object_avoidance' build argument 'cmake_target' from command line to 'None'
[0.886s] Level 5:colcon.colcon_core.verb:set package 'object_avoidance' build argument 'cmake_target_skip_unavailable' from command line to 'False'
[0.886s] Level 5:colcon.colcon_core.verb:set package 'object_avoidance' build argument 'cmake_clean_cache' from command line to 'False'
[0.886s] Level 5:colcon.colcon_core.verb:set package 'object_avoidance' build argument 'cmake_clean_first' from command line to 'False'
[0.886s] Level 5:colcon.colcon_core.verb:set package 'object_avoidance' build argument 'cmake_force_configure' from command line to 'False'
[0.886s] Level 5:colcon.colcon_core.verb:set package 'object_avoidance' build argument 'ament_cmake_args' from command line to 'None'
[0.886s] Level 5:colcon.colcon_core.verb:set package 'object_avoidance' build argument 'catkin_cmake_args' from command line to 'None'
[0.886s] Level 5:colcon.colcon_core.verb:set package 'object_avoidance' build argument 'catkin_skip_building_tests' from command line to 'False'
[0.886s] DEBUG:colcon.colcon_core.verb:Building package 'object_avoidance' with the following arguments: {'ament_cmake_args': None, 'build_base': '/home/shreya/ros2_ws/build/object_avoidance', 'catkin_cmake_args': None, 'catkin_skip_building_tests': False, 'cmake_args': None, 'cmake_clean_cache': False, 'cmake_clean_first': False, 'cmake_force_configure': False, 'cmake_target': None, 'cmake_target_skip_unavailable': False, 'install_base': '/home/shreya/ros2_ws/install/object_avoidance', 'merge_install': False, 'path': '/home/shreya/ros2_ws/src/object_avoidance', 'symlink_install': False, 'test_result_base': None}
[0.886s] Level 5:colcon.colcon_core.verb:set package 'serial_distance' build argument 'cmake_args' from command line to 'None'
[0.887s] Level 5:colcon.colcon_core.verb:set package 'serial_distance' build argument 'cmake_target' from command line to 'None'
[0.887s] Level 5:colcon.colcon_core.verb:set package 'serial_distance' build argument 'cmake_target_skip_unavailable' from command line to 'False'
[0.887s] Level 5:colcon.colcon_core.verb:set package 'serial_distance' build argument 'cmake_clean_cache' from command line to 'False'
[0.887s] Level 5:colcon.colcon_core.verb:set package 'serial_distance' build argument 'cmake_clean_first' from command line to 'False'
[0.887s] Level 5:colcon.colcon_core.verb:set package 'serial_distance' build argument 'cmake_force_configure' from command line to 'False'
[0.887s] Level 5:colcon.colcon_core.verb:set package 'serial_distance' build argument 'ament_cmake_args' from command line to 'None'
[0.887s] Level 5:colcon.colcon_core.verb:set package 'serial_distance' build argument 'catkin_cmake_args' from command line to 'None'
[0.887s] Level 5:colcon.colcon_core.verb:set package 'serial_distance' build argument 'catkin_skip_building_tests' from command line to 'False'
[0.887s] DEBUG:colcon.colcon_core.verb:Building package 'serial_distance' with the following arguments: {'ament_cmake_args': None, 'build_base': '/home/shreya/ros2_ws/build/serial_distance', 'catkin_cmake_args': None, 'catkin_skip_building_tests': False, 'cmake_args': None, 'cmake_clean_cache': False, 'cmake_clean_first': False, 'cmake_force_configure': False, 'cmake_target': None, 'cmake_target_skip_unavailable': False, 'install_base': '/home/shreya/ros2_ws/install/serial_distance', 'merge_install': False, 'path': '/home/shreya/ros2_ws/src/serial_distance', 'symlink_install': False, 'test_result_base': None}
[0.887s] Level 5:colcon.colcon_core.verb:set package 'sim_avoidance' build argument 'cmake_args' from command line to 'None'
[0.887s] Level 5:colcon.colcon_core.verb:set package 'sim_avoidance' build argument 'cmake_target' from command line to 'None'
[0.887s] Level 5:colcon.colcon_core.verb:set package 'sim_avoidance' build argument 'cmake_target_skip_unavailable' from command line to 'False'
[0.887s] Level 5:colcon.colcon_core.verb:set package 'sim_avoidance' build argument 'cmake_clean_cache' from command line to 'False'
[0.887s] Level 5:colcon.colcon_core.verb:set package 'sim_avoidance' build argument 'cmake_clean_first' from command line to 'False'
[0.887s] Level 5:colcon.colcon_core.verb:set package 'sim_avoidance' build argument 'cmake_force_configure' from command line to 'False'
[0.887s] Level 5:colcon.colcon_core.verb:set package 'sim_avoidance' build argument 'ament_cmake_args' from command line to 'None'
[0.887s] Level 5:colcon.colcon_core.verb:set package 'sim_avoidance' build argument 'catkin_cmake_args' from command line to 'None'
[0.887s] Level 5:colcon.colcon_core.verb:set package 'sim_avoidance' build argument 'catkin_skip_building_tests' from command line to 'False'
[0.887s] DEBUG:colcon.colcon_core.verb:Building package 'sim_avoidance' with the following arguments: {'ament_cmake_args': None, 'build_base': '/home/shreya/ros2_ws/build/sim_avoidance', 'catkin_cmake_args': None, 'catkin_skip_building_tests': False, 'cmake_args': None, 'cmake_clean_cache': False, 'cmake_clean_first': False, 'cmake_force_configure': False, 'cmake_target': None, 'cmake_target_skip_unavailable': False, 'install_base': '/home/shreya/ros2_ws/install/sim_avoidance', 'merge_install': False, 'path': '/home/shreya/ros2_ws/src/sim_avoidance', 'symlink_install': False, 'test_result_base': None}
[0.887s] INFO:colcon.colcon_core.executor:Executing jobs using 'parallel' executor
[0.891s] DEBUG:colcon.colcon_parallel_executor.executor.parallel:run_until_complete
[0.891s] INFO:colcon.colcon_ros.task.ament_python.build:Building ROS package in '/home/shreya/ros2_ws/src/arduino_comm' with build type 'ament_python'
[0.891s] Level 1:colcon.colcon_core.shell:create_environment_hook('arduino_comm', 'ament_prefix_path')
[0.910s] INFO:colcon.colcon_core.plugin_system:Skipping extension 'colcon_core.shell.bat': Not used on non-Windows systems
[0.910s] INFO:colcon.colcon_core.shell:Creating environment hook '/home/shreya/ros2_ws/install/arduino_comm/share/arduino_comm/hook/ament_prefix_path.ps1'
[0.912s] INFO:colcon.colcon_core.shell:Creating environment descriptor '/home/shreya/ros2_ws/install/arduino_comm/share/arduino_comm/hook/ament_prefix_path.dsv'
[0.913s] INFO:colcon.colcon_core.shell:Creating environment hook '/home/shreya/ros2_ws/install/arduino_comm/share/arduino_comm/hook/ament_prefix_path.sh'
[0.915s] INFO:colcon.colcon_core.shell:Skip shell extension 'powershell' for command environment: Not usable outside of PowerShell
[0.915s] DEBUG:colcon.colcon_core.shell:Skip shell extension 'dsv' for command environment
[0.919s] INFO:colcon.colcon_ros.task.ament_cmake.build:Building ROS package in '/home/shreya/ros2_ws/src/object_avoidance' with build type 'ament_cmake'
[0.919s] INFO:colcon.colcon_cmake.task.cmake.build:Building CMake package in '/home/shreya/ros2_ws/src/object_avoidance'
[0.919s] INFO:colcon.colcon_core.shell:Skip shell extension 'powershell' for command environment: Not usable outside of PowerShell
[0.919s] DEBUG:colcon.colcon_core.shell:Skip shell extension 'dsv' for command environment
[1.119s] INFO:colcon.colcon_core.task.python.build:Building Python package in '/home/shreya/ros2_ws/src/arduino_comm'
[1.119s] INFO:colcon.colcon_core.shell:Skip shell extension 'powershell' for command environment: Not usable outside of PowerShell
[1.119s] DEBUG:colcon.colcon_core.shell:Skip shell extension 'dsv' for command environment
[1.128s] DEBUG:colcon.colcon_core.event_handler.log_command:Invoking command in '/home/shreya/ros2_ws/build/object_avoidance': CMAKE_PREFIX_PATH=/opt/ros/humble /usr/bin/cmake --build /home/shreya/ros2_ws/build/object_avoidance -- -j2 -l2
[1.303s] DEBUG:colcon.colcon_core.event_handler.log_command:Invoked command in '/home/shreya/ros2_ws/build/object_avoidance' returned '0': CMAKE_PREFIX_PATH=/opt/ros/humble /usr/bin/cmake --build /home/shreya/ros2_ws/build/object_avoidance -- -j2 -l2
[1.321s] DEBUG:colcon.colcon_core.event_handler.log_command:Invoking command in '/home/shreya/ros2_ws/build/object_avoidance': CMAKE_PREFIX_PATH=/opt/ros/humble /usr/bin/cmake --install /home/shreya/ros2_ws/build/object_avoidance
[1.348s] Level 1:colcon.colcon_core.environment:create_environment_scripts_only(object_avoidance)
[1.348s] DEBUG:colcon.colcon_core.event_handler.log_command:Invoked command in '/home/shreya/ros2_ws/build/object_avoidance' returned '0': CMAKE_PREFIX_PATH=/opt/ros/humble /usr/bin/cmake --install /home/shreya/ros2_ws/build/object_avoidance
[1.370s] Level 1:colcon.colcon_core.environment:checking '/home/shreya/ros2_ws/install/object_avoidance' for CMake module files
[1.370s] Level 1:colcon.colcon_core.environment:checking '/home/shreya/ros2_ws/install/object_avoidance' for CMake config files
[1.372s] Level 1:colcon.colcon_core.shell:create_environment_hook('object_avoidance', 'cmake_prefix_path')
[1.372s] INFO:colcon.colcon_core.shell:Creating environment hook '/home/shreya/ros2_ws/install/object_avoidance/share/object_avoidance/hook/cmake_prefix_path.ps1'
[1.373s] INFO:colcon.colcon_core.shell:Creating environment descriptor '/home/shreya/ros2_ws/install/object_avoidance/share/object_avoidance/hook/cmake_prefix_path.dsv'
[1.374s] INFO:colcon.colcon_core.shell:Creating environment hook '/home/shreya/ros2_ws/install/object_avoidance/share/object_avoidance/hook/cmake_prefix_path.sh'
[1.375s] Level 1:colcon.colcon_core.environment:checking '/home/shreya/ros2_ws/install/object_avoidance/lib'
[1.375s] Level 1:colcon.colcon_core.environment:checking '/home/shreya/ros2_ws/install/object_avoidance/bin'
[1.375s] Level 1:colcon.colcon_core.environment:checking '/home/shreya/ros2_ws/install/object_avoidance/lib/pkgconfig/object_avoidance.pc'
[1.375s] Level 1:colcon.colcon_core.environment:checking '/home/shreya/ros2_ws/install/object_avoidance/lib/python3.10/site-packages'
[1.375s] Level 1:colcon.colcon_core.environment:checking '/home/shreya/ros2_ws/install/object_avoidance/bin'
[1.375s] INFO:colcon.colcon_core.shell:Creating package script '/home/shreya/ros2_ws/install/object_avoidance/share/object_avoidance/package.ps1'
[1.377s] INFO:colcon.colcon_core.shell:Creating package descriptor '/home/shreya/ros2_ws/install/object_avoidance/share/object_avoidance/package.dsv'
[1.378s] INFO:colcon.colcon_core.shell:Creating package script '/home/shreya/ros2_ws/install/object_avoidance/share/object_avoidance/package.sh'
[1.379s] INFO:colcon.colcon_core.shell:Creating package script '/home/shreya/ros2_ws/install/object_avoidance/share/object_avoidance/package.bash'
[1.381s] INFO:colcon.colcon_core.shell:Creating package script '/home/shreya/ros2_ws/install/object_avoidance/share/object_avoidance/package.zsh'
[1.383s] Level 1:colcon.colcon_core.environment:create_file_with_runtime_dependencies(/home/shreya/ros2_ws/install/object_avoidance/share/colcon-core/packages/object_avoidance)
[1.384s] Level 1:colcon.colcon_core.environment:create_environment_scripts_only(object_avoidance)
[1.384s] Level 1:colcon.colcon_core.environment:checking '/home/shreya/ros2_ws/install/object_avoidance' for CMake module files
[1.384s] Level 1:colcon.colcon_core.environment:checking '/home/shreya/ros2_ws/install/object_avoidance' for CMake config files
[1.384s] Level 1:colcon.colcon_core.shell:create_environment_hook('object_avoidance', 'cmake_prefix_path')
[1.385s] INFO:colcon.colcon_core.shell:Creating environment hook '/home/shreya/ros2_ws/install/object_avoidance/share/object_avoidance/hook/cmake_prefix_path.ps1'
[1.385s] INFO:colcon.colcon_core.shell:Creating environment descriptor '/home/shreya/ros2_ws/install/object_avoidance/share/object_avoidance/hook/cmake_prefix_path.dsv'
[1.385s] INFO:colcon.colcon_core.shell:Creating environment hook '/home/shreya/ros2_ws/install/object_avoidance/share/object_avoidance/hook/cmake_prefix_path.sh'
[1.386s] Level 1:colcon.colcon_core.environment:checking '/home/shreya/ros2_ws/install/object_avoidance/lib'
[1.386s] Level 1:colcon.colcon_core.environment:checking '/home/shreya/ros2_ws/install/object_avoidance/bin'
[1.386s] Level 1:colcon.colcon_core.environment:checking '/home/shreya/ros2_ws/install/object_avoidance/lib/pkgconfig/object_avoidance.pc'
[1.386s] Level 1:colcon.colcon_core.environment:checking '/home/shreya/ros2_ws/install/object_avoidance/lib/python3.10/site-packages'
[1.387s] Level 1:colcon.colcon_core.environment:checking '/home/shreya/ros2_ws/install/object_avoidance/bin'
[1.387s] INFO:colcon.colcon_core.shell:Creating package script '/home/shreya/ros2_ws/install/object_avoidance/share/object_avoidance/package.ps1'
[1.387s] INFO:colcon.colcon_core.shell:Creating package descriptor '/home/shreya/ros2_ws/install/object_avoidance/share/object_avoidance/package.dsv'
[1.388s] INFO:colcon.colcon_core.shell:Creating package script '/home/shreya/ros2_ws/install/object_avoidance/share/object_avoidance/package.sh'
[1.389s] INFO:colcon.colcon_core.shell:Creating package script '/home/shreya/ros2_ws/install/object_avoidance/share/object_avoidance/package.bash'
[1.389s] INFO:colcon.colcon_core.shell:Creating package script '/home/shreya/ros2_ws/install/object_avoidance/share/object_avoidance/package.zsh'
[1.389s] Level 1:colcon.colcon_core.environment:create_file_with_runtime_dependencies(/home/shreya/ros2_ws/install/object_avoidance/share/colcon-core/packages/object_avoidance)
[1.390s] INFO:colcon.colcon_ros.task.ament_python.build:Building ROS package in '/home/shreya/ros2_ws/src/serial_distance' with build type 'ament_python'
[1.390s] Level 1:colcon.colcon_core.shell:create_environment_hook('serial_distance', 'ament_prefix_path')
[1.390s] INFO:colcon.colcon_core.shell:Creating environment hook '/home/shreya/ros2_ws/install/serial_distance/share/serial_distance/hook/ament_prefix_path.ps1'
[1.394s] INFO:colcon.colcon_core.shell:Creating environment descriptor '/home/shreya/ros2_ws/install/serial_distance/share/serial_distance/hook/ament_prefix_path.dsv'
[1.394s] INFO:colcon.colcon_core.shell:Creating environment hook '/home/shreya/ros2_ws/install/serial_distance/share/serial_distance/hook/ament_prefix_path.sh'
[1.395s] INFO:colcon.colcon_core.shell:Skip shell extension 'powershell' for command environment: Not usable outside of PowerShell
[1.395s] DEBUG:colcon.colcon_core.shell:Skip shell extension 'dsv' for command environment
[1.621s] WARNING:colcon.colcon_ros.task.ament_python.build:Package 'serial_distance' doesn't explicitly install a marker in the package index (colcon-ros currently does it implicitly but that fallback will be removed in the future)
[1.627s] WARNING:colcon.colcon_ros.task.ament_python.build:Package 'serial_distance' doesn't explicitly install the 'package.xml' file (colcon-ros currently does it implicitly but that fallback will be removed in the future)
[1.627s] INFO:colcon.colcon_core.task.python.build:Building Python package in '/home/shreya/ros2_ws/src/serial_distance'
[1.628s] INFO:colcon.colcon_core.shell:Skip shell extension 'powershell' for command environment: Not usable outside of PowerShell
[1.628s] DEBUG:colcon.colcon_core.shell:Skip shell extension 'dsv' for command environment
[1.641s] DEBUG:colcon.colcon_core.event_handler.log_command:Invoking command in '/home/shreya/ros2_ws/src/arduino_comm': PYTHONPATH=/home/shreya/ros2_ws/build/arduino_comm/prefix_override:/usr/lib/python3/dist-packages/colcon_core/task/python/colcon_distutils_commands:/home/shreya/ros2_ws/install/arduino_comm/lib/python3.10/site-packages:${PYTHONPATH} /usr/bin/python3 -W ignore:setup.py install is deprecated -W ignore:easy_install command is deprecated setup.py egg_info --egg-base ../../build/arduino_comm build --build-base /home/shreya/ros2_ws/build/arduino_comm/build install --record /home/shreya/ros2_ws/build/arduino_comm/install.log --single-version-externally-managed install_data
[1.871s] Level 1:colcon.colcon_core.environment:checking '/home/shreya/ros2_ws/install/arduino_comm' for CMake module files
[1.871s] DEBUG:colcon.colcon_core.event_handler.log_command:Invoked command in '/home/shreya/ros2_ws/src/arduino_comm' returned '0': PYTHONPATH=/home/shreya/ros2_ws/build/arduino_comm/prefix_override:/usr/lib/python3/dist-packages/colcon_core/task/python/colcon_distutils_commands:/home/shreya/ros2_ws/install/arduino_comm/lib/python3.10/site-packages:${PYTHONPATH} /usr/bin/python3 -W ignore:setup.py install is deprecated -W ignore:easy_install command is deprecated setup.py egg_info --egg-base ../../build/arduino_comm build --build-base /home/shreya/ros2_ws/build/arduino_comm/build install --record /home/shreya/ros2_ws/build/arduino_comm/install.log --single-version-externally-managed install_data
[1.871s] Level 1:colcon.colcon_core.environment:checking '/home/shreya/ros2_ws/install/arduino_comm' for CMake config files
[1.872s] Level 1:colcon.colcon_core.environment:checking '/home/shreya/ros2_ws/install/arduino_comm/lib'
[1.872s] Level 1:colcon.colcon_core.environment:checking '/home/shreya/ros2_ws/install/arduino_comm/bin'
[1.872s] Level 1:colcon.colcon_core.environment:checking '/home/shreya/ros2_ws/install/arduino_comm/lib/pkgconfig/arduino_comm.pc'
[1.872s] Level 1:colcon.colcon_core.environment:checking '/home/shreya/ros2_ws/install/arduino_comm/lib/python3.10/site-packages'
[1.872s] Level 1:colcon.colcon_core.shell:create_environment_hook('arduino_comm', 'pythonpath')
[1.872s] INFO:colcon.colcon_core.shell:Creating environment hook '/home/shreya/ros2_ws/install/arduino_comm/share/arduino_comm/hook/pythonpath.ps1'
[1.875s] INFO:colcon.colcon_core.shell:Creating environment descriptor '/home/shreya/ros2_ws/install/arduino_comm/share/arduino_comm/hook/pythonpath.dsv'
[1.876s] INFO:colcon.colcon_core.shell:Creating environment hook '/home/shreya/ros2_ws/install/arduino_comm/share/arduino_comm/hook/pythonpath.sh'
[1.877s] Level 1:colcon.colcon_core.environment:checking '/home/shreya/ros2_ws/install/arduino_comm/bin'
[1.877s] Level 1:colcon.colcon_core.environment:create_environment_scripts_only(arduino_comm)
[1.877s] INFO:colcon.colcon_core.shell:Creating package script '/home/shreya/ros2_ws/install/arduino_comm/share/arduino_comm/package.ps1'
[1.877s] INFO:colcon.colcon_core.shell:Creating package descriptor '/home/shreya/ros2_ws/install/arduino_comm/share/arduino_comm/package.dsv'
[1.878s] INFO:colcon.colcon_core.shell:Creating package script '/home/shreya/ros2_ws/install/arduino_comm/share/arduino_comm/package.sh'
[1.878s] INFO:colcon.colcon_core.shell:Creating package script '/home/shreya/ros2_ws/install/arduino_comm/share/arduino_comm/package.bash'
[1.878s] INFO:colcon.colcon_core.shell:Creating package script '/home/shreya/ros2_ws/install/arduino_comm/share/arduino_comm/package.zsh'
[1.878s] Level 1:colcon.colcon_core.environment:create_file_with_runtime_dependencies(/home/shreya/ros2_ws/install/arduino_comm/share/colcon-core/packages/arduino_comm)
[1.879s] INFO:colcon.colcon_ros.task.ament_python.build:Building ROS package in '/home/shreya/ros2_ws/src/sim_avoidance' with build type 'ament_python'
[1.879s] Level 1:colcon.colcon_core.shell:create_environment_hook('sim_avoidance', 'ament_prefix_path')
[1.879s] INFO:colcon.colcon_core.shell:Creating environment hook '/home/shreya/ros2_ws/install/sim_avoidance/share/sim_avoidance/hook/ament_prefix_path.ps1'
[1.890s] INFO:colcon.colcon_core.shell:Creating environment descriptor '/home/shreya/ros2_ws/install/sim_avoidance/share/sim_avoidance/hook/ament_prefix_path.dsv'
[1.890s] INFO:colcon.colcon_core.shell:Creating environment hook '/home/shreya/ros2_ws/install/sim_avoidance/share/sim_avoidance/hook/ament_prefix_path.sh'
[1.891s] INFO:colcon.colcon_core.shell:Skip shell extension 'powershell' for command environment: Not usable outside of PowerShell
[1.891s] DEBUG:colcon.colcon_core.shell:Skip shell extension 'dsv' for command environment
[1.899s] DEBUG:colcon.colcon_core.event_handler.log_command:Invoking command in '/home/shreya/ros2_ws/src/serial_distance': PYTHONPATH=/home/shreya/ros2_ws/build/serial_distance/prefix_override:/usr/lib/python3/dist-packages/colcon_core/task/python/colcon_distutils_commands:/home/shreya/ros2_ws/install/serial_distance/lib/python3.10/site-packages:${PYTHONPATH} /usr/bin/python3 -W ignore:setup.py install is deprecated -W ignore:easy_install command is deprecated setup.py egg_info --egg-base ../../build/serial_distance build --build-base /home/shreya/ros2_ws/build/serial_distance/build install --record /home/shreya/ros2_ws/build/serial_distance/install.log --single-version-externally-managed
[2.117s] INFO:colcon.colcon_core.task.python.build:Building Python package in '/home/shreya/ros2_ws/src/sim_avoidance'
[2.117s] INFO:colcon.colcon_core.shell:Skip shell extension 'powershell' for command environment: Not usable outside of PowerShell
[2.117s] DEBUG:colcon.colcon_core.shell:Skip shell extension 'dsv' for command environment
[2.134s] Level 1:colcon.colcon_core.environment:checking '/home/shreya/ros2_ws/install/serial_distance' for CMake module files
[2.134s] Level 1:colcon.colcon_core.environment:checking '/home/shreya/ros2_ws/install/serial_distance' for CMake config files
[2.135s] DEBUG:colcon.colcon_core.event_handler.log_command:Invoked command in '/home/shreya/ros2_ws/src/serial_distance' returned '0': PYTHONPATH=/home/shreya/ros2_ws/build/serial_distance/prefix_override:/usr/lib/python3/dist-packages/colcon_core/task/python/colcon_distutils_commands:/home/shreya/ros2_ws/install/serial_distance/lib/python3.10/site-packages:${PYTHONPATH} /usr/bin/python3 -W ignore:setup.py install is deprecated -W ignore:easy_install command is deprecated setup.py egg_info --egg-base ../../build/serial_distance build --build-base /home/shreya/ros2_ws/build/serial_distance/build install --record /home/shreya/ros2_ws/build/serial_distance/install.log --single-version-externally-managed
[2.137s] Level 1:colcon.colcon_core.environment:checking '/home/shreya/ros2_ws/install/serial_distance/lib'
[2.137s] Level 1:colcon.colcon_core.environment:checking '/home/shreya/ros2_ws/install/serial_distance/bin'
[2.137s] Level 1:colcon.colcon_core.environment:checking '/home/shreya/ros2_ws/install/serial_distance/lib/pkgconfig/serial_distance.pc'
[2.137s] Level 1:colcon.colcon_core.environment:checking '/home/shreya/ros2_ws/install/serial_distance/lib/python3.10/site-packages'
[2.137s] Level 1:colcon.colcon_core.shell:create_environment_hook('serial_distance', 'pythonpath')
[2.137s] INFO:colcon.colcon_core.shell:Creating environment hook '/home/shreya/ros2_ws/install/serial_distance/share/serial_distance/hook/pythonpath.ps1'
[2.138s] INFO:colcon.colcon_core.shell:Creating environment descriptor '/home/shreya/ros2_ws/install/serial_distance/share/serial_distance/hook/pythonpath.dsv'
[2.139s] INFO:colcon.colcon_core.shell:Creating environment hook '/home/shreya/ros2_ws/install/serial_distance/share/serial_distance/hook/pythonpath.sh'
[2.139s] Level 1:colcon.colcon_core.environment:checking '/home/shreya/ros2_ws/install/serial_distance/bin'
[2.140s] Level 1:colcon.colcon_core.environment:create_environment_scripts_only(serial_distance)
[2.140s] INFO:colcon.colcon_core.shell:Creating package script '/home/shreya/ros2_ws/install/serial_distance/share/serial_distance/package.ps1'
[2.140s] INFO:colcon.colcon_core.shell:Creating package descriptor '/home/shreya/ros2_ws/install/serial_distance/share/serial_distance/package.dsv'
[2.141s] INFO:colcon.colcon_core.shell:Creating package script '/home/shreya/ros2_ws/install/serial_distance/share/serial_distance/package.sh'
[2.141s] INFO:colcon.colcon_core.shell:Creating package script '/home/shreya/ros2_ws/install/serial_distance/share/serial_distance/package.bash'
[2.142s] INFO:colcon.colcon_core.shell:Creating package script '/home/shreya/ros2_ws/install/serial_distance/share/serial_distance/package.zsh'
[2.142s] Level 1:colcon.colcon_core.environment:create_file_with_runtime_dependencies(/home/shreya/ros2_ws/install/serial_distance/share/colcon-core/packages/serial_distance)
[2.373s] DEBUG:colcon.colcon_core.event_handler.log_command:Invoking command in '/home/shreya/ros2_ws/src/sim_avoidance': PYTHONPATH=/home/shreya/ros2_ws/build/sim_avoidance/prefix_override:/usr/lib/python3/dist-packages/colcon_core/task/python/colcon_distutils_commands:/home/shreya/ros2_ws/install/sim_avoidance/lib/python3.10/site-packages:${PYTHONPATH} /usr/bin/python3 -W ignore:setup.py install is deprecated -W ignore:easy_install command is deprecated setup.py egg_info --egg-base ../../build/sim_avoidance build --build-base /home/shreya/ros2_ws/build/sim_avoidance/build install --record /home/shreya/ros2_ws/build/sim_avoidance/install.log --single-version-externally-managed install_data
[2.584s] Level 1:colcon.colcon_core.environment:checking '/home/shreya/ros2_ws/install/sim_avoidance' for CMake module files
[2.584s] Level 1:colcon.colcon_core.environment:checking '/home/shreya/ros2_ws/install/sim_avoidance' for CMake config files
[2.584s] DEBUG:colcon.colcon_core.event_handler.log_command:Invoked command in '/home/shreya/ros2_ws/src/sim_avoidance' returned '0': PYTHONPATH=/home/shreya/ros2_ws/build/sim_avoidance/prefix_override:/usr/lib/python3/dist-packages/colcon_core/task/python/colcon_distutils_commands:/home/shreya/ros2_ws/install/sim_avoidance/lib/python3.10/site-packages:${PYTHONPATH} /usr/bin/python3 -W ignore:setup.py install is deprecated -W ignore:easy_install command is deprecated setup.py egg_info --egg-base ../../build/sim_avoidance build --build-base /home/shreya/ros2_ws/build/sim_avoidance/build install --record /home/shreya/ros2_ws/build/sim_avoidance/install.log --single-version-externally-managed install_data
[2.587s] Level 1:colcon.colcon_core.environment:checking '/home/shreya/ros2_ws/install/sim_avoidance/lib'
[2.587s] Level 1:colcon.colcon_core.environment:checking '/home/shreya/ros2_ws/install/sim_avoidance/bin'
[2.587s] Level 1:colcon.colcon_core.environment:checking '/home/shreya/ros2_ws/install/sim_avoidance/lib/pkgconfig/sim_avoidance.pc'
[2.587s] Level 1:colcon.colcon_core.environment:checking '/home/shreya/ros2_ws/install/sim_avoidance/lib/python3.10/site-packages'
[2.587s] Level 1:colcon.colcon_core.shell:create_environment_hook('sim_avoidance', 'pythonpath')
[2.588s] INFO:colcon.colcon_core.shell:Creating environment hook '/home/shreya/ros2_ws/install/sim_avoidance/share/sim_avoidance/hook/pythonpath.ps1'
[2.588s] INFO:colcon.colcon_core.shell:Creating environment descriptor '/home/shreya/ros2_ws/install/sim_avoidance/share/sim_avoidance/hook/pythonpath.dsv'
[2.589s] INFO:colcon.colcon_core.shell:Creating environment hook '/home/shreya/ros2_ws/install/sim_avoidance/share/sim_avoidance/hook/pythonpath.sh'
[2.590s] Level 1:colcon.colcon_core.environment:checking '/home/shreya/ros2_ws/install/sim_avoidance/bin'
[2.590s] Level 1:colcon.colcon_core.environment:create_environment_scripts_only(sim_avoidance)
[2.590s] INFO:colcon.colcon_core.shell:Creating package script '/home/shreya/ros2_ws/install/sim_avoidance/share/sim_avoidance/package.ps1'
[2.591s] INFO:colcon.colcon_core.shell:Creating package descriptor '/home/shreya/ros2_ws/install/sim_avoidance/share/sim_avoidance/package.dsv'
[2.591s] INFO:colcon.colcon_core.shell:Creating package script '/home/shreya/ros2_ws/install/sim_avoidance/share/sim_avoidance/package.sh'
[2.592s] INFO:colcon.colcon_core.shell:Creating package script '/home/shreya/ros2_ws/install/sim_avoidance/share/sim_avoidance/package.bash'
[2.593s] INFO:colcon.colcon_core.shell:Creating package script '/home/shreya/ros2_ws/install/sim_avoidance/share/sim_avoidance/package.zsh'
[2.593s] Level 1:colcon.colcon_core.environment:create_file_with_runtime_dependencies(/home/shreya/ros2_ws/install/sim_avoidance/share/colcon-core/packages/sim_avoidance)
[2.595s] DEBUG:colcon.colcon_parallel_executor.executor.parallel:closing loop
[2.595s] DEBUG:colcon.colcon_parallel_executor.executor.parallel:loop closed
[2.595s] DEBUG:colcon.colcon_parallel_executor.executor.parallel:run_until_complete finished with '0'
[2.595s] DEBUG:colcon.colcon_core.event_reactor:joining thread
[2.614s] INFO:colcon.colcon_core.plugin_system:Skipping extension 'colcon_notification.desktop_notification.terminal_notifier': Not used on non-Darwin systems
[2.614s] INFO:colcon.colcon_core.plugin_system:Skipping extension 'colcon_notification.desktop_notification.win32': Not used on non-Windows systems
[2.614s] INFO:colcon.colcon_notification.desktop_notification:Sending desktop notification using 'notify2'
[2.633s] DEBUG:colcon.colcon_core.event_reactor:joined thread
[2.634s] INFO:colcon.colcon_core.shell:Creating prefix script '/home/shreya/ros2_ws/install/local_setup.ps1'
[2.638s] INFO:colcon.colcon_core.shell:Creating prefix util module '/home/shreya/ros2_ws/install/_local_setup_util_ps1.py'
[2.652s] INFO:colcon.colcon_core.shell:Creating prefix chain script '/home/shreya/ros2_ws/install/setup.ps1'
[2.654s] INFO:colcon.colcon_core.shell:Creating prefix script '/home/shreya/ros2_ws/install/local_setup.sh'
[2.656s] INFO:colcon.colcon_core.shell:Creating prefix util module '/home/shreya/ros2_ws/install/_local_setup_util_sh.py'
[2.657s] INFO:colcon.colcon_core.shell:Creating prefix chain script '/home/shreya/ros2_ws/install/setup.sh'
[2.659s] INFO:colcon.colcon_core.shell:Creating prefix script '/home/shreya/ros2_ws/install/local_setup.bash'
[2.660s] INFO:colcon.colcon_core.shell:Creating prefix chain script '/home/shreya/ros2_ws/install/setup.bash'
[2.672s] INFO:colcon.colcon_core.shell:Creating prefix script '/home/shreya/ros2_ws/install/local_setup.zsh'
[2.674s] INFO:colcon.colcon_core.shell:Creating prefix chain script '/home/shreya/ros2_ws/install/setup.zsh'
