[0.550s] Invoking command in '/home/shreya/ros2_ws/src/serial_distance': PYTHONPATH=/home/shreya/ros2_ws/build/serial_distance/prefix_override:/usr/lib/python3/dist-packages/colcon_core/task/python/colcon_distutils_commands:/home/shreya/ros2_ws/install/serial_distance/lib/python3.10/site-packages:${PYTHONPATH} /usr/bin/python3 -W ignore:setup.py install is deprecated -W ignore:easy_install command is deprecated setup.py egg_info --egg-base ../../build/serial_distance build --build-base /home/shreya/ros2_ws/build/serial_distance/build install --record /home/shreya/ros2_ws/build/serial_distance/install.log --single-version-externally-managed
[0.754s] running egg_info
[0.755s] writing ../../build/serial_distance/serial_distance.egg-info/PKG-INFO
[0.757s] writing dependency_links to ../../build/serial_distance/serial_distance.egg-info/dependency_links.txt
[0.757s] writing entry points to ../../build/serial_distance/serial_distance.egg-info/entry_points.txt
[0.757s] writing requirements to ../../build/serial_distance/serial_distance.egg-info/requires.txt
[0.758s] writing top-level names to ../../build/serial_distance/serial_distance.egg-info/top_level.txt
[0.759s] reading manifest file '../../build/serial_distance/serial_distance.egg-info/SOURCES.txt'
[0.760s] writing manifest file '../../build/serial_distance/serial_distance.egg-info/SOURCES.txt'
[0.761s] running build
[0.766s] running build_py
[0.766s] running install
[0.766s] running install_lib
[0.766s] running install_egg_info
[0.766s] removing '/home/shreya/ros2_ws/install/serial_distance/lib/python3.10/site-packages/serial_distance-0.0.0-py3.10.egg-info' (and everything under it)
[0.766s] Copying ../../build/serial_distance/serial_distance.egg-info to /home/shreya/ros2_ws/install/serial_distance/lib/python3.10/site-packages/serial_distance-0.0.0-py3.10.egg-info
[0.768s] running install_scripts
[0.789s] Installing distance_publisher script to /home/shreya/ros2_ws/install/serial_distance/lib/serial_distance
[0.792s] writing list of installed files to '/home/shreya/ros2_ws/build/serial_distance/install.log'
[0.827s] Invoked command in '/home/shreya/ros2_ws/src/serial_distance' returned '0': PYTHONPATH=/home/shreya/ros2_ws/build/serial_distance/prefix_override:/usr/lib/python3/dist-packages/colcon_core/task/python/colcon_distutils_commands:/home/shreya/ros2_ws/install/serial_distance/lib/python3.10/site-packages:${PYTHONPATH} /usr/bin/python3 -W ignore:setup.py install is deprecated -W ignore:easy_install command is deprecated setup.py egg_info --egg-base ../../build/serial_distance build --build-base /home/shreya/ros2_ws/build/serial_distance/build install --record /home/shreya/ros2_ws/build/serial_distance/install.log --single-version-externally-managed
