[0.044s] Invoking command in '/home/shreya/ros2_ws/build/object_avoidance': CMAKE_PREFIX_PATH=${CMAKE_PREFIX_PATH}:/home/shreya/ros2_ws/install/sim_avoidance:/home/shreya/ros2_ws/install/serial_distance:/opt/ros/humble /usr/bin/cmake --build /home/shreya/ros2_ws/build/object_avoidance -- -j2 -l2
[0.074s] -- Found ament_cmake: 1.3.11 (/opt/ros/humble/share/ament_cmake/cmake)
[0.292s] -- Found ament_lint_auto: 0.12.12 (/opt/ros/humble/share/ament_lint_auto/cmake)
[0.354s] -- Added test 'flake8' to check Python code syntax and style conventions
[0.354s] -- Added test 'lint_cmake' to check CMake code style
[0.354s] -- Added test 'pep257' to check Python code against some of the docstring style conventions in PEP 257
[0.354s] -- Added test 'xmllint' to check XML markup files
[0.354s] -- Configuring done
[0.363s] -- Generating done
[0.369s] -- Build files have been written to: /home/shreya/ros2_ws/build/object_avoidance
[0.392s] Invoked command in '/home/shreya/ros2_ws/build/object_avoidance' returned '0': CMAKE_PREFIX_PATH=${CMAKE_PREFIX_PATH}:/home/shreya/ros2_ws/install/sim_avoidance:/home/shreya/ros2_ws/install/serial_distance:/opt/ros/humble /usr/bin/cmake --build /home/shreya/ros2_ws/build/object_avoidance -- -j2 -l2
[0.420s] Invoking command in '/home/shreya/ros2_ws/build/object_avoidance': CMAKE_PREFIX_PATH=${CMAKE_PREFIX_PATH}:/home/shreya/ros2_ws/install/sim_avoidance:/home/shreya/ros2_ws/install/serial_distance:/opt/ros/humble /usr/bin/cmake --install /home/shreya/ros2_ws/build/object_avoidance
[0.422s] -- Install configuration: ""
[0.423s] -- Installing: /home/shreya/ros2_ws/install/object_avoidance/share/ament_index/resource_index/package_run_dependencies/object_avoidance
[0.423s] -- Installing: /home/shreya/ros2_ws/install/object_avoidance/share/ament_index/resource_index/parent_prefix_path/object_avoidance
[0.423s] -- Up-to-date: /home/shreya/ros2_ws/install/object_avoidance/share/object_avoidance/environment/ament_prefix_path.sh
[0.423s] -- Installing: /home/shreya/ros2_ws/install/object_avoidance/share/object_avoidance/environment/ament_prefix_path.dsv
[0.423s] -- Up-to-date: /home/shreya/ros2_ws/install/object_avoidance/share/object_avoidance/environment/path.sh
[0.423s] -- Installing: /home/shreya/ros2_ws/install/object_avoidance/share/object_avoidance/environment/path.dsv
[0.423s] -- Up-to-date: /home/shreya/ros2_ws/install/object_avoidance/share/object_avoidance/local_setup.bash
[0.430s] -- Up-to-date: /home/shreya/ros2_ws/install/object_avoidance/share/object_avoidance/local_setup.sh
[0.430s] -- Up-to-date: /home/shreya/ros2_ws/install/object_avoidance/share/object_avoidance/local_setup.zsh
[0.430s] -- Installing: /home/shreya/ros2_ws/install/object_avoidance/share/object_avoidance/local_setup.dsv
[0.430s] -- Installing: /home/shreya/ros2_ws/install/object_avoidance/share/object_avoidance/package.dsv
[0.430s] -- Up-to-date: /home/shreya/ros2_ws/install/object_avoidance/share/ament_index/resource_index/packages/object_avoidance
[0.430s] -- Up-to-date: /home/shreya/ros2_ws/install/object_avoidance/share/object_avoidance/cmake/object_avoidanceConfig.cmake
[0.430s] -- Up-to-date: /home/shreya/ros2_ws/install/object_avoidance/share/object_avoidance/cmake/object_avoidanceConfig-version.cmake
[0.430s] -- Installing: /home/shreya/ros2_ws/install/object_avoidance/share/object_avoidance/package.xml
[0.430s] -- Installing: /home/shreya/ros2_ws/install/object_avoidance/lib/object_avoidance/arduino_serial_node.py
[0.430s] Invoked command in '/home/shreya/ros2_ws/build/object_avoidance' returned '0': CMAKE_PREFIX_PATH=${CMAKE_PREFIX_PATH}:/home/shreya/ros2_ws/install/sim_avoidance:/home/shreya/ros2_ws/install/serial_distance:/opt/ros/humble /usr/bin/cmake --install /home/shreya/ros2_ws/build/object_avoidance
