[0.298s] DEBUG:colcon:Command line arguments: ['/usr/bin/colcon', 'build', '--symlink-install']
[0.298s] DEBUG:colcon:Parsed command line arguments: Namespace(log_base=None, log_level=None, verb_name='build', build_base='build', install_base='install', merge_install=False, symlink_install=True, test_result_base=None, continue_on_error=False, executor='parallel', parallel_workers=2, event_handlers=None, ignore_user_meta=False, metas=['./colcon.meta'], base_paths=['.'], packages_ignore=None, packages_ignore_regex=None, paths=None, packages_up_to=None, packages_up_to_regex=None, packages_above=None, packages_above_and_dependencies=None, packages_above_depth=None, packages_select_by_dep=None, packages_skip_by_dep=None, packages_skip_up_to=None, packages_select_build_failed=False, packages_skip_build_finished=False, packages_select_test_failures=False, packages_skip_test_passed=False, packages_select=None, packages_skip=None, packages_select_regex=None, packages_skip_regex=None, packages_start=None, packages_end=None, allow_overriding=[], cmake_args=None, cmake_target=None, cmake_target_skip_unavailable=False, cmake_clean_cache=False, cmake_clean_first=False, cmake_force_configure=False, ament_cmake_args=None, catkin_cmake_args=None, catkin_skip_building_tests=False, verb_parser=<colcon_defaults.argument_parser.defaults.DefaultArgumentsDecorator object at 0x7cf62c91b2b0>, verb_extension=<colcon_core.verb.build.BuildVerb object at 0x7cf62cad4bb0>, main=<bound method BuildVerb.main of <colcon_core.verb.build.BuildVerb object at 0x7cf62cad4bb0>>)
[0.720s] Level 1:colcon.colcon_core.package_discovery:discover_packages(colcon_meta) check parameters
[0.720s] Level 1:colcon.colcon_core.package_discovery:discover_packages(recursive) check parameters
[0.720s] Level 1:colcon.colcon_core.package_discovery:discover_packages(ignore) check parameters
[0.720s] Level 1:colcon.colcon_core.package_discovery:discover_packages(path) check parameters
[0.720s] Level 1:colcon.colcon_core.package_discovery:discover_packages(colcon_meta) discover
[0.720s] Level 1:colcon.colcon_core.package_discovery:discover_packages(recursive) discover
[0.720s] INFO:colcon.colcon_core.package_discovery:Crawling recursively for packages in '/home/shreya/ros2_ws'
[0.720s] Level 1:colcon.colcon_core.package_identification:_identify(.) by extensions ['ignore', 'ignore_ament_install']
[0.720s] Level 1:colcon.colcon_core.package_identification:_identify(.) by extension 'ignore'
[0.720s] Level 1:colcon.colcon_core.package_identification:_identify(.) by extension 'ignore_ament_install'
[0.720s] Level 1:colcon.colcon_core.package_identification:_identify(.) by extensions ['colcon_pkg']
[0.721s] Level 1:colcon.colcon_core.package_identification:_identify(.) by extension 'colcon_pkg'
[0.721s] Level 1:colcon.colcon_core.package_identification:_identify(.) by extensions ['colcon_meta']
[0.721s] Level 1:colcon.colcon_core.package_identification:_identify(.) by extension 'colcon_meta'
[0.721s] Level 1:colcon.colcon_core.package_identification:_identify(.) by extensions ['ros']
[0.721s] Level 1:colcon.colcon_core.package_identification:_identify(.) by extension 'ros'
[0.730s] Level 1:colcon.colcon_core.package_identification:_identify(.) by extensions ['cmake', 'python']
[0.730s] Level 1:colcon.colcon_core.package_identification:_identify(.) by extension 'cmake'
[0.730s] Level 1:colcon.colcon_core.package_identification:_identify(.) by extension 'python'
[0.730s] Level 1:colcon.colcon_core.package_identification:_identify(.) by extensions ['python_setup_py']
[0.730s] Level 1:colcon.colcon_core.package_identification:_identify(.) by extension 'python_setup_py'
[0.730s] Level 1:colcon.colcon_core.package_identification:_identify(build) by extensions ['ignore', 'ignore_ament_install']
[0.730s] Level 1:colcon.colcon_core.package_identification:_identify(build) by extension 'ignore'
[0.730s] Level 1:colcon.colcon_core.package_identification:_identify(build) ignored
[0.730s] Level 1:colcon.colcon_core.package_identification:_identify(install) by extensions ['ignore', 'ignore_ament_install']
[0.730s] Level 1:colcon.colcon_core.package_identification:_identify(install) by extension 'ignore'
[0.730s] Level 1:colcon.colcon_core.package_identification:_identify(install) ignored
[0.731s] Level 1:colcon.colcon_core.package_identification:_identify(log) by extensions ['ignore', 'ignore_ament_install']
[0.731s] Level 1:colcon.colcon_core.package_identification:_identify(log) by extension 'ignore'
[0.731s] Level 1:colcon.colcon_core.package_identification:_identify(log) ignored
[0.731s] Level 1:colcon.colcon_core.package_identification:_identify(src) by extensions ['ignore', 'ignore_ament_install']
[0.731s] Level 1:colcon.colcon_core.package_identification:_identify(src) by extension 'ignore'
[0.731s] Level 1:colcon.colcon_core.package_identification:_identify(src) by extension 'ignore_ament_install'
[0.731s] Level 1:colcon.colcon_core.package_identification:_identify(src) by extensions ['colcon_pkg']
[0.731s] Level 1:colcon.colcon_core.package_identification:_identify(src) by extension 'colcon_pkg'
[0.731s] Level 1:colcon.colcon_core.package_identification:_identify(src) by extensions ['colcon_meta']
[0.731s] Level 1:colcon.colcon_core.package_identification:_identify(src) by extension 'colcon_meta'
[0.731s] Level 1:colcon.colcon_core.package_identification:_identify(src) by extensions ['ros']
[0.731s] Level 1:colcon.colcon_core.package_identification:_identify(src) by extension 'ros'
[0.731s] Level 1:colcon.colcon_core.package_identification:_identify(src) by extensions ['cmake', 'python']
[0.731s] Level 1:colcon.colcon_core.package_identification:_identify(src) by extension 'cmake'
[0.731s] Level 1:colcon.colcon_core.package_identification:_identify(src) by extension 'python'
[0.731s] Level 1:colcon.colcon_core.package_identification:_identify(src) by extensions ['python_setup_py']
[0.731s] Level 1:colcon.colcon_core.package_identification:_identify(src) by extension 'python_setup_py'
[0.731s] Level 1:colcon.colcon_core.package_identification:_identify(src/serial_distance) by extensions ['ignore', 'ignore_ament_install']
[0.731s] Level 1:colcon.colcon_core.package_identification:_identify(src/serial_distance) by extension 'ignore'
[0.731s] Level 1:colcon.colcon_core.package_identification:_identify(src/serial_distance) by extension 'ignore_ament_install'
[0.731s] Level 1:colcon.colcon_core.package_identification:_identify(src/serial_distance) by extensions ['colcon_pkg']
[0.731s] Level 1:colcon.colcon_core.package_identification:_identify(src/serial_distance) by extension 'colcon_pkg'
[0.731s] Level 1:colcon.colcon_core.package_identification:_identify(src/serial_distance) by extensions ['colcon_meta']
[0.731s] Level 1:colcon.colcon_core.package_identification:_identify(src/serial_distance) by extension 'colcon_meta'
[0.731s] Level 1:colcon.colcon_core.package_identification:_identify(src/serial_distance) by extensions ['ros']
[0.731s] Level 1:colcon.colcon_core.package_identification:_identify(src/serial_distance) by extension 'ros'
[0.733s] DEBUG:colcon.colcon_core.package_identification:Package 'src/serial_distance' with type 'ros.ament_python' and name 'serial_distance'
[0.733s] Level 1:colcon.colcon_core.package_identification:_identify(src/sim_avoidance) by extensions ['ignore', 'ignore_ament_install']
[0.733s] Level 1:colcon.colcon_core.package_identification:_identify(src/sim_avoidance) by extension 'ignore'
[0.733s] Level 1:colcon.colcon_core.package_identification:_identify(src/sim_avoidance) by extension 'ignore_ament_install'
[0.733s] Level 1:colcon.colcon_core.package_identification:_identify(src/sim_avoidance) by extensions ['colcon_pkg']
[0.733s] Level 1:colcon.colcon_core.package_identification:_identify(src/sim_avoidance) by extension 'colcon_pkg'
[0.733s] Level 1:colcon.colcon_core.package_identification:_identify(src/sim_avoidance) by extensions ['colcon_meta']
[0.733s] Level 1:colcon.colcon_core.package_identification:_identify(src/sim_avoidance) by extension 'colcon_meta'
[0.733s] Level 1:colcon.colcon_core.package_identification:_identify(src/sim_avoidance) by extensions ['ros']
[0.733s] Level 1:colcon.colcon_core.package_identification:_identify(src/sim_avoidance) by extension 'ros'
[0.734s] DEBUG:colcon.colcon_core.package_identification:Package 'src/sim_avoidance' with type 'ros.ament_python' and name 'sim_avoidance'
[0.734s] Level 1:colcon.colcon_core.package_discovery:discover_packages(recursive) using defaults
[0.734s] Level 1:colcon.colcon_core.package_discovery:discover_packages(ignore) discover
[0.734s] Level 1:colcon.colcon_core.package_discovery:discover_packages(ignore) using defaults
[0.734s] Level 1:colcon.colcon_core.package_discovery:discover_packages(path) discover
[0.734s] Level 1:colcon.colcon_core.package_discovery:discover_packages(path) using defaults
[0.785s] Level 1:colcon.colcon_core.package_discovery:discover_packages(prefix_path) check parameters
[0.785s] Level 1:colcon.colcon_core.package_discovery:discover_packages(prefix_path) discover
[0.793s] DEBUG:colcon.colcon_installed_package_information.package_discovery:Found 271 installed packages in /opt/ros/humble
[0.795s] Level 1:colcon.colcon_core.package_discovery:discover_packages(prefix_path) using defaults
[0.833s] Level 5:colcon.colcon_core.verb:set package 'serial_distance' build argument 'cmake_args' from command line to 'None'
[0.833s] Level 5:colcon.colcon_core.verb:set package 'serial_distance' build argument 'cmake_target' from command line to 'None'
[0.833s] Level 5:colcon.colcon_core.verb:set package 'serial_distance' build argument 'cmake_target_skip_unavailable' from command line to 'False'
[0.833s] Level 5:colcon.colcon_core.verb:set package 'serial_distance' build argument 'cmake_clean_cache' from command line to 'False'
[0.833s] Level 5:colcon.colcon_core.verb:set package 'serial_distance' build argument 'cmake_clean_first' from command line to 'False'
[0.833s] Level 5:colcon.colcon_core.verb:set package 'serial_distance' build argument 'cmake_force_configure' from command line to 'False'
[0.833s] Level 5:colcon.colcon_core.verb:set package 'serial_distance' build argument 'ament_cmake_args' from command line to 'None'
[0.833s] Level 5:colcon.colcon_core.verb:set package 'serial_distance' build argument 'catkin_cmake_args' from command line to 'None'
[0.833s] Level 5:colcon.colcon_core.verb:set package 'serial_distance' build argument 'catkin_skip_building_tests' from command line to 'False'
[0.833s] DEBUG:colcon.colcon_core.verb:Building package 'serial_distance' with the following arguments: {'ament_cmake_args': None, 'build_base': '/home/shreya/ros2_ws/build/serial_distance', 'catkin_cmake_args': None, 'catkin_skip_building_tests': False, 'cmake_args': None, 'cmake_clean_cache': False, 'cmake_clean_first': False, 'cmake_force_configure': False, 'cmake_target': None, 'cmake_target_skip_unavailable': False, 'install_base': '/home/shreya/ros2_ws/install/serial_distance', 'merge_install': False, 'path': '/home/shreya/ros2_ws/src/serial_distance', 'symlink_install': True, 'test_result_base': None}
[0.833s] Level 5:colcon.colcon_core.verb:set package 'sim_avoidance' build argument 'cmake_args' from command line to 'None'
[0.833s] Level 5:colcon.colcon_core.verb:set package 'sim_avoidance' build argument 'cmake_target' from command line to 'None'
[0.833s] Level 5:colcon.colcon_core.verb:set package 'sim_avoidance' build argument 'cmake_target_skip_unavailable' from command line to 'False'
[0.833s] Level 5:colcon.colcon_core.verb:set package 'sim_avoidance' build argument 'cmake_clean_cache' from command line to 'False'
[0.833s] Level 5:colcon.colcon_core.verb:set package 'sim_avoidance' build argument 'cmake_clean_first' from command line to 'False'
[0.833s] Level 5:colcon.colcon_core.verb:set package 'sim_avoidance' build argument 'cmake_force_configure' from command line to 'False'
[0.833s] Level 5:colcon.colcon_core.verb:set package 'sim_avoidance' build argument 'ament_cmake_args' from command line to 'None'
[0.833s] Level 5:colcon.colcon_core.verb:set package 'sim_avoidance' build argument 'catkin_cmake_args' from command line to 'None'
[0.833s] Level 5:colcon.colcon_core.verb:set package 'sim_avoidance' build argument 'catkin_skip_building_tests' from command line to 'False'
[0.833s] DEBUG:colcon.colcon_core.verb:Building package 'sim_avoidance' with the following arguments: {'ament_cmake_args': None, 'build_base': '/home/shreya/ros2_ws/build/sim_avoidance', 'catkin_cmake_args': None, 'catkin_skip_building_tests': False, 'cmake_args': None, 'cmake_clean_cache': False, 'cmake_clean_first': False, 'cmake_force_configure': False, 'cmake_target': None, 'cmake_target_skip_unavailable': False, 'install_base': '/home/shreya/ros2_ws/install/sim_avoidance', 'merge_install': False, 'path': '/home/shreya/ros2_ws/src/sim_avoidance', 'symlink_install': True, 'test_result_base': None}
[0.833s] INFO:colcon.colcon_core.executor:Executing jobs using 'parallel' executor
[0.836s] DEBUG:colcon.colcon_parallel_executor.executor.parallel:run_until_complete
[0.836s] INFO:colcon.colcon_ros.task.ament_python.build:Building ROS package in '/home/shreya/ros2_ws/src/serial_distance' with build type 'ament_python'
[0.837s] Level 1:colcon.colcon_core.shell:create_environment_hook('serial_distance', 'ament_prefix_path')
[0.854s] INFO:colcon.colcon_core.plugin_system:Skipping extension 'colcon_core.shell.bat': Not used on non-Windows systems
[0.854s] INFO:colcon.colcon_core.shell:Creating environment hook '/home/shreya/ros2_ws/install/serial_distance/share/serial_distance/hook/ament_prefix_path.ps1'
[0.860s] INFO:colcon.colcon_core.shell:Creating environment descriptor '/home/shreya/ros2_ws/install/serial_distance/share/serial_distance/hook/ament_prefix_path.dsv'
[0.861s] INFO:colcon.colcon_core.shell:Creating environment hook '/home/shreya/ros2_ws/install/serial_distance/share/serial_distance/hook/ament_prefix_path.sh'
[0.863s] INFO:colcon.colcon_core.shell:Skip shell extension 'powershell' for command environment: Not usable outside of PowerShell
[0.863s] DEBUG:colcon.colcon_core.shell:Skip shell extension 'dsv' for command environment
[0.869s] INFO:colcon.colcon_ros.task.ament_python.build:Building ROS package in '/home/shreya/ros2_ws/src/sim_avoidance' with build type 'ament_python'
[0.869s] Level 1:colcon.colcon_core.shell:create_environment_hook('sim_avoidance', 'ament_prefix_path')
[0.870s] INFO:colcon.colcon_core.shell:Creating environment hook '/home/shreya/ros2_ws/install/sim_avoidance/share/sim_avoidance/hook/ament_prefix_path.ps1'
[0.870s] INFO:colcon.colcon_core.shell:Creating environment descriptor '/home/shreya/ros2_ws/install/sim_avoidance/share/sim_avoidance/hook/ament_prefix_path.dsv'
[0.870s] INFO:colcon.colcon_core.shell:Creating environment hook '/home/shreya/ros2_ws/install/sim_avoidance/share/sim_avoidance/hook/ament_prefix_path.sh'
[0.871s] INFO:colcon.colcon_core.shell:Skip shell extension 'powershell' for command environment: Not usable outside of PowerShell
[0.871s] DEBUG:colcon.colcon_core.shell:Skip shell extension 'dsv' for command environment
[1.073s] WARNING:colcon.colcon_ros.task.ament_python.build:Package 'serial_distance' doesn't explicitly install a marker in the package index (colcon-ros currently does it implicitly but that fallback will be removed in the future)
[1.077s] WARNING:colcon.colcon_ros.task.ament_python.build:Package 'serial_distance' doesn't explicitly install the 'package.xml' file (colcon-ros currently does it implicitly but that fallback will be removed in the future)
[1.077s] INFO:colcon.colcon_core.task.python.build:Building Python package in '/home/shreya/ros2_ws/src/serial_distance'
[1.077s] INFO:colcon.colcon_core.shell:Skip shell extension 'powershell' for command environment: Not usable outside of PowerShell
[1.077s] DEBUG:colcon.colcon_core.shell:Skip shell extension 'dsv' for command environment
[1.244s] INFO:colcon.colcon_core.task.python.build:Building Python package in '/home/shreya/ros2_ws/src/sim_avoidance'
[1.244s] INFO:colcon.colcon_core.shell:Skip shell extension 'powershell' for command environment: Not usable outside of PowerShell
[1.244s] DEBUG:colcon.colcon_core.shell:Skip shell extension 'dsv' for command environment
[1.653s] DEBUG:colcon.colcon_core.event_handler.log_command:Invoking command in '/home/shreya/ros2_ws/build/sim_avoidance': PYTHONPATH=/home/shreya/ros2_ws/build/sim_avoidance/prefix_override:/usr/lib/python3/dist-packages/colcon_core/task/python/colcon_distutils_commands:/home/shreya/ros2_ws/install/sim_avoidance/lib/python3.10/site-packages:${PYTHONPATH} /usr/bin/python3 -W ignore:setup.py install is deprecated -W ignore:easy_install command is deprecated setup.py develop --editable --build-directory /home/shreya/ros2_ws/build/sim_avoidance/build --no-deps symlink_data
[1.657s] DEBUG:colcon.colcon_core.event_handler.log_command:Invoking command in '/home/shreya/ros2_ws/build/serial_distance': PYTHONPATH=/home/shreya/ros2_ws/build/serial_distance/prefix_override:/usr/lib/python3/dist-packages/colcon_core/task/python/colcon_distutils_commands:/home/shreya/ros2_ws/install/serial_distance/lib/python3.10/site-packages:${PYTHONPATH} /usr/bin/python3 -W ignore:setup.py install is deprecated -W ignore:easy_install command is deprecated setup.py develop --editable --build-directory /home/shreya/ros2_ws/build/serial_distance/build --no-deps
[1.973s] Level 1:colcon.colcon_core.shell:create_environment_hook('serial_distance', 'pythonpath_develop')
[1.974s] INFO:colcon.colcon_core.shell:Creating environment hook '/home/shreya/ros2_ws/build/serial_distance/share/serial_distance/hook/pythonpath_develop.ps1'
[1.974s] DEBUG:colcon.colcon_core.event_handler.log_command:Invoked command in '/home/shreya/ros2_ws/build/serial_distance' returned '0': PYTHONPATH=/home/shreya/ros2_ws/build/serial_distance/prefix_override:/usr/lib/python3/dist-packages/colcon_core/task/python/colcon_distutils_commands:/home/shreya/ros2_ws/install/serial_distance/lib/python3.10/site-packages:${PYTHONPATH} /usr/bin/python3 -W ignore:setup.py install is deprecated -W ignore:easy_install command is deprecated setup.py develop --editable --build-directory /home/shreya/ros2_ws/build/serial_distance/build --no-deps
[1.978s] INFO:colcon.colcon_core.shell:Creating environment descriptor '/home/shreya/ros2_ws/build/serial_distance/share/serial_distance/hook/pythonpath_develop.dsv'
[1.979s] INFO:colcon.colcon_core.shell:Creating environment hook '/home/shreya/ros2_ws/build/serial_distance/share/serial_distance/hook/pythonpath_develop.sh'
[1.997s] Level 1:colcon.colcon_core.environment:checking '/home/shreya/ros2_ws/install/serial_distance' for CMake module files
[1.997s] Level 1:colcon.colcon_core.environment:checking '/home/shreya/ros2_ws/install/serial_distance' for CMake config files
[1.999s] Level 1:colcon.colcon_core.environment:checking '/home/shreya/ros2_ws/install/serial_distance/lib'
[1.999s] Level 1:colcon.colcon_core.environment:checking '/home/shreya/ros2_ws/install/serial_distance/bin'
[1.999s] Level 1:colcon.colcon_core.environment:checking '/home/shreya/ros2_ws/install/serial_distance/lib/pkgconfig/serial_distance.pc'
[1.999s] Level 1:colcon.colcon_core.environment:checking '/home/shreya/ros2_ws/install/serial_distance/lib/python3.10/site-packages'
[1.999s] Level 1:colcon.colcon_core.shell:create_environment_hook('serial_distance', 'pythonpath')
[2.000s] INFO:colcon.colcon_core.shell:Creating environment hook '/home/shreya/ros2_ws/install/serial_distance/share/serial_distance/hook/pythonpath.ps1'
[2.000s] INFO:colcon.colcon_core.shell:Creating environment descriptor '/home/shreya/ros2_ws/install/serial_distance/share/serial_distance/hook/pythonpath.dsv'
[2.001s] INFO:colcon.colcon_core.shell:Creating environment hook '/home/shreya/ros2_ws/install/serial_distance/share/serial_distance/hook/pythonpath.sh'
[2.002s] Level 1:colcon.colcon_core.environment:checking '/home/shreya/ros2_ws/install/serial_distance/bin'
[2.002s] Level 1:colcon.colcon_core.environment:create_environment_scripts_only(serial_distance)
[2.002s] INFO:colcon.colcon_core.shell:Creating package script '/home/shreya/ros2_ws/install/serial_distance/share/serial_distance/package.ps1'
[2.004s] INFO:colcon.colcon_core.shell:Creating package descriptor '/home/shreya/ros2_ws/install/serial_distance/share/serial_distance/package.dsv'
[2.005s] INFO:colcon.colcon_core.shell:Creating package script '/home/shreya/ros2_ws/install/serial_distance/share/serial_distance/package.sh'
[2.007s] INFO:colcon.colcon_core.shell:Creating package script '/home/shreya/ros2_ws/install/serial_distance/share/serial_distance/package.bash'
[2.009s] INFO:colcon.colcon_core.shell:Creating package script '/home/shreya/ros2_ws/install/serial_distance/share/serial_distance/package.zsh'
[2.012s] Level 1:colcon.colcon_core.environment:create_file_with_runtime_dependencies(/home/shreya/ros2_ws/install/serial_distance/share/colcon-core/packages/serial_distance)
[2.014s] Level 1:colcon.colcon_core.shell:create_environment_hook('sim_avoidance', 'pythonpath_develop')
[2.014s] INFO:colcon.colcon_core.shell:Creating environment hook '/home/shreya/ros2_ws/build/sim_avoidance/share/sim_avoidance/hook/pythonpath_develop.ps1'
[2.015s] INFO:colcon.colcon_core.shell:Creating environment descriptor '/home/shreya/ros2_ws/build/sim_avoidance/share/sim_avoidance/hook/pythonpath_develop.dsv'
[2.015s] INFO:colcon.colcon_core.shell:Creating environment hook '/home/shreya/ros2_ws/build/sim_avoidance/share/sim_avoidance/hook/pythonpath_develop.sh'
[2.016s] Level 1:colcon.colcon_core.environment:checking '/home/shreya/ros2_ws/install/sim_avoidance' for CMake module files
[2.016s] DEBUG:colcon.colcon_core.event_handler.log_command:Invoked command in '/home/shreya/ros2_ws/build/sim_avoidance' returned '0': PYTHONPATH=/home/shreya/ros2_ws/build/sim_avoidance/prefix_override:/usr/lib/python3/dist-packages/colcon_core/task/python/colcon_distutils_commands:/home/shreya/ros2_ws/install/sim_avoidance/lib/python3.10/site-packages:${PYTHONPATH} /usr/bin/python3 -W ignore:setup.py install is deprecated -W ignore:easy_install command is deprecated setup.py develop --editable --build-directory /home/shreya/ros2_ws/build/sim_avoidance/build --no-deps symlink_data
[2.017s] Level 1:colcon.colcon_core.environment:checking '/home/shreya/ros2_ws/install/sim_avoidance' for CMake config files
[2.017s] Level 1:colcon.colcon_core.environment:checking '/home/shreya/ros2_ws/install/sim_avoidance/lib'
[2.017s] Level 1:colcon.colcon_core.environment:checking '/home/shreya/ros2_ws/install/sim_avoidance/bin'
[2.017s] Level 1:colcon.colcon_core.environment:checking '/home/shreya/ros2_ws/install/sim_avoidance/lib/pkgconfig/sim_avoidance.pc'
[2.017s] Level 1:colcon.colcon_core.environment:checking '/home/shreya/ros2_ws/install/sim_avoidance/lib/python3.10/site-packages'
[2.017s] Level 1:colcon.colcon_core.shell:create_environment_hook('sim_avoidance', 'pythonpath')
[2.017s] INFO:colcon.colcon_core.shell:Creating environment hook '/home/shreya/ros2_ws/install/sim_avoidance/share/sim_avoidance/hook/pythonpath.ps1'
[2.018s] INFO:colcon.colcon_core.shell:Creating environment descriptor '/home/shreya/ros2_ws/install/sim_avoidance/share/sim_avoidance/hook/pythonpath.dsv'
[2.018s] INFO:colcon.colcon_core.shell:Creating environment hook '/home/shreya/ros2_ws/install/sim_avoidance/share/sim_avoidance/hook/pythonpath.sh'
[2.018s] Level 1:colcon.colcon_core.environment:checking '/home/shreya/ros2_ws/install/sim_avoidance/bin'
[2.018s] Level 1:colcon.colcon_core.environment:create_environment_scripts_only(sim_avoidance)
[2.018s] INFO:colcon.colcon_core.shell:Creating package script '/home/shreya/ros2_ws/install/sim_avoidance/share/sim_avoidance/package.ps1'
[2.019s] INFO:colcon.colcon_core.shell:Creating package descriptor '/home/shreya/ros2_ws/install/sim_avoidance/share/sim_avoidance/package.dsv'
[2.019s] INFO:colcon.colcon_core.shell:Creating package script '/home/shreya/ros2_ws/install/sim_avoidance/share/sim_avoidance/package.sh'
[2.019s] INFO:colcon.colcon_core.shell:Creating package script '/home/shreya/ros2_ws/install/sim_avoidance/share/sim_avoidance/package.bash'
[2.019s] INFO:colcon.colcon_core.shell:Creating package script '/home/shreya/ros2_ws/install/sim_avoidance/share/sim_avoidance/package.zsh'
[2.019s] Level 1:colcon.colcon_core.environment:create_file_with_runtime_dependencies(/home/shreya/ros2_ws/install/sim_avoidance/share/colcon-core/packages/sim_avoidance)
[2.020s] DEBUG:colcon.colcon_parallel_executor.executor.parallel:closing loop
[2.021s] DEBUG:colcon.colcon_parallel_executor.executor.parallel:loop closed
[2.021s] DEBUG:colcon.colcon_parallel_executor.executor.parallel:run_until_complete finished with '0'
[2.021s] DEBUG:colcon.colcon_core.event_reactor:joining thread
[2.029s] INFO:colcon.colcon_core.plugin_system:Skipping extension 'colcon_notification.desktop_notification.terminal_notifier': Not used on non-Darwin systems
[2.029s] INFO:colcon.colcon_core.plugin_system:Skipping extension 'colcon_notification.desktop_notification.win32': Not used on non-Windows systems
[2.029s] INFO:colcon.colcon_notification.desktop_notification:Sending desktop notification using 'notify2'
[2.058s] DEBUG:colcon.colcon_core.event_reactor:joined thread
[2.059s] INFO:colcon.colcon_core.shell:Creating prefix script '/home/shreya/ros2_ws/install/local_setup.ps1'
[2.063s] INFO:colcon.colcon_core.shell:Creating prefix util module '/home/shreya/ros2_ws/install/_local_setup_util_ps1.py'
[2.065s] INFO:colcon.colcon_core.shell:Creating prefix chain script '/home/shreya/ros2_ws/install/setup.ps1'
[2.071s] INFO:colcon.colcon_core.shell:Creating prefix script '/home/shreya/ros2_ws/install/local_setup.sh'
[2.075s] INFO:colcon.colcon_core.shell:Creating prefix util module '/home/shreya/ros2_ws/install/_local_setup_util_sh.py'
[2.076s] INFO:colcon.colcon_core.shell:Creating prefix chain script '/home/shreya/ros2_ws/install/setup.sh'
[2.079s] INFO:colcon.colcon_core.shell:Creating prefix script '/home/shreya/ros2_ws/install/local_setup.bash'
[2.080s] INFO:colcon.colcon_core.shell:Creating prefix chain script '/home/shreya/ros2_ws/install/setup.bash'
[2.085s] INFO:colcon.colcon_core.shell:Creating prefix script '/home/shreya/ros2_ws/install/local_setup.zsh'
[2.087s] INFO:colcon.colcon_core.shell:Creating prefix chain script '/home/shreya/ros2_ws/install/setup.zsh'
