[0.198s] Invoking command in '/home/shreya/ros2_ws/build/object_avoidance': CMAKE_PREFIX_PATH=${CMAKE_PREFIX_PATH}:/home/shreya/ros2_ws/install/sim_avoidance:/home/shreya/ros2_ws/install/serial_distance:/home/shreya/ros2_ws/install/arduino_comm:/opt/ros/humble /usr/bin/cmake --build /home/shreya/ros2_ws/build/object_avoidance -- -j2 -l2
[0.437s] Invoked command in '/home/shreya/ros2_ws/build/object_avoidance' returned '0': CMAKE_PREFIX_PATH=${CMAKE_PREFIX_PATH}:/home/shreya/ros2_ws/install/sim_avoidance:/home/shreya/ros2_ws/install/serial_distance:/home/shreya/ros2_ws/install/arduino_comm:/opt/ros/humble /usr/bin/cmake --build /home/shreya/ros2_ws/build/object_avoidance -- -j2 -l2
[0.459s] Invoking command in '/home/shreya/ros2_ws/build/object_avoidance': CMAKE_PREFIX_PATH=${CMAKE_PREFIX_PATH}:/home/shreya/ros2_ws/install/sim_avoidance:/home/shreya/ros2_ws/install/serial_distance:/home/shreya/ros2_ws/install/arduino_comm:/opt/ros/humble /usr/bin/cmake --install /home/shreya/ros2_ws/build/object_avoidance
[0.472s] -- Install configuration: ""
[0.473s] -- Up-to-date: /home/shreya/ros2_ws/install/object_avoidance/share/ament_index/resource_index/package_run_dependencies/object_avoidance
[0.474s] -- Up-to-date: /home/shreya/ros2_ws/install/object_avoidance/share/ament_index/resource_index/parent_prefix_path/object_avoidance
[0.474s] -- Up-to-date: /home/shreya/ros2_ws/install/object_avoidance/share/object_avoidance/environment/ament_prefix_path.sh
[0.475s] -- Up-to-date: /home/shreya/ros2_ws/install/object_avoidance/share/object_avoidance/environment/ament_prefix_path.dsv
[0.475s] -- Up-to-date: /home/shreya/ros2_ws/install/object_avoidance/share/object_avoidance/environment/path.sh
[0.475s] -- Up-to-date: /home/shreya/ros2_ws/install/object_avoidance/share/object_avoidance/environment/path.dsv
[0.475s] -- Up-to-date: /home/shreya/ros2_ws/install/object_avoidance/share/object_avoidance/local_setup.bash
[0.475s] -- Up-to-date: /home/shreya/ros2_ws/install/object_avoidance/share/object_avoidance/local_setup.sh
[0.475s] -- Up-to-date: /home/shreya/ros2_ws/install/object_avoidance/share/object_avoidance/local_setup.zsh
[0.475s] -- Up-to-date: /home/shreya/ros2_ws/install/object_avoidance/share/object_avoidance/local_setup.dsv
[0.475s] -- Installing: /home/shreya/ros2_ws/install/object_avoidance/share/object_avoidance/package.dsv
[0.478s] -- Up-to-date: /home/shreya/ros2_ws/install/object_avoidance/share/ament_index/resource_index/packages/object_avoidance
[0.479s] -- Up-to-date: /home/shreya/ros2_ws/install/object_avoidance/share/object_avoidance/cmake/object_avoidanceConfig.cmake
[0.479s] -- Up-to-date: /home/shreya/ros2_ws/install/object_avoidance/share/object_avoidance/cmake/object_avoidanceConfig-version.cmake
[0.479s] -- Up-to-date: /home/shreya/ros2_ws/install/object_avoidance/share/object_avoidance/package.xml
[0.481s] -- Up-to-date: /home/shreya/ros2_ws/install/object_avoidance/lib/object_avoidance/arduino_serial_node.py
[0.486s] Invoked command in '/home/shreya/ros2_ws/build/object_avoidance' returned '0': CMAKE_PREFIX_PATH=${CMAKE_PREFIX_PATH}:/home/shreya/ros2_ws/install/sim_avoidance:/home/shreya/ros2_ws/install/serial_distance:/home/shreya/ros2_ws/install/arduino_comm:/opt/ros/humble /usr/bin/cmake --install /home/shreya/ros2_ws/build/object_avoidance
