[0.449s] Invoking command in '/home/shreya/ros2_ws/src/sim_avoidance': PYTHONPATH=/home/shreya/ros2_ws/build/sim_avoidance/prefix_override:/usr/lib/python3/dist-packages/colcon_core/task/python/colcon_distutils_commands:/home/shreya/ros2_ws/install/sim_avoidance/lib/python3.10/site-packages:${PYTHONPATH} /usr/bin/python3 -W ignore:setup.py install is deprecated -W ignore:easy_install command is deprecated setup.py egg_info --egg-base ../../build/sim_avoidance build --build-base /home/shreya/ros2_ws/build/sim_avoidance/build install --record /home/shreya/ros2_ws/build/sim_avoidance/install.log --single-version-externally-managed install_data
[0.616s] running egg_info
[0.618s] writing ../../build/sim_avoidance/sim_avoidance.egg-info/PKG-INFO
[0.621s] writing dependency_links to ../../build/sim_avoidance/sim_avoidance.egg-info/dependency_links.txt
[0.621s] writing entry points to ../../build/sim_avoidance/sim_avoidance.egg-info/entry_points.txt
[0.621s] writing requirements to ../../build/sim_avoidance/sim_avoidance.egg-info/requires.txt
[0.621s] writing top-level names to ../../build/sim_avoidance/sim_avoidance.egg-info/top_level.txt
[0.622s] reading manifest file '../../build/sim_avoidance/sim_avoidance.egg-info/SOURCES.txt'
[0.624s] writing manifest file '../../build/sim_avoidance/sim_avoidance.egg-info/SOURCES.txt'
[0.625s] running build
[0.625s] running build_py
[0.627s] running install
[0.628s] running install_lib
[0.630s] running install_data
[0.631s] running install_egg_info
[0.633s] removing '/home/shreya/ros2_ws/install/sim_avoidance/lib/python3.10/site-packages/sim_avoidance-0.0.0-py3.10.egg-info' (and everything under it)
[0.633s] Copying ../../build/sim_avoidance/sim_avoidance.egg-info to /home/shreya/ros2_ws/install/sim_avoidance/lib/python3.10/site-packages/sim_avoidance-0.0.0-py3.10.egg-info
[0.634s] running install_scripts
[0.651s] Installing sim_avoid script to /home/shreya/ros2_ws/install/sim_avoidance/lib/sim_avoidance
[0.653s] writing list of installed files to '/home/shreya/ros2_ws/build/sim_avoidance/install.log'
[0.676s] Invoked command in '/home/shreya/ros2_ws/src/sim_avoidance' returned '0': PYTHONPATH=/home/shreya/ros2_ws/build/sim_avoidance/prefix_override:/usr/lib/python3/dist-packages/colcon_core/task/python/colcon_distutils_commands:/home/shreya/ros2_ws/install/sim_avoidance/lib/python3.10/site-packages:${PYTHONPATH} /usr/bin/python3 -W ignore:setup.py install is deprecated -W ignore:easy_install command is deprecated setup.py egg_info --egg-base ../../build/sim_avoidance build --build-base /home/shreya/ros2_ws/build/sim_avoidance/build install --record /home/shreya/ros2_ws/build/sim_avoidance/install.log --single-version-externally-managed install_data
