running develop
running egg_info
creating sim_avoidance.egg-info
writing sim_avoidance.egg-info/PKG-INFO
writing dependency_links to sim_avoidance.egg-info/dependency_links.txt
writing entry points to sim_avoidance.egg-info/entry_points.txt
writing requirements to sim_avoidance.egg-info/requires.txt
writing top-level names to sim_avoidance.egg-info/top_level.txt
writing manifest file 'sim_avoidance.egg-info/SOURCES.txt'
reading manifest file 'sim_avoidance.egg-info/SOURCES.txt'
writing manifest file 'sim_avoidance.egg-info/SOURCES.txt'
running build_ext
Creating /home/shreya/ros2_ws/install/sim_avoidance/lib/python3.10/site-packages/sim-avoidance.egg-link (link to .)
Installing sim_avoid script to /home/shreya/ros2_ws/install/sim_avoidance/lib/sim_avoidance

Installed /home/shreya/ros2_ws/build/sim_avoidance
running symlink_data
creating /home/shreya/ros2_ws/install/sim_avoidance/share/ament_index
creating /home/shreya/ros2_ws/install/sim_avoidance/share/ament_index/resource_index
creating /home/shreya/ros2_ws/install/sim_avoidance/share/ament_index/resource_index/packages
symbolically linking /home/shreya/ros2_ws/build/sim_avoidance/resource/sim_avoidance -> /home/shreya/ros2_ws/install/sim_avoidance/share/ament_index/resource_index/packages
symbolically linking /home/shreya/ros2_ws/build/sim_avoidance/package.xml -> /home/shreya/ros2_ws/install/sim_avoidance/share/sim_avoidance
