[0.779s] Invoking command in '/home/shreya/ros2_ws/build/sim_avoidance': PYTHONPATH=/home/shreya/ros2_ws/build/sim_avoidance/prefix_override:/usr/lib/python3/dist-packages/colcon_core/task/python/colcon_distutils_commands:/home/shreya/ros2_ws/install/sim_avoidance/lib/python3.10/site-packages:${PYTHONPATH} /usr/bin/python3 -W ignore:setup.py install is deprecated -W ignore:easy_install command is deprecated setup.py develop --editable --build-directory /home/shreya/ros2_ws/build/sim_avoidance/build --no-deps symlink_data
[0.949s] running develop
[1.057s] running egg_info
[1.058s] creating sim_avoidance.egg-info
[1.058s] writing sim_avoidance.egg-info/PKG-INFO
[1.060s] writing dependency_links to sim_avoidance.egg-info/dependency_links.txt
[1.060s] writing entry points to sim_avoidance.egg-info/entry_points.txt
[1.060s] writing requirements to sim_avoidance.egg-info/requires.txt
[1.060s] writing top-level names to sim_avoidance.egg-info/top_level.txt
[1.061s] writing manifest file 'sim_avoidance.egg-info/SOURCES.txt'
[1.064s] reading manifest file 'sim_avoidance.egg-info/SOURCES.txt'
[1.065s] writing manifest file 'sim_avoidance.egg-info/SOURCES.txt'
[1.076s] running build_ext
[1.076s] Creating /home/shreya/ros2_ws/install/sim_avoidance/lib/python3.10/site-packages/sim-avoidance.egg-link (link to .)
[1.076s] Installing sim_avoid script to /home/shreya/ros2_ws/install/sim_avoidance/lib/sim_avoidance
[1.076s] 
[1.076s] Installed /home/shreya/ros2_ws/build/sim_avoidance
[1.076s] running symlink_data
[1.076s] creating /home/shreya/ros2_ws/install/sim_avoidance/share/ament_index
[1.076s] creating /home/shreya/ros2_ws/install/sim_avoidance/share/ament_index/resource_index
[1.076s] creating /home/shreya/ros2_ws/install/sim_avoidance/share/ament_index/resource_index/packages
[1.076s] symbolically linking /home/shreya/ros2_ws/build/sim_avoidance/resource/sim_avoidance -> /home/shreya/ros2_ws/install/sim_avoidance/share/ament_index/resource_index/packages
[1.076s] symbolically linking /home/shreya/ros2_ws/build/sim_avoidance/package.xml -> /home/shreya/ros2_ws/install/sim_avoidance/share/sim_avoidance
[1.142s] Invoked command in '/home/shreya/ros2_ws/build/sim_avoidance' returned '0': PYTHONPATH=/home/shreya/ros2_ws/build/sim_avoidance/prefix_override:/usr/lib/python3/dist-packages/colcon_core/task/python/colcon_distutils_commands:/home/shreya/ros2_ws/install/sim_avoidance/lib/python3.10/site-packages:${PYTHONPATH} /usr/bin/python3 -W ignore:setup.py install is deprecated -W ignore:easy_install command is deprecated setup.py develop --editable --build-directory /home/shreya/ros2_ws/build/sim_avoidance/build --no-deps symlink_data
