[0.072s] DEBUG:colcon:Command line arguments: ['/usr/bin/colcon', 'build']
[0.072s] DEBUG:colcon:Parsed command line arguments: Namespace(log_base=None, log_level=None, verb_name='build', build_base='build', install_base='install', merge_install=False, symlink_install=False, test_result_base=None, continue_on_error=False, executor='parallel', parallel_workers=2, event_handlers=None, ignore_user_meta=False, metas=['./colcon.meta'], base_paths=['.'], packages_ignore=None, packages_ignore_regex=None, paths=None, packages_up_to=None, packages_up_to_regex=None, packages_above=None, packages_above_and_dependencies=None, packages_above_depth=None, packages_select_by_dep=None, packages_skip_by_dep=None, packages_skip_up_to=None, packages_select_build_failed=False, packages_skip_build_finished=False, packages_select_test_failures=False, packages_skip_test_passed=False, packages_select=None, packages_skip=None, packages_select_regex=None, packages_skip_regex=None, packages_start=None, packages_end=None, allow_overriding=[], cmake_args=None, cmake_target=None, cmake_target_skip_unavailable=False, cmake_clean_cache=False, cmake_clean_first=False, cmake_force_configure=False, ament_cmake_args=None, catkin_cmake_args=None, catkin_skip_building_tests=False, verb_parser=<colcon_defaults.argument_parser.defaults.DefaultArgumentsDecorator object at 0x7a969666c250>, verb_extension=<colcon_core.verb.build.BuildVerb object at 0x7a96967d9ba0>, main=<bound method BuildVerb.main of <colcon_core.verb.build.BuildVerb object at 0x7a96967d9ba0>>)
[0.170s] Level 1:colcon.colcon_core.package_discovery:discover_packages(colcon_meta) check parameters
[0.171s] Level 1:colcon.colcon_core.package_discovery:discover_packages(recursive) check parameters
[0.171s] Level 1:colcon.colcon_core.package_discovery:discover_packages(ignore) check parameters
[0.171s] Level 1:colcon.colcon_core.package_discovery:discover_packages(path) check parameters
[0.171s] Level 1:colcon.colcon_core.package_discovery:discover_packages(colcon_meta) discover
[0.171s] Level 1:colcon.colcon_core.package_discovery:discover_packages(recursive) discover
[0.171s] INFO:colcon.colcon_core.package_discovery:Crawling recursively for packages in '/home/shreya/ros2_ws'
[0.171s] Level 1:colcon.colcon_core.package_identification:_identify(.) by extensions ['ignore', 'ignore_ament_install']
[0.171s] Level 1:colcon.colcon_core.package_identification:_identify(.) by extension 'ignore'
[0.171s] Level 1:colcon.colcon_core.package_identification:_identify(.) by extension 'ignore_ament_install'
[0.171s] Level 1:colcon.colcon_core.package_identification:_identify(.) by extensions ['colcon_pkg']
[0.171s] Level 1:colcon.colcon_core.package_identification:_identify(.) by extension 'colcon_pkg'
[0.171s] Level 1:colcon.colcon_core.package_identification:_identify(.) by extensions ['colcon_meta']
[0.171s] Level 1:colcon.colcon_core.package_identification:_identify(.) by extension 'colcon_meta'
[0.171s] Level 1:colcon.colcon_core.package_identification:_identify(.) by extensions ['ros']
[0.171s] Level 1:colcon.colcon_core.package_identification:_identify(.) by extension 'ros'
[0.179s] Level 1:colcon.colcon_core.package_identification:_identify(.) by extensions ['cmake', 'python']
[0.179s] Level 1:colcon.colcon_core.package_identification:_identify(.) by extension 'cmake'
[0.179s] Level 1:colcon.colcon_core.package_identification:_identify(.) by extension 'python'
[0.180s] Level 1:colcon.colcon_core.package_identification:_identify(.) by extensions ['python_setup_py']
[0.180s] Level 1:colcon.colcon_core.package_identification:_identify(.) by extension 'python_setup_py'
[0.180s] Level 1:colcon.colcon_core.package_identification:_identify(build) by extensions ['ignore', 'ignore_ament_install']
[0.180s] Level 1:colcon.colcon_core.package_identification:_identify(build) by extension 'ignore'
[0.180s] Level 1:colcon.colcon_core.package_identification:_identify(build) ignored
[0.180s] Level 1:colcon.colcon_core.package_identification:_identify(install) by extensions ['ignore', 'ignore_ament_install']
[0.180s] Level 1:colcon.colcon_core.package_identification:_identify(install) by extension 'ignore'
[0.180s] Level 1:colcon.colcon_core.package_identification:_identify(install) ignored
[0.180s] Level 1:colcon.colcon_core.package_identification:_identify(log) by extensions ['ignore', 'ignore_ament_install']
[0.180s] Level 1:colcon.colcon_core.package_identification:_identify(log) by extension 'ignore'
[0.180s] Level 1:colcon.colcon_core.package_identification:_identify(log) ignored
[0.180s] Level 1:colcon.colcon_core.package_identification:_identify(src) by extensions ['ignore', 'ignore_ament_install']
[0.180s] Level 1:colcon.colcon_core.package_identification:_identify(src) by extension 'ignore'
[0.180s] Level 1:colcon.colcon_core.package_identification:_identify(src) by extension 'ignore_ament_install'
[0.180s] Level 1:colcon.colcon_core.package_identification:_identify(src) by extensions ['colcon_pkg']
[0.180s] Level 1:colcon.colcon_core.package_identification:_identify(src) by extension 'colcon_pkg'
[0.180s] Level 1:colcon.colcon_core.package_identification:_identify(src) by extensions ['colcon_meta']
[0.180s] Level 1:colcon.colcon_core.package_identification:_identify(src) by extension 'colcon_meta'
[0.180s] Level 1:colcon.colcon_core.package_identification:_identify(src) by extensions ['ros']
[0.180s] Level 1:colcon.colcon_core.package_identification:_identify(src) by extension 'ros'
[0.181s] Level 1:colcon.colcon_core.package_identification:_identify(src) by extensions ['cmake', 'python']
[0.181s] Level 1:colcon.colcon_core.package_identification:_identify(src) by extension 'cmake'
[0.181s] Level 1:colcon.colcon_core.package_identification:_identify(src) by extension 'python'
[0.181s] Level 1:colcon.colcon_core.package_identification:_identify(src) by extensions ['python_setup_py']
[0.181s] Level 1:colcon.colcon_core.package_identification:_identify(src) by extension 'python_setup_py'
[0.181s] Level 1:colcon.colcon_core.package_identification:_identify(src/arduino_comm) by extensions ['ignore', 'ignore_ament_install']
[0.181s] Level 1:colcon.colcon_core.package_identification:_identify(src/arduino_comm) by extension 'ignore'
[0.181s] Level 1:colcon.colcon_core.package_identification:_identify(src/arduino_comm) by extension 'ignore_ament_install'
[0.181s] Level 1:colcon.colcon_core.package_identification:_identify(src/arduino_comm) by extensions ['colcon_pkg']
[0.181s] Level 1:colcon.colcon_core.package_identification:_identify(src/arduino_comm) by extension 'colcon_pkg'
[0.181s] Level 1:colcon.colcon_core.package_identification:_identify(src/arduino_comm) by extensions ['colcon_meta']
[0.181s] Level 1:colcon.colcon_core.package_identification:_identify(src/arduino_comm) by extension 'colcon_meta'
[0.181s] Level 1:colcon.colcon_core.package_identification:_identify(src/arduino_comm) by extensions ['ros']
[0.181s] Level 1:colcon.colcon_core.package_identification:_identify(src/arduino_comm) by extension 'ros'
[0.183s] DEBUG:colcon.colcon_core.package_identification:Package 'src/arduino_comm' with type 'ros.ament_python' and name 'arduino_comm'
[0.183s] Level 1:colcon.colcon_core.package_identification:_identify(src/my_robot_sim) by extensions ['ignore', 'ignore_ament_install']
[0.183s] Level 1:colcon.colcon_core.package_identification:_identify(src/my_robot_sim) by extension 'ignore'
[0.183s] Level 1:colcon.colcon_core.package_identification:_identify(src/my_robot_sim) by extension 'ignore_ament_install'
[0.183s] Level 1:colcon.colcon_core.package_identification:_identify(src/my_robot_sim) by extensions ['colcon_pkg']
[0.183s] Level 1:colcon.colcon_core.package_identification:_identify(src/my_robot_sim) by extension 'colcon_pkg'
[0.183s] Level 1:colcon.colcon_core.package_identification:_identify(src/my_robot_sim) by extensions ['colcon_meta']
[0.183s] Level 1:colcon.colcon_core.package_identification:_identify(src/my_robot_sim) by extension 'colcon_meta'
[0.183s] Level 1:colcon.colcon_core.package_identification:_identify(src/my_robot_sim) by extensions ['ros']
[0.183s] Level 1:colcon.colcon_core.package_identification:_identify(src/my_robot_sim) by extension 'ros'
[0.183s] DEBUG:colcon.colcon_core.package_identification:Package 'src/my_robot_sim' with type 'ros.ament_python' and name 'my_robot_sim'
[0.183s] Level 1:colcon.colcon_core.package_identification:_identify(src/object_avoidance) by extensions ['ignore', 'ignore_ament_install']
[0.184s] Level 1:colcon.colcon_core.package_identification:_identify(src/object_avoidance) by extension 'ignore'
[0.184s] Level 1:colcon.colcon_core.package_identification:_identify(src/object_avoidance) by extension 'ignore_ament_install'
[0.184s] Level 1:colcon.colcon_core.package_identification:_identify(src/object_avoidance) by extensions ['colcon_pkg']
[0.184s] Level 1:colcon.colcon_core.package_identification:_identify(src/object_avoidance) by extension 'colcon_pkg'
[0.184s] Level 1:colcon.colcon_core.package_identification:_identify(src/object_avoidance) by extensions ['colcon_meta']
[0.184s] Level 1:colcon.colcon_core.package_identification:_identify(src/object_avoidance) by extension 'colcon_meta'
[0.184s] Level 1:colcon.colcon_core.package_identification:_identify(src/object_avoidance) by extensions ['ros']
[0.184s] Level 1:colcon.colcon_core.package_identification:_identify(src/object_avoidance) by extension 'ros'
[0.184s] DEBUG:colcon.colcon_core.package_identification:Package 'src/object_avoidance' with type 'ros.ament_cmake' and name 'object_avoidance'
[0.184s] Level 1:colcon.colcon_core.package_identification:_identify(src/serial_distance) by extensions ['ignore', 'ignore_ament_install']
[0.184s] Level 1:colcon.colcon_core.package_identification:_identify(src/serial_distance) by extension 'ignore'
[0.184s] Level 1:colcon.colcon_core.package_identification:_identify(src/serial_distance) by extension 'ignore_ament_install'
[0.184s] Level 1:colcon.colcon_core.package_identification:_identify(src/serial_distance) by extensions ['colcon_pkg']
[0.184s] Level 1:colcon.colcon_core.package_identification:_identify(src/serial_distance) by extension 'colcon_pkg'
[0.184s] Level 1:colcon.colcon_core.package_identification:_identify(src/serial_distance) by extensions ['colcon_meta']
[0.184s] Level 1:colcon.colcon_core.package_identification:_identify(src/serial_distance) by extension 'colcon_meta'
[0.184s] Level 1:colcon.colcon_core.package_identification:_identify(src/serial_distance) by extensions ['ros']
[0.184s] Level 1:colcon.colcon_core.package_identification:_identify(src/serial_distance) by extension 'ros'
[0.185s] DEBUG:colcon.colcon_core.package_identification:Package 'src/serial_distance' with type 'ros.ament_python' and name 'serial_distance'
[0.185s] Level 1:colcon.colcon_core.package_identification:_identify(src/sim_avoidance) by extensions ['ignore', 'ignore_ament_install']
[0.185s] Level 1:colcon.colcon_core.package_identification:_identify(src/sim_avoidance) by extension 'ignore'
[0.185s] Level 1:colcon.colcon_core.package_identification:_identify(src/sim_avoidance) by extension 'ignore_ament_install'
[0.185s] Level 1:colcon.colcon_core.package_identification:_identify(src/sim_avoidance) by extensions ['colcon_pkg']
[0.185s] Level 1:colcon.colcon_core.package_identification:_identify(src/sim_avoidance) by extension 'colcon_pkg'
[0.185s] Level 1:colcon.colcon_core.package_identification:_identify(src/sim_avoidance) by extensions ['colcon_meta']
[0.185s] Level 1:colcon.colcon_core.package_identification:_identify(src/sim_avoidance) by extension 'colcon_meta'
[0.185s] Level 1:colcon.colcon_core.package_identification:_identify(src/sim_avoidance) by extensions ['ros']
[0.185s] Level 1:colcon.colcon_core.package_identification:_identify(src/sim_avoidance) by extension 'ros'
[0.185s] DEBUG:colcon.colcon_core.package_identification:Package 'src/sim_avoidance' with type 'ros.ament_python' and name 'sim_avoidance'
[0.186s] Level 1:colcon.colcon_core.package_discovery:discover_packages(recursive) using defaults
[0.186s] Level 1:colcon.colcon_core.package_discovery:discover_packages(ignore) discover
[0.186s] Level 1:colcon.colcon_core.package_discovery:discover_packages(ignore) using defaults
[0.186s] Level 1:colcon.colcon_core.package_discovery:discover_packages(path) discover
[0.186s] Level 1:colcon.colcon_core.package_discovery:discover_packages(path) using defaults
[0.199s] Level 1:colcon.colcon_core.package_discovery:discover_packages(prefix_path) check parameters
[0.199s] Level 1:colcon.colcon_core.package_discovery:discover_packages(prefix_path) discover
[0.200s] DEBUG:colcon.colcon_installed_package_information.package_discovery:Found 4 installed packages in /home/shreya/ros2_ws/install
[0.201s] DEBUG:colcon.colcon_installed_package_information.package_discovery:Found 281 installed packages in /opt/ros/humble
[0.209s] Level 1:colcon.colcon_core.package_discovery:discover_packages(prefix_path) using defaults
[0.232s] Level 5:colcon.colcon_core.verb:set package 'arduino_comm' build argument 'cmake_args' from command line to 'None'
[0.232s] Level 5:colcon.colcon_core.verb:set package 'arduino_comm' build argument 'cmake_target' from command line to 'None'
[0.232s] Level 5:colcon.colcon_core.verb:set package 'arduino_comm' build argument 'cmake_target_skip_unavailable' from command line to 'False'
[0.232s] Level 5:colcon.colcon_core.verb:set package 'arduino_comm' build argument 'cmake_clean_cache' from command line to 'False'
[0.232s] Level 5:colcon.colcon_core.verb:set package 'arduino_comm' build argument 'cmake_clean_first' from command line to 'False'
[0.232s] Level 5:colcon.colcon_core.verb:set package 'arduino_comm' build argument 'cmake_force_configure' from command line to 'False'
[0.232s] Level 5:colcon.colcon_core.verb:set package 'arduino_comm' build argument 'ament_cmake_args' from command line to 'None'
[0.232s] Level 5:colcon.colcon_core.verb:set package 'arduino_comm' build argument 'catkin_cmake_args' from command line to 'None'
[0.232s] Level 5:colcon.colcon_core.verb:set package 'arduino_comm' build argument 'catkin_skip_building_tests' from command line to 'False'
[0.232s] DEBUG:colcon.colcon_core.verb:Building package 'arduino_comm' with the following arguments: {'ament_cmake_args': None, 'build_base': '/home/shreya/ros2_ws/build/arduino_comm', 'catkin_cmake_args': None, 'catkin_skip_building_tests': False, 'cmake_args': None, 'cmake_clean_cache': False, 'cmake_clean_first': False, 'cmake_force_configure': False, 'cmake_target': None, 'cmake_target_skip_unavailable': False, 'install_base': '/home/shreya/ros2_ws/install/arduino_comm', 'merge_install': False, 'path': '/home/shreya/ros2_ws/src/arduino_comm', 'symlink_install': False, 'test_result_base': None}
[0.232s] Level 5:colcon.colcon_core.verb:set package 'my_robot_sim' build argument 'cmake_args' from command line to 'None'
[0.232s] Level 5:colcon.colcon_core.verb:set package 'my_robot_sim' build argument 'cmake_target' from command line to 'None'
[0.232s] Level 5:colcon.colcon_core.verb:set package 'my_robot_sim' build argument 'cmake_target_skip_unavailable' from command line to 'False'
[0.232s] Level 5:colcon.colcon_core.verb:set package 'my_robot_sim' build argument 'cmake_clean_cache' from command line to 'False'
[0.232s] Level 5:colcon.colcon_core.verb:set package 'my_robot_sim' build argument 'cmake_clean_first' from command line to 'False'
[0.232s] Level 5:colcon.colcon_core.verb:set package 'my_robot_sim' build argument 'cmake_force_configure' from command line to 'False'
[0.232s] Level 5:colcon.colcon_core.verb:set package 'my_robot_sim' build argument 'ament_cmake_args' from command line to 'None'
[0.232s] Level 5:colcon.colcon_core.verb:set package 'my_robot_sim' build argument 'catkin_cmake_args' from command line to 'None'
[0.232s] Level 5:colcon.colcon_core.verb:set package 'my_robot_sim' build argument 'catkin_skip_building_tests' from command line to 'False'
[0.232s] DEBUG:colcon.colcon_core.verb:Building package 'my_robot_sim' with the following arguments: {'ament_cmake_args': None, 'build_base': '/home/shreya/ros2_ws/build/my_robot_sim', 'catkin_cmake_args': None, 'catkin_skip_building_tests': False, 'cmake_args': None, 'cmake_clean_cache': False, 'cmake_clean_first': False, 'cmake_force_configure': False, 'cmake_target': None, 'cmake_target_skip_unavailable': False, 'install_base': '/home/shreya/ros2_ws/install/my_robot_sim', 'merge_install': False, 'path': '/home/shreya/ros2_ws/src/my_robot_sim', 'symlink_install': False, 'test_result_base': None}
[0.232s] Level 5:colcon.colcon_core.verb:set package 'object_avoidance' build argument 'cmake_args' from command line to 'None'
[0.232s] Level 5:colcon.colcon_core.verb:set package 'object_avoidance' build argument 'cmake_target' from command line to 'None'
[0.232s] Level 5:colcon.colcon_core.verb:set package 'object_avoidance' build argument 'cmake_target_skip_unavailable' from command line to 'False'
[0.232s] Level 5:colcon.colcon_core.verb:set package 'object_avoidance' build argument 'cmake_clean_cache' from command line to 'False'
[0.232s] Level 5:colcon.colcon_core.verb:set package 'object_avoidance' build argument 'cmake_clean_first' from command line to 'False'
[0.232s] Level 5:colcon.colcon_core.verb:set package 'object_avoidance' build argument 'cmake_force_configure' from command line to 'False'
[0.232s] Level 5:colcon.colcon_core.verb:set package 'object_avoidance' build argument 'ament_cmake_args' from command line to 'None'
[0.232s] Level 5:colcon.colcon_core.verb:set package 'object_avoidance' build argument 'catkin_cmake_args' from command line to 'None'
[0.232s] Level 5:colcon.colcon_core.verb:set package 'object_avoidance' build argument 'catkin_skip_building_tests' from command line to 'False'
[0.232s] DEBUG:colcon.colcon_core.verb:Building package 'object_avoidance' with the following arguments: {'ament_cmake_args': None, 'build_base': '/home/shreya/ros2_ws/build/object_avoidance', 'catkin_cmake_args': None, 'catkin_skip_building_tests': False, 'cmake_args': None, 'cmake_clean_cache': False, 'cmake_clean_first': False, 'cmake_force_configure': False, 'cmake_target': None, 'cmake_target_skip_unavailable': False, 'install_base': '/home/shreya/ros2_ws/install/object_avoidance', 'merge_install': False, 'path': '/home/shreya/ros2_ws/src/object_avoidance', 'symlink_install': False, 'test_result_base': None}
[0.233s] Level 5:colcon.colcon_core.verb:set package 'serial_distance' build argument 'cmake_args' from command line to 'None'
[0.233s] Level 5:colcon.colcon_core.verb:set package 'serial_distance' build argument 'cmake_target' from command line to 'None'
[0.233s] Level 5:colcon.colcon_core.verb:set package 'serial_distance' build argument 'cmake_target_skip_unavailable' from command line to 'False'
[0.233s] Level 5:colcon.colcon_core.verb:set package 'serial_distance' build argument 'cmake_clean_cache' from command line to 'False'
[0.233s] Level 5:colcon.colcon_core.verb:set package 'serial_distance' build argument 'cmake_clean_first' from command line to 'False'
[0.233s] Level 5:colcon.colcon_core.verb:set package 'serial_distance' build argument 'cmake_force_configure' from command line to 'False'
[0.233s] Level 5:colcon.colcon_core.verb:set package 'serial_distance' build argument 'ament_cmake_args' from command line to 'None'
[0.233s] Level 5:colcon.colcon_core.verb:set package 'serial_distance' build argument 'catkin_cmake_args' from command line to 'None'
[0.233s] Level 5:colcon.colcon_core.verb:set package 'serial_distance' build argument 'catkin_skip_building_tests' from command line to 'False'
[0.233s] DEBUG:colcon.colcon_core.verb:Building package 'serial_distance' with the following arguments: {'ament_cmake_args': None, 'build_base': '/home/shreya/ros2_ws/build/serial_distance', 'catkin_cmake_args': None, 'catkin_skip_building_tests': False, 'cmake_args': None, 'cmake_clean_cache': False, 'cmake_clean_first': False, 'cmake_force_configure': False, 'cmake_target': None, 'cmake_target_skip_unavailable': False, 'install_base': '/home/shreya/ros2_ws/install/serial_distance', 'merge_install': False, 'path': '/home/shreya/ros2_ws/src/serial_distance', 'symlink_install': False, 'test_result_base': None}
[0.233s] Level 5:colcon.colcon_core.verb:set package 'sim_avoidance' build argument 'cmake_args' from command line to 'None'
[0.233s] Level 5:colcon.colcon_core.verb:set package 'sim_avoidance' build argument 'cmake_target' from command line to 'None'
[0.233s] Level 5:colcon.colcon_core.verb:set package 'sim_avoidance' build argument 'cmake_target_skip_unavailable' from command line to 'False'
[0.233s] Level 5:colcon.colcon_core.verb:set package 'sim_avoidance' build argument 'cmake_clean_cache' from command line to 'False'
[0.233s] Level 5:colcon.colcon_core.verb:set package 'sim_avoidance' build argument 'cmake_clean_first' from command line to 'False'
[0.233s] Level 5:colcon.colcon_core.verb:set package 'sim_avoidance' build argument 'cmake_force_configure' from command line to 'False'
[0.233s] Level 5:colcon.colcon_core.verb:set package 'sim_avoidance' build argument 'ament_cmake_args' from command line to 'None'
[0.233s] Level 5:colcon.colcon_core.verb:set package 'sim_avoidance' build argument 'catkin_cmake_args' from command line to 'None'
[0.233s] Level 5:colcon.colcon_core.verb:set package 'sim_avoidance' build argument 'catkin_skip_building_tests' from command line to 'False'
[0.233s] DEBUG:colcon.colcon_core.verb:Building package 'sim_avoidance' with the following arguments: {'ament_cmake_args': None, 'build_base': '/home/shreya/ros2_ws/build/sim_avoidance', 'catkin_cmake_args': None, 'catkin_skip_building_tests': False, 'cmake_args': None, 'cmake_clean_cache': False, 'cmake_clean_first': False, 'cmake_force_configure': False, 'cmake_target': None, 'cmake_target_skip_unavailable': False, 'install_base': '/home/shreya/ros2_ws/install/sim_avoidance', 'merge_install': False, 'path': '/home/shreya/ros2_ws/src/sim_avoidance', 'symlink_install': False, 'test_result_base': None}
[0.233s] INFO:colcon.colcon_core.executor:Executing jobs using 'parallel' executor
[0.235s] DEBUG:colcon.colcon_parallel_executor.executor.parallel:run_until_complete
[0.236s] INFO:colcon.colcon_ros.task.ament_python.build:Building ROS package in '/home/shreya/ros2_ws/src/arduino_comm' with build type 'ament_python'
[0.236s] Level 1:colcon.colcon_core.shell:create_environment_hook('arduino_comm', 'ament_prefix_path')
[0.244s] INFO:colcon.colcon_core.plugin_system:Skipping extension 'colcon_core.shell.bat': Not used on non-Windows systems
[0.244s] INFO:colcon.colcon_core.shell:Creating environment hook '/home/shreya/ros2_ws/install/arduino_comm/share/arduino_comm/hook/ament_prefix_path.ps1'
[0.245s] INFO:colcon.colcon_core.shell:Creating environment descriptor '/home/shreya/ros2_ws/install/arduino_comm/share/arduino_comm/hook/ament_prefix_path.dsv'
[0.246s] INFO:colcon.colcon_core.shell:Creating environment hook '/home/shreya/ros2_ws/install/arduino_comm/share/arduino_comm/hook/ament_prefix_path.sh'
[0.247s] INFO:colcon.colcon_core.shell:Skip shell extension 'powershell' for command environment: Not usable outside of PowerShell
[0.248s] DEBUG:colcon.colcon_core.shell:Skip shell extension 'dsv' for command environment
[0.253s] INFO:colcon.colcon_ros.task.ament_python.build:Building ROS package in '/home/shreya/ros2_ws/src/my_robot_sim' with build type 'ament_python'
[0.253s] Level 1:colcon.colcon_core.shell:create_environment_hook('my_robot_sim', 'ament_prefix_path')
[0.254s] INFO:colcon.colcon_core.shell:Creating environment hook '/home/shreya/ros2_ws/install/my_robot_sim/share/my_robot_sim/hook/ament_prefix_path.ps1'
[0.255s] INFO:colcon.colcon_core.shell:Creating environment descriptor '/home/shreya/ros2_ws/install/my_robot_sim/share/my_robot_sim/hook/ament_prefix_path.dsv'
[0.255s] INFO:colcon.colcon_core.shell:Creating environment hook '/home/shreya/ros2_ws/install/my_robot_sim/share/my_robot_sim/hook/ament_prefix_path.sh'
[0.255s] INFO:colcon.colcon_core.shell:Skip shell extension 'powershell' for command environment: Not usable outside of PowerShell
[0.255s] DEBUG:colcon.colcon_core.shell:Skip shell extension 'dsv' for command environment
[0.417s] INFO:colcon.colcon_core.task.python.build:Building Python package in '/home/shreya/ros2_ws/src/arduino_comm'
[0.417s] INFO:colcon.colcon_core.shell:Skip shell extension 'powershell' for command environment: Not usable outside of PowerShell
[0.417s] DEBUG:colcon.colcon_core.shell:Skip shell extension 'dsv' for command environment
[0.588s] INFO:colcon.colcon_core.task.python.build:Building Python package in '/home/shreya/ros2_ws/src/my_robot_sim'
[0.590s] INFO:colcon.colcon_core.shell:Skip shell extension 'powershell' for command environment: Not usable outside of PowerShell
[0.590s] DEBUG:colcon.colcon_core.shell:Skip shell extension 'dsv' for command environment
[0.832s] DEBUG:colcon.colcon_core.event_handler.log_command:Invoking command in '/home/shreya/ros2_ws/src/arduino_comm': PYTHONPATH=/home/shreya/ros2_ws/build/arduino_comm/prefix_override:/usr/lib/python3/dist-packages/colcon_core/task/python/colcon_distutils_commands:/home/shreya/ros2_ws/install/arduino_comm/lib/python3.10/site-packages:${PYTHONPATH} /usr/bin/python3 -W ignore:setup.py install is deprecated -W ignore:easy_install command is deprecated setup.py egg_info --egg-base ../../build/arduino_comm build --build-base /home/shreya/ros2_ws/build/arduino_comm/build install --record /home/shreya/ros2_ws/build/arduino_comm/install.log --single-version-externally-managed install_data
[0.836s] DEBUG:colcon.colcon_core.event_handler.log_command:Invoking command in '/home/shreya/ros2_ws/src/my_robot_sim': PYTHONPATH=/home/shreya/ros2_ws/build/my_robot_sim/prefix_override:/usr/lib/python3/dist-packages/colcon_core/task/python/colcon_distutils_commands:/home/shreya/ros2_ws/install/my_robot_sim/lib/python3.10/site-packages:${PYTHONPATH} /usr/bin/python3 -W ignore:setup.py install is deprecated -W ignore:easy_install command is deprecated setup.py egg_info --egg-base ../../build/my_robot_sim build --build-base /home/shreya/ros2_ws/build/my_robot_sim/build install --record /home/shreya/ros2_ws/build/my_robot_sim/install.log --single-version-externally-managed install_data
[1.050s] DEBUG:colcon.colcon_core.event_handler.log_command:Invoked command in '/home/shreya/ros2_ws/src/arduino_comm' returned '0': PYTHONPATH=/home/shreya/ros2_ws/build/arduino_comm/prefix_override:/usr/lib/python3/dist-packages/colcon_core/task/python/colcon_distutils_commands:/home/shreya/ros2_ws/install/arduino_comm/lib/python3.10/site-packages:${PYTHONPATH} /usr/bin/python3 -W ignore:setup.py install is deprecated -W ignore:easy_install command is deprecated setup.py egg_info --egg-base ../../build/arduino_comm build --build-base /home/shreya/ros2_ws/build/arduino_comm/build install --record /home/shreya/ros2_ws/build/arduino_comm/install.log --single-version-externally-managed install_data
[1.052s] Level 1:colcon.colcon_core.environment:checking '/home/shreya/ros2_ws/install/arduino_comm' for CMake module files
[1.052s] Level 1:colcon.colcon_core.environment:checking '/home/shreya/ros2_ws/install/arduino_comm' for CMake config files
[1.052s] Level 1:colcon.colcon_core.environment:checking '/home/shreya/ros2_ws/install/arduino_comm/lib'
[1.052s] Level 1:colcon.colcon_core.environment:checking '/home/shreya/ros2_ws/install/arduino_comm/bin'
[1.052s] Level 1:colcon.colcon_core.environment:checking '/home/shreya/ros2_ws/install/arduino_comm/lib/pkgconfig/arduino_comm.pc'
[1.053s] Level 1:colcon.colcon_core.environment:checking '/home/shreya/ros2_ws/install/arduino_comm/lib/python3.10/site-packages'
[1.053s] Level 1:colcon.colcon_core.shell:create_environment_hook('arduino_comm', 'pythonpath')
[1.053s] INFO:colcon.colcon_core.shell:Creating environment hook '/home/shreya/ros2_ws/install/arduino_comm/share/arduino_comm/hook/pythonpath.ps1'
[1.054s] INFO:colcon.colcon_core.shell:Creating environment descriptor '/home/shreya/ros2_ws/install/arduino_comm/share/arduino_comm/hook/pythonpath.dsv'
[1.055s] INFO:colcon.colcon_core.shell:Creating environment hook '/home/shreya/ros2_ws/install/arduino_comm/share/arduino_comm/hook/pythonpath.sh'
[1.056s] Level 1:colcon.colcon_core.environment:checking '/home/shreya/ros2_ws/install/arduino_comm/bin'
[1.056s] Level 1:colcon.colcon_core.environment:create_environment_scripts_only(arduino_comm)
[1.057s] INFO:colcon.colcon_core.shell:Creating package script '/home/shreya/ros2_ws/install/arduino_comm/share/arduino_comm/package.ps1'
[1.057s] INFO:colcon.colcon_core.shell:Creating package descriptor '/home/shreya/ros2_ws/install/arduino_comm/share/arduino_comm/package.dsv'
[1.058s] INFO:colcon.colcon_core.shell:Creating package script '/home/shreya/ros2_ws/install/arduino_comm/share/arduino_comm/package.sh'
[1.059s] INFO:colcon.colcon_core.shell:Creating package script '/home/shreya/ros2_ws/install/arduino_comm/share/arduino_comm/package.bash'
[1.060s] INFO:colcon.colcon_core.shell:Creating package script '/home/shreya/ros2_ws/install/arduino_comm/share/arduino_comm/package.zsh'
[1.061s] Level 1:colcon.colcon_core.environment:create_file_with_runtime_dependencies(/home/shreya/ros2_ws/install/arduino_comm/share/colcon-core/packages/arduino_comm)
[1.062s] INFO:colcon.colcon_ros.task.ament_cmake.build:Building ROS package in '/home/shreya/ros2_ws/src/object_avoidance' with build type 'ament_cmake'
[1.062s] INFO:colcon.colcon_cmake.task.cmake.build:Building CMake package in '/home/shreya/ros2_ws/src/object_avoidance'
[1.062s] INFO:colcon.colcon_core.shell:Skip shell extension 'powershell' for command environment: Not usable outside of PowerShell
[1.062s] DEBUG:colcon.colcon_core.shell:Skip shell extension 'dsv' for command environment
[1.084s] DEBUG:colcon.colcon_core.event_handler.log_command:Invoking command in '/home/shreya/ros2_ws/build/object_avoidance': CMAKE_PREFIX_PATH=${CMAKE_PREFIX_PATH}:/home/shreya/ros2_ws/install/sim_avoidance:/home/shreya/ros2_ws/install/serial_distance:/home/shreya/ros2_ws/install/arduino_comm:/opt/ros/humble /usr/bin/cmake --build /home/shreya/ros2_ws/build/object_avoidance -- -j2 -l2
[1.098s] Level 1:colcon.colcon_core.environment:checking '/home/shreya/ros2_ws/install/my_robot_sim' for CMake module files
[1.099s] DEBUG:colcon.colcon_core.event_handler.log_command:Invoked command in '/home/shreya/ros2_ws/src/my_robot_sim' returned '0': PYTHONPATH=/home/shreya/ros2_ws/build/my_robot_sim/prefix_override:/usr/lib/python3/dist-packages/colcon_core/task/python/colcon_distutils_commands:/home/shreya/ros2_ws/install/my_robot_sim/lib/python3.10/site-packages:${PYTHONPATH} /usr/bin/python3 -W ignore:setup.py install is deprecated -W ignore:easy_install command is deprecated setup.py egg_info --egg-base ../../build/my_robot_sim build --build-base /home/shreya/ros2_ws/build/my_robot_sim/build install --record /home/shreya/ros2_ws/build/my_robot_sim/install.log --single-version-externally-managed install_data
[1.099s] Level 1:colcon.colcon_core.environment:checking '/home/shreya/ros2_ws/install/my_robot_sim' for CMake config files
[1.100s] Level 1:colcon.colcon_core.environment:checking '/home/shreya/ros2_ws/install/my_robot_sim/lib'
[1.100s] Level 1:colcon.colcon_core.environment:checking '/home/shreya/ros2_ws/install/my_robot_sim/bin'
[1.100s] Level 1:colcon.colcon_core.environment:checking '/home/shreya/ros2_ws/install/my_robot_sim/lib/pkgconfig/my_robot_sim.pc'
[1.100s] Level 1:colcon.colcon_core.environment:checking '/home/shreya/ros2_ws/install/my_robot_sim/lib/python3.10/site-packages'
[1.100s] Level 1:colcon.colcon_core.shell:create_environment_hook('my_robot_sim', 'pythonpath')
[1.100s] INFO:colcon.colcon_core.shell:Creating environment hook '/home/shreya/ros2_ws/install/my_robot_sim/share/my_robot_sim/hook/pythonpath.ps1'
[1.101s] INFO:colcon.colcon_core.shell:Creating environment descriptor '/home/shreya/ros2_ws/install/my_robot_sim/share/my_robot_sim/hook/pythonpath.dsv'
[1.101s] INFO:colcon.colcon_core.shell:Creating environment hook '/home/shreya/ros2_ws/install/my_robot_sim/share/my_robot_sim/hook/pythonpath.sh'
[1.101s] Level 1:colcon.colcon_core.environment:checking '/home/shreya/ros2_ws/install/my_robot_sim/bin'
[1.101s] Level 1:colcon.colcon_core.environment:create_environment_scripts_only(my_robot_sim)
[1.101s] INFO:colcon.colcon_core.shell:Creating package script '/home/shreya/ros2_ws/install/my_robot_sim/share/my_robot_sim/package.ps1'
[1.102s] INFO:colcon.colcon_core.shell:Creating package descriptor '/home/shreya/ros2_ws/install/my_robot_sim/share/my_robot_sim/package.dsv'
[1.102s] INFO:colcon.colcon_core.shell:Creating package script '/home/shreya/ros2_ws/install/my_robot_sim/share/my_robot_sim/package.sh'
[1.102s] INFO:colcon.colcon_core.shell:Creating package script '/home/shreya/ros2_ws/install/my_robot_sim/share/my_robot_sim/package.bash'
[1.102s] INFO:colcon.colcon_core.shell:Creating package script '/home/shreya/ros2_ws/install/my_robot_sim/share/my_robot_sim/package.zsh'
[1.102s] Level 1:colcon.colcon_core.environment:create_file_with_runtime_dependencies(/home/shreya/ros2_ws/install/my_robot_sim/share/colcon-core/packages/my_robot_sim)
[1.104s] INFO:colcon.colcon_ros.task.ament_python.build:Building ROS package in '/home/shreya/ros2_ws/src/serial_distance' with build type 'ament_python'
[1.104s] Level 1:colcon.colcon_core.shell:create_environment_hook('serial_distance', 'ament_prefix_path')
[1.105s] INFO:colcon.colcon_core.shell:Creating environment hook '/home/shreya/ros2_ws/install/serial_distance/share/serial_distance/hook/ament_prefix_path.ps1'
[1.105s] INFO:colcon.colcon_core.shell:Creating environment descriptor '/home/shreya/ros2_ws/install/serial_distance/share/serial_distance/hook/ament_prefix_path.dsv'
[1.106s] INFO:colcon.colcon_core.shell:Creating environment hook '/home/shreya/ros2_ws/install/serial_distance/share/serial_distance/hook/ament_prefix_path.sh'
[1.106s] INFO:colcon.colcon_core.shell:Skip shell extension 'powershell' for command environment: Not usable outside of PowerShell
[1.107s] DEBUG:colcon.colcon_core.shell:Skip shell extension 'dsv' for command environment
[1.282s] WARNING:colcon.colcon_ros.task.ament_python.build:Package 'serial_distance' doesn't explicitly install a marker in the package index (colcon-ros currently does it implicitly but that fallback will be removed in the future)
[1.282s] WARNING:colcon.colcon_ros.task.ament_python.build:Package 'serial_distance' doesn't explicitly install the 'package.xml' file (colcon-ros currently does it implicitly but that fallback will be removed in the future)
[1.287s] INFO:colcon.colcon_core.task.python.build:Building Python package in '/home/shreya/ros2_ws/src/serial_distance'
[1.289s] INFO:colcon.colcon_core.shell:Skip shell extension 'powershell' for command environment: Not usable outside of PowerShell
[1.289s] DEBUG:colcon.colcon_core.shell:Skip shell extension 'dsv' for command environment
[1.318s] DEBUG:colcon.colcon_core.event_handler.log_command:Invoked command in '/home/shreya/ros2_ws/build/object_avoidance' returned '0': CMAKE_PREFIX_PATH=${CMAKE_PREFIX_PATH}:/home/shreya/ros2_ws/install/sim_avoidance:/home/shreya/ros2_ws/install/serial_distance:/home/shreya/ros2_ws/install/arduino_comm:/opt/ros/humble /usr/bin/cmake --build /home/shreya/ros2_ws/build/object_avoidance -- -j2 -l2
[1.342s] DEBUG:colcon.colcon_core.event_handler.log_command:Invoking command in '/home/shreya/ros2_ws/build/object_avoidance': CMAKE_PREFIX_PATH=${CMAKE_PREFIX_PATH}:/home/shreya/ros2_ws/install/sim_avoidance:/home/shreya/ros2_ws/install/serial_distance:/home/shreya/ros2_ws/install/arduino_comm:/opt/ros/humble /usr/bin/cmake --install /home/shreya/ros2_ws/build/object_avoidance
[1.348s] Level 1:colcon.colcon_core.environment:create_environment_scripts_only(object_avoidance)
[1.348s] Level 1:colcon.colcon_core.environment:checking '/home/shreya/ros2_ws/install/object_avoidance' for CMake module files
[1.349s] Level 1:colcon.colcon_core.environment:checking '/home/shreya/ros2_ws/install/object_avoidance' for CMake config files
[1.349s] Level 1:colcon.colcon_core.shell:create_environment_hook('object_avoidance', 'cmake_prefix_path')
[1.349s] INFO:colcon.colcon_core.shell:Creating environment hook '/home/shreya/ros2_ws/install/object_avoidance/share/object_avoidance/hook/cmake_prefix_path.ps1'
[1.350s] DEBUG:colcon.colcon_core.event_handler.log_command:Invoked command in '/home/shreya/ros2_ws/build/object_avoidance' returned '0': CMAKE_PREFIX_PATH=${CMAKE_PREFIX_PATH}:/home/shreya/ros2_ws/install/sim_avoidance:/home/shreya/ros2_ws/install/serial_distance:/home/shreya/ros2_ws/install/arduino_comm:/opt/ros/humble /usr/bin/cmake --install /home/shreya/ros2_ws/build/object_avoidance
[1.351s] INFO:colcon.colcon_core.shell:Creating environment descriptor '/home/shreya/ros2_ws/install/object_avoidance/share/object_avoidance/hook/cmake_prefix_path.dsv'
[1.351s] INFO:colcon.colcon_core.shell:Creating environment hook '/home/shreya/ros2_ws/install/object_avoidance/share/object_avoidance/hook/cmake_prefix_path.sh'
[1.352s] Level 1:colcon.colcon_core.environment:checking '/home/shreya/ros2_ws/install/object_avoidance/lib'
[1.352s] Level 1:colcon.colcon_core.environment:checking '/home/shreya/ros2_ws/install/object_avoidance/bin'
[1.352s] Level 1:colcon.colcon_core.environment:checking '/home/shreya/ros2_ws/install/object_avoidance/lib/pkgconfig/object_avoidance.pc'
[1.352s] Level 1:colcon.colcon_core.environment:checking '/home/shreya/ros2_ws/install/object_avoidance/lib/python3.10/site-packages'
[1.352s] Level 1:colcon.colcon_core.environment:checking '/home/shreya/ros2_ws/install/object_avoidance/bin'
[1.353s] INFO:colcon.colcon_core.shell:Creating package script '/home/shreya/ros2_ws/install/object_avoidance/share/object_avoidance/package.ps1'
[1.353s] INFO:colcon.colcon_core.shell:Creating package descriptor '/home/shreya/ros2_ws/install/object_avoidance/share/object_avoidance/package.dsv'
[1.354s] INFO:colcon.colcon_core.shell:Creating package script '/home/shreya/ros2_ws/install/object_avoidance/share/object_avoidance/package.sh'
[1.354s] INFO:colcon.colcon_core.shell:Creating package script '/home/shreya/ros2_ws/install/object_avoidance/share/object_avoidance/package.bash'
[1.355s] INFO:colcon.colcon_core.shell:Creating package script '/home/shreya/ros2_ws/install/object_avoidance/share/object_avoidance/package.zsh'
[1.356s] Level 1:colcon.colcon_core.environment:create_file_with_runtime_dependencies(/home/shreya/ros2_ws/install/object_avoidance/share/colcon-core/packages/object_avoidance)
[1.357s] Level 1:colcon.colcon_core.environment:create_environment_scripts_only(object_avoidance)
[1.357s] Level 1:colcon.colcon_core.environment:checking '/home/shreya/ros2_ws/install/object_avoidance' for CMake module files
[1.357s] Level 1:colcon.colcon_core.environment:checking '/home/shreya/ros2_ws/install/object_avoidance' for CMake config files
[1.357s] Level 1:colcon.colcon_core.shell:create_environment_hook('object_avoidance', 'cmake_prefix_path')
[1.357s] INFO:colcon.colcon_core.shell:Creating environment hook '/home/shreya/ros2_ws/install/object_avoidance/share/object_avoidance/hook/cmake_prefix_path.ps1'
[1.358s] INFO:colcon.colcon_core.shell:Creating environment descriptor '/home/shreya/ros2_ws/install/object_avoidance/share/object_avoidance/hook/cmake_prefix_path.dsv'
[1.359s] INFO:colcon.colcon_core.shell:Creating environment hook '/home/shreya/ros2_ws/install/object_avoidance/share/object_avoidance/hook/cmake_prefix_path.sh'
[1.360s] Level 1:colcon.colcon_core.environment:checking '/home/shreya/ros2_ws/install/object_avoidance/lib'
[1.360s] Level 1:colcon.colcon_core.environment:checking '/home/shreya/ros2_ws/install/object_avoidance/bin'
[1.360s] Level 1:colcon.colcon_core.environment:checking '/home/shreya/ros2_ws/install/object_avoidance/lib/pkgconfig/object_avoidance.pc'
[1.360s] Level 1:colcon.colcon_core.environment:checking '/home/shreya/ros2_ws/install/object_avoidance/lib/python3.10/site-packages'
[1.360s] Level 1:colcon.colcon_core.environment:checking '/home/shreya/ros2_ws/install/object_avoidance/bin'
[1.360s] INFO:colcon.colcon_core.shell:Creating package script '/home/shreya/ros2_ws/install/object_avoidance/share/object_avoidance/package.ps1'
[1.361s] INFO:colcon.colcon_core.shell:Creating package descriptor '/home/shreya/ros2_ws/install/object_avoidance/share/object_avoidance/package.dsv'
[1.362s] INFO:colcon.colcon_core.shell:Creating package script '/home/shreya/ros2_ws/install/object_avoidance/share/object_avoidance/package.sh'
[1.363s] INFO:colcon.colcon_core.shell:Creating package script '/home/shreya/ros2_ws/install/object_avoidance/share/object_avoidance/package.bash'
[1.363s] INFO:colcon.colcon_core.shell:Creating package script '/home/shreya/ros2_ws/install/object_avoidance/share/object_avoidance/package.zsh'
[1.364s] Level 1:colcon.colcon_core.environment:create_file_with_runtime_dependencies(/home/shreya/ros2_ws/install/object_avoidance/share/colcon-core/packages/object_avoidance)
[1.365s] INFO:colcon.colcon_ros.task.ament_python.build:Building ROS package in '/home/shreya/ros2_ws/src/sim_avoidance' with build type 'ament_python'
[1.366s] Level 1:colcon.colcon_core.shell:create_environment_hook('sim_avoidance', 'ament_prefix_path')
[1.366s] INFO:colcon.colcon_core.shell:Creating environment hook '/home/shreya/ros2_ws/install/sim_avoidance/share/sim_avoidance/hook/ament_prefix_path.ps1'
[1.366s] INFO:colcon.colcon_core.shell:Creating environment descriptor '/home/shreya/ros2_ws/install/sim_avoidance/share/sim_avoidance/hook/ament_prefix_path.dsv'
[1.367s] INFO:colcon.colcon_core.shell:Creating environment hook '/home/shreya/ros2_ws/install/sim_avoidance/share/sim_avoidance/hook/ament_prefix_path.sh'
[1.368s] INFO:colcon.colcon_core.shell:Skip shell extension 'powershell' for command environment: Not usable outside of PowerShell
[1.368s] DEBUG:colcon.colcon_core.shell:Skip shell extension 'dsv' for command environment
[1.624s] INFO:colcon.colcon_core.task.python.build:Building Python package in '/home/shreya/ros2_ws/src/sim_avoidance'
[1.625s] INFO:colcon.colcon_core.shell:Skip shell extension 'powershell' for command environment: Not usable outside of PowerShell
[1.625s] DEBUG:colcon.colcon_core.shell:Skip shell extension 'dsv' for command environment
[1.656s] DEBUG:colcon.colcon_core.event_handler.log_command:Invoking command in '/home/shreya/ros2_ws/src/serial_distance': PYTHONPATH=/home/shreya/ros2_ws/build/serial_distance/prefix_override:/usr/lib/python3/dist-packages/colcon_core/task/python/colcon_distutils_commands:/home/shreya/ros2_ws/install/serial_distance/lib/python3.10/site-packages:${PYTHONPATH} /usr/bin/python3 -W ignore:setup.py install is deprecated -W ignore:easy_install command is deprecated setup.py egg_info --egg-base ../../build/serial_distance build --build-base /home/shreya/ros2_ws/build/serial_distance/build install --record /home/shreya/ros2_ws/build/serial_distance/install.log --single-version-externally-managed
[1.931s] Level 1:colcon.colcon_core.environment:checking '/home/shreya/ros2_ws/install/serial_distance' for CMake module files
[1.932s] DEBUG:colcon.colcon_core.event_handler.log_command:Invoked command in '/home/shreya/ros2_ws/src/serial_distance' returned '0': PYTHONPATH=/home/shreya/ros2_ws/build/serial_distance/prefix_override:/usr/lib/python3/dist-packages/colcon_core/task/python/colcon_distutils_commands:/home/shreya/ros2_ws/install/serial_distance/lib/python3.10/site-packages:${PYTHONPATH} /usr/bin/python3 -W ignore:setup.py install is deprecated -W ignore:easy_install command is deprecated setup.py egg_info --egg-base ../../build/serial_distance build --build-base /home/shreya/ros2_ws/build/serial_distance/build install --record /home/shreya/ros2_ws/build/serial_distance/install.log --single-version-externally-managed
[1.932s] Level 1:colcon.colcon_core.environment:checking '/home/shreya/ros2_ws/install/serial_distance' for CMake config files
[1.933s] Level 1:colcon.colcon_core.environment:checking '/home/shreya/ros2_ws/install/serial_distance/lib'
[1.933s] Level 1:colcon.colcon_core.environment:checking '/home/shreya/ros2_ws/install/serial_distance/bin'
[1.933s] Level 1:colcon.colcon_core.environment:checking '/home/shreya/ros2_ws/install/serial_distance/lib/pkgconfig/serial_distance.pc'
[1.933s] Level 1:colcon.colcon_core.environment:checking '/home/shreya/ros2_ws/install/serial_distance/lib/python3.10/site-packages'
[1.933s] Level 1:colcon.colcon_core.shell:create_environment_hook('serial_distance', 'pythonpath')
[1.933s] INFO:colcon.colcon_core.shell:Creating environment hook '/home/shreya/ros2_ws/install/serial_distance/share/serial_distance/hook/pythonpath.ps1'
[1.934s] INFO:colcon.colcon_core.shell:Creating environment descriptor '/home/shreya/ros2_ws/install/serial_distance/share/serial_distance/hook/pythonpath.dsv'
[1.936s] INFO:colcon.colcon_core.shell:Creating environment hook '/home/shreya/ros2_ws/install/serial_distance/share/serial_distance/hook/pythonpath.sh'
[1.938s] Level 1:colcon.colcon_core.environment:checking '/home/shreya/ros2_ws/install/serial_distance/bin'
[1.938s] Level 1:colcon.colcon_core.environment:create_environment_scripts_only(serial_distance)
[1.938s] INFO:colcon.colcon_core.shell:Creating package script '/home/shreya/ros2_ws/install/serial_distance/share/serial_distance/package.ps1'
[1.939s] INFO:colcon.colcon_core.shell:Creating package descriptor '/home/shreya/ros2_ws/install/serial_distance/share/serial_distance/package.dsv'
[1.940s] INFO:colcon.colcon_core.shell:Creating package script '/home/shreya/ros2_ws/install/serial_distance/share/serial_distance/package.sh'
[1.940s] INFO:colcon.colcon_core.shell:Creating package script '/home/shreya/ros2_ws/install/serial_distance/share/serial_distance/package.bash'
[1.941s] INFO:colcon.colcon_core.shell:Creating package script '/home/shreya/ros2_ws/install/serial_distance/share/serial_distance/package.zsh'
[1.941s] Level 1:colcon.colcon_core.environment:create_file_with_runtime_dependencies(/home/shreya/ros2_ws/install/serial_distance/share/colcon-core/packages/serial_distance)
[1.953s] DEBUG:colcon.colcon_core.event_handler.log_command:Invoking command in '/home/shreya/ros2_ws/src/sim_avoidance': PYTHONPATH=/home/shreya/ros2_ws/build/sim_avoidance/prefix_override:/usr/lib/python3/dist-packages/colcon_core/task/python/colcon_distutils_commands:/home/shreya/ros2_ws/install/sim_avoidance/lib/python3.10/site-packages:${PYTHONPATH} /usr/bin/python3 -W ignore:setup.py install is deprecated -W ignore:easy_install command is deprecated setup.py egg_info --egg-base ../../build/sim_avoidance build --build-base /home/shreya/ros2_ws/build/sim_avoidance/build install --record /home/shreya/ros2_ws/build/sim_avoidance/install.log --single-version-externally-managed install_data
[2.145s] Level 1:colcon.colcon_core.environment:checking '/home/shreya/ros2_ws/install/sim_avoidance' for CMake module files
[2.146s] Level 1:colcon.colcon_core.environment:checking '/home/shreya/ros2_ws/install/sim_avoidance' for CMake config files
[2.146s] Level 1:colcon.colcon_core.environment:checking '/home/shreya/ros2_ws/install/sim_avoidance/lib'
[2.146s] Level 1:colcon.colcon_core.environment:checking '/home/shreya/ros2_ws/install/sim_avoidance/bin'
[2.146s] Level 1:colcon.colcon_core.environment:checking '/home/shreya/ros2_ws/install/sim_avoidance/lib/pkgconfig/sim_avoidance.pc'
[2.146s] Level 1:colcon.colcon_core.environment:checking '/home/shreya/ros2_ws/install/sim_avoidance/lib/python3.10/site-packages'
[2.146s] Level 1:colcon.colcon_core.shell:create_environment_hook('sim_avoidance', 'pythonpath')
[2.145s] DEBUG:colcon.colcon_core.event_handler.log_command:Invoked command in '/home/shreya/ros2_ws/src/sim_avoidance' returned '0': PYTHONPATH=/home/shreya/ros2_ws/build/sim_avoidance/prefix_override:/usr/lib/python3/dist-packages/colcon_core/task/python/colcon_distutils_commands:/home/shreya/ros2_ws/install/sim_avoidance/lib/python3.10/site-packages:${PYTHONPATH} /usr/bin/python3 -W ignore:setup.py install is deprecated -W ignore:easy_install command is deprecated setup.py egg_info --egg-base ../../build/sim_avoidance build --build-base /home/shreya/ros2_ws/build/sim_avoidance/build install --record /home/shreya/ros2_ws/build/sim_avoidance/install.log --single-version-externally-managed install_data
[2.147s] INFO:colcon.colcon_core.shell:Creating environment hook '/home/shreya/ros2_ws/install/sim_avoidance/share/sim_avoidance/hook/pythonpath.ps1'
[2.148s] INFO:colcon.colcon_core.shell:Creating environment descriptor '/home/shreya/ros2_ws/install/sim_avoidance/share/sim_avoidance/hook/pythonpath.dsv'
[2.148s] INFO:colcon.colcon_core.shell:Creating environment hook '/home/shreya/ros2_ws/install/sim_avoidance/share/sim_avoidance/hook/pythonpath.sh'
[2.149s] Level 1:colcon.colcon_core.environment:checking '/home/shreya/ros2_ws/install/sim_avoidance/bin'
[2.149s] Level 1:colcon.colcon_core.environment:create_environment_scripts_only(sim_avoidance)
[2.149s] INFO:colcon.colcon_core.shell:Creating package script '/home/shreya/ros2_ws/install/sim_avoidance/share/sim_avoidance/package.ps1'
[2.150s] INFO:colcon.colcon_core.shell:Creating package descriptor '/home/shreya/ros2_ws/install/sim_avoidance/share/sim_avoidance/package.dsv'
[2.150s] INFO:colcon.colcon_core.shell:Creating package script '/home/shreya/ros2_ws/install/sim_avoidance/share/sim_avoidance/package.sh'
[2.151s] INFO:colcon.colcon_core.shell:Creating package script '/home/shreya/ros2_ws/install/sim_avoidance/share/sim_avoidance/package.bash'
[2.151s] INFO:colcon.colcon_core.shell:Creating package script '/home/shreya/ros2_ws/install/sim_avoidance/share/sim_avoidance/package.zsh'
[2.152s] Level 1:colcon.colcon_core.environment:create_file_with_runtime_dependencies(/home/shreya/ros2_ws/install/sim_avoidance/share/colcon-core/packages/sim_avoidance)
[2.152s] DEBUG:colcon.colcon_parallel_executor.executor.parallel:closing loop
[2.153s] DEBUG:colcon.colcon_parallel_executor.executor.parallel:loop closed
[2.153s] DEBUG:colcon.colcon_parallel_executor.executor.parallel:run_until_complete finished with '0'
[2.153s] DEBUG:colcon.colcon_core.event_reactor:joining thread
[2.157s] INFO:colcon.colcon_core.plugin_system:Skipping extension 'colcon_notification.desktop_notification.terminal_notifier': Not used on non-Darwin systems
[2.158s] INFO:colcon.colcon_core.plugin_system:Skipping extension 'colcon_notification.desktop_notification.win32': Not used on non-Windows systems
[2.158s] INFO:colcon.colcon_notification.desktop_notification:Sending desktop notification using 'notify2'
[2.180s] DEBUG:colcon.colcon_core.event_reactor:joined thread
[2.180s] INFO:colcon.colcon_core.shell:Creating prefix script '/home/shreya/ros2_ws/install/local_setup.ps1'
[2.181s] INFO:colcon.colcon_core.shell:Creating prefix util module '/home/shreya/ros2_ws/install/_local_setup_util_ps1.py'
[2.183s] INFO:colcon.colcon_core.shell:Creating prefix chain script '/home/shreya/ros2_ws/install/setup.ps1'
[2.184s] INFO:colcon.colcon_core.shell:Creating prefix script '/home/shreya/ros2_ws/install/local_setup.sh'
[2.185s] INFO:colcon.colcon_core.shell:Creating prefix util module '/home/shreya/ros2_ws/install/_local_setup_util_sh.py'
[2.186s] INFO:colcon.colcon_core.shell:Creating prefix chain script '/home/shreya/ros2_ws/install/setup.sh'
[2.187s] INFO:colcon.colcon_core.shell:Creating prefix script '/home/shreya/ros2_ws/install/local_setup.bash'
[2.188s] INFO:colcon.colcon_core.shell:Creating prefix chain script '/home/shreya/ros2_ws/install/setup.bash'
[2.189s] INFO:colcon.colcon_core.shell:Creating prefix script '/home/shreya/ros2_ws/install/local_setup.zsh'
[2.190s] INFO:colcon.colcon_core.shell:Creating prefix chain script '/home/shreya/ros2_ws/install/setup.zsh'
