running egg_info
creating ../../build/my_robot_sim/my_robot_sim.egg-info
writing ../../build/my_robot_sim/my_robot_sim.egg-info/PKG-INFO
writing dependency_links to ../../build/my_robot_sim/my_robot_sim.egg-info/dependency_links.txt
writing entry points to ../../build/my_robot_sim/my_robot_sim.egg-info/entry_points.txt
writing requirements to ../../build/my_robot_sim/my_robot_sim.egg-info/requires.txt
writing top-level names to ../../build/my_robot_sim/my_robot_sim.egg-info/top_level.txt
writing manifest file '../../build/my_robot_sim/my_robot_sim.egg-info/SOURCES.txt'
reading manifest file '../../build/my_robot_sim/my_robot_sim.egg-info/SOURCES.txt'
writing manifest file '../../build/my_robot_sim/my_robot_sim.egg-info/SOURCES.txt'
running build
running build_py
creating /home/shreya/ros2_ws/build/my_robot_sim/build
creating /home/shreya/ros2_ws/build/my_robot_sim/build/lib
creating /home/shreya/ros2_ws/build/my_robot_sim/build/lib/my_robot_sim
copying my_robot_sim/__init__.py -> /home/shreya/ros2_ws/build/my_robot_sim/build/lib/my_robot_sim
running install
running install_lib
creating /home/shreya/ros2_ws/install/my_robot_sim/lib/python3.10/site-packages/my_robot_sim
copying /home/shreya/ros2_ws/build/my_robot_sim/build/lib/my_robot_sim/__init__.py -> /home/shreya/ros2_ws/install/my_robot_sim/lib/python3.10/site-packages/my_robot_sim
byte-compiling /home/shreya/ros2_ws/install/my_robot_sim/lib/python3.10/site-packages/my_robot_sim/__init__.py to __init__.cpython-310.pyc
running install_data
creating /home/shreya/ros2_ws/install/my_robot_sim/share/ament_index
creating /home/shreya/ros2_ws/install/my_robot_sim/share/ament_index/resource_index
creating /home/shreya/ros2_ws/install/my_robot_sim/share/ament_index/resource_index/packages
copying resource/my_robot_sim -> /home/shreya/ros2_ws/install/my_robot_sim/share/ament_index/resource_index/packages
copying package.xml -> /home/shreya/ros2_ws/install/my_robot_sim/share/my_robot_sim
running install_egg_info
Copying ../../build/my_robot_sim/my_robot_sim.egg-info to /home/shreya/ros2_ws/install/my_robot_sim/lib/python3.10/site-packages/my_robot_sim-0.0.0-py3.10.egg-info
running install_scripts
writing list of installed files to '/home/shreya/ros2_ws/build/my_robot_sim/install.log'
