[0.582s] Invoking command in '/home/shreya/ros2_ws/src/my_robot_sim': PYTHONPATH=/home/shreya/ros2_ws/build/my_robot_sim/prefix_override:/usr/lib/python3/dist-packages/colcon_core/task/python/colcon_distutils_commands:/home/shreya/ros2_ws/install/my_robot_sim/lib/python3.10/site-packages:${PYTHONPATH} /usr/bin/python3 -W ignore:setup.py install is deprecated -W ignore:easy_install command is deprecated setup.py egg_info --egg-base ../../build/my_robot_sim build --build-base /home/shreya/ros2_ws/build/my_robot_sim/build install --record /home/shreya/ros2_ws/build/my_robot_sim/install.log --single-version-externally-managed install_data
[0.770s] running egg_info
[0.770s] creating ../../build/my_robot_sim/my_robot_sim.egg-info
[0.770s] writing ../../build/my_robot_sim/my_robot_sim.egg-info/PKG-INFO
[0.770s] writing dependency_links to ../../build/my_robot_sim/my_robot_sim.egg-info/dependency_links.txt
[0.770s] writing entry points to ../../build/my_robot_sim/my_robot_sim.egg-info/entry_points.txt
[0.770s] writing requirements to ../../build/my_robot_sim/my_robot_sim.egg-info/requires.txt
[0.770s] writing top-level names to ../../build/my_robot_sim/my_robot_sim.egg-info/top_level.txt
[0.771s] writing manifest file '../../build/my_robot_sim/my_robot_sim.egg-info/SOURCES.txt'
[0.771s] reading manifest file '../../build/my_robot_sim/my_robot_sim.egg-info/SOURCES.txt'
[0.771s] writing manifest file '../../build/my_robot_sim/my_robot_sim.egg-info/SOURCES.txt'
[0.771s] running build
[0.771s] running build_py
[0.771s] creating /home/shreya/ros2_ws/build/my_robot_sim/build
[0.771s] creating /home/shreya/ros2_ws/build/my_robot_sim/build/lib
[0.771s] creating /home/shreya/ros2_ws/build/my_robot_sim/build/lib/my_robot_sim
[0.771s] copying my_robot_sim/__init__.py -> /home/shreya/ros2_ws/build/my_robot_sim/build/lib/my_robot_sim
[0.771s] running install
[0.771s] running install_lib
[0.771s] creating /home/shreya/ros2_ws/install/my_robot_sim/lib/python3.10/site-packages/my_robot_sim
[0.771s] copying /home/shreya/ros2_ws/build/my_robot_sim/build/lib/my_robot_sim/__init__.py -> /home/shreya/ros2_ws/install/my_robot_sim/lib/python3.10/site-packages/my_robot_sim
[0.773s] byte-compiling /home/shreya/ros2_ws/install/my_robot_sim/lib/python3.10/site-packages/my_robot_sim/__init__.py to __init__.cpython-310.pyc
[0.774s] running install_data
[0.775s] creating /home/shreya/ros2_ws/install/my_robot_sim/share/ament_index
[0.776s] creating /home/shreya/ros2_ws/install/my_robot_sim/share/ament_index/resource_index
[0.776s] creating /home/shreya/ros2_ws/install/my_robot_sim/share/ament_index/resource_index/packages
[0.776s] copying resource/my_robot_sim -> /home/shreya/ros2_ws/install/my_robot_sim/share/ament_index/resource_index/packages
[0.776s] copying package.xml -> /home/shreya/ros2_ws/install/my_robot_sim/share/my_robot_sim
[0.776s] running install_egg_info
[0.778s] Copying ../../build/my_robot_sim/my_robot_sim.egg-info to /home/shreya/ros2_ws/install/my_robot_sim/lib/python3.10/site-packages/my_robot_sim-0.0.0-py3.10.egg-info
[0.779s] running install_scripts
[0.807s] writing list of installed files to '/home/shreya/ros2_ws/build/my_robot_sim/install.log'
[0.844s] Invoked command in '/home/shreya/ros2_ws/src/my_robot_sim' returned '0': PYTHONPATH=/home/shreya/ros2_ws/build/my_robot_sim/prefix_override:/usr/lib/python3/dist-packages/colcon_core/task/python/colcon_distutils_commands:/home/shreya/ros2_ws/install/my_robot_sim/lib/python3.10/site-packages:${PYTHONPATH} /usr/bin/python3 -W ignore:setup.py install is deprecated -W ignore:easy_install command is deprecated setup.py egg_info --egg-base ../../build/my_robot_sim build --build-base /home/shreya/ros2_ws/build/my_robot_sim/build install --record /home/shreya/ros2_ws/build/my_robot_sim/install.log --single-version-externally-managed install_data
