[0.508s] Invoking command in '/home/shreya/ros2_ws/src/serial_distance': PYTHONPATH=/home/shreya/ros2_ws/build/serial_distance/prefix_override:/usr/lib/python3/dist-packages/colcon_core/task/python/colcon_distutils_commands:/home/shreya/ros2_ws/install/serial_distance/lib/python3.10/site-packages:${PYTHONPATH} /usr/bin/python3 -W ignore:setup.py install is deprecated -W ignore:easy_install command is deprecated setup.py egg_info --egg-base ../../build/serial_distance build --build-base /home/shreya/ros2_ws/build/serial_distance/build install --record /home/shreya/ros2_ws/build/serial_distance/install.log --single-version-externally-managed
[0.664s] running egg_info
[0.665s] writing ../../build/serial_distance/serial_distance.egg-info/PKG-INFO
[0.668s] writing dependency_links to ../../build/serial_distance/serial_distance.egg-info/dependency_links.txt
[0.671s] writing entry points to ../../build/serial_distance/serial_distance.egg-info/entry_points.txt
[0.674s] writing requirements to ../../build/serial_distance/serial_distance.egg-info/requires.txt
[0.674s] writing top-level names to ../../build/serial_distance/serial_distance.egg-info/top_level.txt
[0.675s] reading manifest file '../../build/serial_distance/serial_distance.egg-info/SOURCES.txt'
[0.676s] writing manifest file '../../build/serial_distance/serial_distance.egg-info/SOURCES.txt'
[0.677s] running build
[0.677s] running build_py
[0.680s] running install
[0.680s] running install_lib
[0.684s] running install_egg_info
[0.686s] removing '/home/shreya/ros2_ws/install/serial_distance/lib/python3.10/site-packages/serial_distance-0.0.0-py3.10.egg-info' (and everything under it)
[0.686s] Copying ../../build/serial_distance/serial_distance.egg-info to /home/shreya/ros2_ws/install/serial_distance/lib/python3.10/site-packages/serial_distance-0.0.0-py3.10.egg-info
[0.697s] running install_scripts
[0.712s] Installing distance_publisher script to /home/shreya/ros2_ws/install/serial_distance/lib/serial_distance
[0.714s] writing list of installed files to '/home/shreya/ros2_ws/build/serial_distance/install.log'
[0.744s] Invoked command in '/home/shreya/ros2_ws/src/serial_distance' returned '0': PYTHONPATH=/home/shreya/ros2_ws/build/serial_distance/prefix_override:/usr/lib/python3/dist-packages/colcon_core/task/python/colcon_distutils_commands:/home/shreya/ros2_ws/install/serial_distance/lib/python3.10/site-packages:${PYTHONPATH} /usr/bin/python3 -W ignore:setup.py install is deprecated -W ignore:easy_install command is deprecated setup.py egg_info --egg-base ../../build/serial_distance build --build-base /home/shreya/ros2_ws/build/serial_distance/build install --record /home/shreya/ros2_ws/build/serial_distance/install.log --single-version-externally-managed
