[0.609s] DEBUG:colcon:Command line arguments: ['/usr/bin/colcon', 'build']
[0.609s] DEBUG:colcon:Parsed command line arguments: Namespace(log_base=None, log_level=None, verb_name='build', build_base='build', install_base='install', merge_install=False, symlink_install=False, test_result_base=None, continue_on_error=False, executor='parallel', parallel_workers=2, event_handlers=None, ignore_user_meta=False, metas=['./colcon.meta'], base_paths=['.'], packages_ignore=None, packages_ignore_regex=None, paths=None, packages_up_to=None, packages_up_to_regex=None, packages_above=None, packages_above_and_dependencies=None, packages_above_depth=None, packages_select_by_dep=None, packages_skip_by_dep=None, packages_skip_up_to=None, packages_select_build_failed=False, packages_skip_build_finished=False, packages_select_test_failures=False, packages_skip_test_passed=False, packages_select=None, packages_skip=None, packages_select_regex=None, packages_skip_regex=None, packages_start=None, packages_end=None, allow_overriding=[], cmake_args=None, cmake_target=None, cmake_target_skip_unavailable=False, cmake_clean_cache=False, cmake_clean_first=False, cmake_force_configure=False, ament_cmake_args=None, catkin_cmake_args=None, catkin_skip_building_tests=False, verb_parser=<colcon_defaults.argument_parser.defaults.DefaultArgumentsDecorator object at 0x76227cb60280>, verb_extension=<colcon_core.verb.build.BuildVerb object at 0x76227cccdbd0>, main=<bound method BuildVerb.main of <colcon_core.verb.build.BuildVerb object at 0x76227cccdbd0>>)
[1.046s] Level 1:colcon.colcon_core.package_discovery:discover_packages(colcon_meta) check parameters
[1.046s] Level 1:colcon.colcon_core.package_discovery:discover_packages(recursive) check parameters
[1.046s] Level 1:colcon.colcon_core.package_discovery:discover_packages(ignore) check parameters
[1.046s] Level 1:colcon.colcon_core.package_discovery:discover_packages(path) check parameters
[1.046s] Level 1:colcon.colcon_core.package_discovery:discover_packages(colcon_meta) discover
[1.046s] Level 1:colcon.colcon_core.package_discovery:discover_packages(recursive) discover
[1.046s] INFO:colcon.colcon_core.package_discovery:Crawling recursively for packages in '/home/shreya/ros2_ws'
[1.046s] Level 1:colcon.colcon_core.package_identification:_identify(.) by extensions ['ignore', 'ignore_ament_install']
[1.046s] Level 1:colcon.colcon_core.package_identification:_identify(.) by extension 'ignore'
[1.046s] Level 1:colcon.colcon_core.package_identification:_identify(.) by extension 'ignore_ament_install'
[1.046s] Level 1:colcon.colcon_core.package_identification:_identify(.) by extensions ['colcon_pkg']
[1.046s] Level 1:colcon.colcon_core.package_identification:_identify(.) by extension 'colcon_pkg'
[1.046s] Level 1:colcon.colcon_core.package_identification:_identify(.) by extensions ['colcon_meta']
[1.046s] Level 1:colcon.colcon_core.package_identification:_identify(.) by extension 'colcon_meta'
[1.046s] Level 1:colcon.colcon_core.package_identification:_identify(.) by extensions ['ros']
[1.046s] Level 1:colcon.colcon_core.package_identification:_identify(.) by extension 'ros'
[1.060s] Level 1:colcon.colcon_core.package_identification:_identify(.) by extensions ['cmake', 'python']
[1.060s] Level 1:colcon.colcon_core.package_identification:_identify(.) by extension 'cmake'
[1.060s] Level 1:colcon.colcon_core.package_identification:_identify(.) by extension 'python'
[1.060s] Level 1:colcon.colcon_core.package_identification:_identify(.) by extensions ['python_setup_py']
[1.060s] Level 1:colcon.colcon_core.package_identification:_identify(.) by extension 'python_setup_py'
[1.060s] Level 1:colcon.colcon_core.package_identification:_identify(build) by extensions ['ignore', 'ignore_ament_install']
[1.060s] Level 1:colcon.colcon_core.package_identification:_identify(build) by extension 'ignore'
[1.060s] Level 1:colcon.colcon_core.package_identification:_identify(build) ignored
[1.060s] Level 1:colcon.colcon_core.package_identification:_identify(install) by extensions ['ignore', 'ignore_ament_install']
[1.060s] Level 1:colcon.colcon_core.package_identification:_identify(install) by extension 'ignore'
[1.060s] Level 1:colcon.colcon_core.package_identification:_identify(install) ignored
[1.060s] Level 1:colcon.colcon_core.package_identification:_identify(log) by extensions ['ignore', 'ignore_ament_install']
[1.060s] Level 1:colcon.colcon_core.package_identification:_identify(log) by extension 'ignore'
[1.060s] Level 1:colcon.colcon_core.package_identification:_identify(log) ignored
[1.062s] Level 1:colcon.colcon_core.package_identification:_identify(src) by extensions ['ignore', 'ignore_ament_install']
[1.062s] Level 1:colcon.colcon_core.package_identification:_identify(src) by extension 'ignore'
[1.062s] Level 1:colcon.colcon_core.package_identification:_identify(src) by extension 'ignore_ament_install'
[1.062s] Level 1:colcon.colcon_core.package_identification:_identify(src) by extensions ['colcon_pkg']
[1.062s] Level 1:colcon.colcon_core.package_identification:_identify(src) by extension 'colcon_pkg'
[1.062s] Level 1:colcon.colcon_core.package_identification:_identify(src) by extensions ['colcon_meta']
[1.062s] Level 1:colcon.colcon_core.package_identification:_identify(src) by extension 'colcon_meta'
[1.062s] Level 1:colcon.colcon_core.package_identification:_identify(src) by extensions ['ros']
[1.062s] Level 1:colcon.colcon_core.package_identification:_identify(src) by extension 'ros'
[1.062s] Level 1:colcon.colcon_core.package_identification:_identify(src) by extensions ['cmake', 'python']
[1.062s] Level 1:colcon.colcon_core.package_identification:_identify(src) by extension 'cmake'
[1.062s] Level 1:colcon.colcon_core.package_identification:_identify(src) by extension 'python'
[1.062s] Level 1:colcon.colcon_core.package_identification:_identify(src) by extensions ['python_setup_py']
[1.062s] Level 1:colcon.colcon_core.package_identification:_identify(src) by extension 'python_setup_py'
[1.063s] Level 1:colcon.colcon_core.package_identification:_identify(src/arduino_comm) by extensions ['ignore', 'ignore_ament_install']
[1.063s] Level 1:colcon.colcon_core.package_identification:_identify(src/arduino_comm) by extension 'ignore'
[1.063s] Level 1:colcon.colcon_core.package_identification:_identify(src/arduino_comm) by extension 'ignore_ament_install'
[1.063s] Level 1:colcon.colcon_core.package_identification:_identify(src/arduino_comm) by extensions ['colcon_pkg']
[1.063s] Level 1:colcon.colcon_core.package_identification:_identify(src/arduino_comm) by extension 'colcon_pkg'
[1.063s] Level 1:colcon.colcon_core.package_identification:_identify(src/arduino_comm) by extensions ['colcon_meta']
[1.063s] Level 1:colcon.colcon_core.package_identification:_identify(src/arduino_comm) by extension 'colcon_meta'
[1.063s] Level 1:colcon.colcon_core.package_identification:_identify(src/arduino_comm) by extensions ['ros']
[1.063s] Level 1:colcon.colcon_core.package_identification:_identify(src/arduino_comm) by extension 'ros'
[1.068s] DEBUG:colcon.colcon_core.package_identification:Package 'src/arduino_comm' with type 'ros.ament_python' and name 'arduino_comm'
[1.069s] Level 1:colcon.colcon_core.package_identification:_identify(src/object_avoidance) by extensions ['ignore', 'ignore_ament_install']
[1.069s] Level 1:colcon.colcon_core.package_identification:_identify(src/object_avoidance) by extension 'ignore'
[1.069s] Level 1:colcon.colcon_core.package_identification:_identify(src/object_avoidance) by extension 'ignore_ament_install'
[1.069s] Level 1:colcon.colcon_core.package_identification:_identify(src/object_avoidance) by extensions ['colcon_pkg']
[1.069s] Level 1:colcon.colcon_core.package_identification:_identify(src/object_avoidance) by extension 'colcon_pkg'
[1.069s] Level 1:colcon.colcon_core.package_identification:_identify(src/object_avoidance) by extensions ['colcon_meta']
[1.070s] Level 1:colcon.colcon_core.package_identification:_identify(src/object_avoidance) by extension 'colcon_meta'
[1.070s] Level 1:colcon.colcon_core.package_identification:_identify(src/object_avoidance) by extensions ['ros']
[1.070s] Level 1:colcon.colcon_core.package_identification:_identify(src/object_avoidance) by extension 'ros'
[1.071s] DEBUG:colcon.colcon_core.package_identification:Package 'src/object_avoidance' with type 'ros.ament_cmake' and name 'object_avoidance'
[1.072s] Level 1:colcon.colcon_core.package_identification:_identify(src/serial_distance) by extensions ['ignore', 'ignore_ament_install']
[1.072s] Level 1:colcon.colcon_core.package_identification:_identify(src/serial_distance) by extension 'ignore'
[1.072s] Level 1:colcon.colcon_core.package_identification:_identify(src/serial_distance) by extension 'ignore_ament_install'
[1.072s] Level 1:colcon.colcon_core.package_identification:_identify(src/serial_distance) by extensions ['colcon_pkg']
[1.072s] Level 1:colcon.colcon_core.package_identification:_identify(src/serial_distance) by extension 'colcon_pkg'
[1.072s] Level 1:colcon.colcon_core.package_identification:_identify(src/serial_distance) by extensions ['colcon_meta']
[1.072s] Level 1:colcon.colcon_core.package_identification:_identify(src/serial_distance) by extension 'colcon_meta'
[1.072s] Level 1:colcon.colcon_core.package_identification:_identify(src/serial_distance) by extensions ['ros']
[1.072s] Level 1:colcon.colcon_core.package_identification:_identify(src/serial_distance) by extension 'ros'
[1.073s] DEBUG:colcon.colcon_core.package_identification:Package 'src/serial_distance' with type 'ros.ament_python' and name 'serial_distance'
[1.074s] Level 1:colcon.colcon_core.package_identification:_identify(src/sim_avoidance) by extensions ['ignore', 'ignore_ament_install']
[1.074s] Level 1:colcon.colcon_core.package_identification:_identify(src/sim_avoidance) by extension 'ignore'
[1.074s] Level 1:colcon.colcon_core.package_identification:_identify(src/sim_avoidance) by extension 'ignore_ament_install'
[1.074s] Level 1:colcon.colcon_core.package_identification:_identify(src/sim_avoidance) by extensions ['colcon_pkg']
[1.074s] Level 1:colcon.colcon_core.package_identification:_identify(src/sim_avoidance) by extension 'colcon_pkg'
[1.074s] Level 1:colcon.colcon_core.package_identification:_identify(src/sim_avoidance) by extensions ['colcon_meta']
[1.074s] Level 1:colcon.colcon_core.package_identification:_identify(src/sim_avoidance) by extension 'colcon_meta'
[1.074s] Level 1:colcon.colcon_core.package_identification:_identify(src/sim_avoidance) by extensions ['ros']
[1.074s] Level 1:colcon.colcon_core.package_identification:_identify(src/sim_avoidance) by extension 'ros'
[1.076s] DEBUG:colcon.colcon_core.package_identification:Package 'src/sim_avoidance' with type 'ros.ament_python' and name 'sim_avoidance'
[1.076s] Level 1:colcon.colcon_core.package_discovery:discover_packages(recursive) using defaults
[1.076s] Level 1:colcon.colcon_core.package_discovery:discover_packages(ignore) discover
[1.076s] Level 1:colcon.colcon_core.package_discovery:discover_packages(ignore) using defaults
[1.076s] Level 1:colcon.colcon_core.package_discovery:discover_packages(path) discover
[1.076s] Level 1:colcon.colcon_core.package_discovery:discover_packages(path) using defaults
[1.126s] Level 1:colcon.colcon_core.package_discovery:discover_packages(prefix_path) check parameters
[1.126s] Level 1:colcon.colcon_core.package_discovery:discover_packages(prefix_path) discover
[1.135s] DEBUG:colcon.colcon_installed_package_information.package_discovery:Found 4 installed packages in /home/shreya/ros2_ws/install
[1.136s] DEBUG:colcon.colcon_installed_package_information.package_discovery:Found 281 installed packages in /opt/ros/humble
[1.145s] Level 1:colcon.colcon_core.package_discovery:discover_packages(prefix_path) using defaults
[1.184s] Level 5:colcon.colcon_core.verb:set package 'arduino_comm' build argument 'cmake_args' from command line to 'None'
[1.184s] Level 5:colcon.colcon_core.verb:set package 'arduino_comm' build argument 'cmake_target' from command line to 'None'
[1.184s] Level 5:colcon.colcon_core.verb:set package 'arduino_comm' build argument 'cmake_target_skip_unavailable' from command line to 'False'
[1.184s] Level 5:colcon.colcon_core.verb:set package 'arduino_comm' build argument 'cmake_clean_cache' from command line to 'False'
[1.184s] Level 5:colcon.colcon_core.verb:set package 'arduino_comm' build argument 'cmake_clean_first' from command line to 'False'
[1.184s] Level 5:colcon.colcon_core.verb:set package 'arduino_comm' build argument 'cmake_force_configure' from command line to 'False'
[1.184s] Level 5:colcon.colcon_core.verb:set package 'arduino_comm' build argument 'ament_cmake_args' from command line to 'None'
[1.184s] Level 5:colcon.colcon_core.verb:set package 'arduino_comm' build argument 'catkin_cmake_args' from command line to 'None'
[1.184s] Level 5:colcon.colcon_core.verb:set package 'arduino_comm' build argument 'catkin_skip_building_tests' from command line to 'False'
[1.184s] DEBUG:colcon.colcon_core.verb:Building package 'arduino_comm' with the following arguments: {'ament_cmake_args': None, 'build_base': '/home/shreya/ros2_ws/build/arduino_comm', 'catkin_cmake_args': None, 'catkin_skip_building_tests': False, 'cmake_args': None, 'cmake_clean_cache': False, 'cmake_clean_first': False, 'cmake_force_configure': False, 'cmake_target': None, 'cmake_target_skip_unavailable': False, 'install_base': '/home/shreya/ros2_ws/install/arduino_comm', 'merge_install': False, 'path': '/home/shreya/ros2_ws/src/arduino_comm', 'symlink_install': False, 'test_result_base': None}
[1.184s] Level 5:colcon.colcon_core.verb:set package 'object_avoidance' build argument 'cmake_args' from command line to 'None'
[1.184s] Level 5:colcon.colcon_core.verb:set package 'object_avoidance' build argument 'cmake_target' from command line to 'None'
[1.184s] Level 5:colcon.colcon_core.verb:set package 'object_avoidance' build argument 'cmake_target_skip_unavailable' from command line to 'False'
[1.184s] Level 5:colcon.colcon_core.verb:set package 'object_avoidance' build argument 'cmake_clean_cache' from command line to 'False'
[1.184s] Level 5:colcon.colcon_core.verb:set package 'object_avoidance' build argument 'cmake_clean_first' from command line to 'False'
[1.184s] Level 5:colcon.colcon_core.verb:set package 'object_avoidance' build argument 'cmake_force_configure' from command line to 'False'
[1.184s] Level 5:colcon.colcon_core.verb:set package 'object_avoidance' build argument 'ament_cmake_args' from command line to 'None'
[1.184s] Level 5:colcon.colcon_core.verb:set package 'object_avoidance' build argument 'catkin_cmake_args' from command line to 'None'
[1.184s] Level 5:colcon.colcon_core.verb:set package 'object_avoidance' build argument 'catkin_skip_building_tests' from command line to 'False'
[1.184s] DEBUG:colcon.colcon_core.verb:Building package 'object_avoidance' with the following arguments: {'ament_cmake_args': None, 'build_base': '/home/shreya/ros2_ws/build/object_avoidance', 'catkin_cmake_args': None, 'catkin_skip_building_tests': False, 'cmake_args': None, 'cmake_clean_cache': False, 'cmake_clean_first': False, 'cmake_force_configure': False, 'cmake_target': None, 'cmake_target_skip_unavailable': False, 'install_base': '/home/shreya/ros2_ws/install/object_avoidance', 'merge_install': False, 'path': '/home/shreya/ros2_ws/src/object_avoidance', 'symlink_install': False, 'test_result_base': None}
[1.184s] Level 5:colcon.colcon_core.verb:set package 'serial_distance' build argument 'cmake_args' from command line to 'None'
[1.184s] Level 5:colcon.colcon_core.verb:set package 'serial_distance' build argument 'cmake_target' from command line to 'None'
[1.185s] Level 5:colcon.colcon_core.verb:set package 'serial_distance' build argument 'cmake_target_skip_unavailable' from command line to 'False'
[1.185s] Level 5:colcon.colcon_core.verb:set package 'serial_distance' build argument 'cmake_clean_cache' from command line to 'False'
[1.185s] Level 5:colcon.colcon_core.verb:set package 'serial_distance' build argument 'cmake_clean_first' from command line to 'False'
[1.185s] Level 5:colcon.colcon_core.verb:set package 'serial_distance' build argument 'cmake_force_configure' from command line to 'False'
[1.185s] Level 5:colcon.colcon_core.verb:set package 'serial_distance' build argument 'ament_cmake_args' from command line to 'None'
[1.185s] Level 5:colcon.colcon_core.verb:set package 'serial_distance' build argument 'catkin_cmake_args' from command line to 'None'
[1.185s] Level 5:colcon.colcon_core.verb:set package 'serial_distance' build argument 'catkin_skip_building_tests' from command line to 'False'
[1.185s] DEBUG:colcon.colcon_core.verb:Building package 'serial_distance' with the following arguments: {'ament_cmake_args': None, 'build_base': '/home/shreya/ros2_ws/build/serial_distance', 'catkin_cmake_args': None, 'catkin_skip_building_tests': False, 'cmake_args': None, 'cmake_clean_cache': False, 'cmake_clean_first': False, 'cmake_force_configure': False, 'cmake_target': None, 'cmake_target_skip_unavailable': False, 'install_base': '/home/shreya/ros2_ws/install/serial_distance', 'merge_install': False, 'path': '/home/shreya/ros2_ws/src/serial_distance', 'symlink_install': False, 'test_result_base': None}
[1.185s] Level 5:colcon.colcon_core.verb:set package 'sim_avoidance' build argument 'cmake_args' from command line to 'None'
[1.185s] Level 5:colcon.colcon_core.verb:set package 'sim_avoidance' build argument 'cmake_target' from command line to 'None'
[1.185s] Level 5:colcon.colcon_core.verb:set package 'sim_avoidance' build argument 'cmake_target_skip_unavailable' from command line to 'False'
[1.185s] Level 5:colcon.colcon_core.verb:set package 'sim_avoidance' build argument 'cmake_clean_cache' from command line to 'False'
[1.185s] Level 5:colcon.colcon_core.verb:set package 'sim_avoidance' build argument 'cmake_clean_first' from command line to 'False'
[1.185s] Level 5:colcon.colcon_core.verb:set package 'sim_avoidance' build argument 'cmake_force_configure' from command line to 'False'
[1.185s] Level 5:colcon.colcon_core.verb:set package 'sim_avoidance' build argument 'ament_cmake_args' from command line to 'None'
[1.185s] Level 5:colcon.colcon_core.verb:set package 'sim_avoidance' build argument 'catkin_cmake_args' from command line to 'None'
[1.185s] Level 5:colcon.colcon_core.verb:set package 'sim_avoidance' build argument 'catkin_skip_building_tests' from command line to 'False'
[1.185s] DEBUG:colcon.colcon_core.verb:Building package 'sim_avoidance' with the following arguments: {'ament_cmake_args': None, 'build_base': '/home/shreya/ros2_ws/build/sim_avoidance', 'catkin_cmake_args': None, 'catkin_skip_building_tests': False, 'cmake_args': None, 'cmake_clean_cache': False, 'cmake_clean_first': False, 'cmake_force_configure': False, 'cmake_target': None, 'cmake_target_skip_unavailable': False, 'install_base': '/home/shreya/ros2_ws/install/sim_avoidance', 'merge_install': False, 'path': '/home/shreya/ros2_ws/src/sim_avoidance', 'symlink_install': False, 'test_result_base': None}
[1.185s] INFO:colcon.colcon_core.executor:Executing jobs using 'parallel' executor
[1.189s] DEBUG:colcon.colcon_parallel_executor.executor.parallel:run_until_complete
[1.189s] INFO:colcon.colcon_ros.task.ament_python.build:Building ROS package in '/home/shreya/ros2_ws/src/arduino_comm' with build type 'ament_python'
[1.189s] Level 1:colcon.colcon_core.shell:create_environment_hook('arduino_comm', 'ament_prefix_path')
[1.209s] INFO:colcon.colcon_core.plugin_system:Skipping extension 'colcon_core.shell.bat': Not used on non-Windows systems
[1.209s] INFO:colcon.colcon_core.shell:Creating environment hook '/home/shreya/ros2_ws/install/arduino_comm/share/arduino_comm/hook/ament_prefix_path.ps1'
[1.212s] INFO:colcon.colcon_core.shell:Creating environment descriptor '/home/shreya/ros2_ws/install/arduino_comm/share/arduino_comm/hook/ament_prefix_path.dsv'
[1.213s] INFO:colcon.colcon_core.shell:Creating environment hook '/home/shreya/ros2_ws/install/arduino_comm/share/arduino_comm/hook/ament_prefix_path.sh'
[1.216s] INFO:colcon.colcon_core.shell:Skip shell extension 'powershell' for command environment: Not usable outside of PowerShell
[1.216s] DEBUG:colcon.colcon_core.shell:Skip shell extension 'dsv' for command environment
[1.223s] INFO:colcon.colcon_ros.task.ament_cmake.build:Building ROS package in '/home/shreya/ros2_ws/src/object_avoidance' with build type 'ament_cmake'
[1.223s] INFO:colcon.colcon_cmake.task.cmake.build:Building CMake package in '/home/shreya/ros2_ws/src/object_avoidance'
[1.224s] INFO:colcon.colcon_core.shell:Skip shell extension 'powershell' for command environment: Not usable outside of PowerShell
[1.224s] DEBUG:colcon.colcon_core.shell:Skip shell extension 'dsv' for command environment
[1.416s] INFO:colcon.colcon_core.task.python.build:Building Python package in '/home/shreya/ros2_ws/src/arduino_comm'
[1.417s] INFO:colcon.colcon_core.shell:Skip shell extension 'powershell' for command environment: Not usable outside of PowerShell
[1.417s] DEBUG:colcon.colcon_core.shell:Skip shell extension 'dsv' for command environment
[1.424s] DEBUG:colcon.colcon_core.event_handler.log_command:Invoking command in '/home/shreya/ros2_ws/build/object_avoidance': CMAKE_PREFIX_PATH=${CMAKE_PREFIX_PATH}:/home/shreya/ros2_ws/install/sim_avoidance:/home/shreya/ros2_ws/install/serial_distance:/home/shreya/ros2_ws/install/arduino_comm:/opt/ros/humble /usr/bin/cmake --build /home/shreya/ros2_ws/build/object_avoidance -- -j2 -l2
[1.663s] DEBUG:colcon.colcon_core.event_handler.log_command:Invoked command in '/home/shreya/ros2_ws/build/object_avoidance' returned '0': CMAKE_PREFIX_PATH=${CMAKE_PREFIX_PATH}:/home/shreya/ros2_ws/install/sim_avoidance:/home/shreya/ros2_ws/install/serial_distance:/home/shreya/ros2_ws/install/arduino_comm:/opt/ros/humble /usr/bin/cmake --build /home/shreya/ros2_ws/build/object_avoidance -- -j2 -l2
[1.685s] DEBUG:colcon.colcon_core.event_handler.log_command:Invoking command in '/home/shreya/ros2_ws/build/object_avoidance': CMAKE_PREFIX_PATH=${CMAKE_PREFIX_PATH}:/home/shreya/ros2_ws/install/sim_avoidance:/home/shreya/ros2_ws/install/serial_distance:/home/shreya/ros2_ws/install/arduino_comm:/opt/ros/humble /usr/bin/cmake --install /home/shreya/ros2_ws/build/object_avoidance
[1.711s] Level 1:colcon.colcon_core.environment:create_environment_scripts_only(object_avoidance)
[1.712s] DEBUG:colcon.colcon_core.event_handler.log_command:Invoked command in '/home/shreya/ros2_ws/build/object_avoidance' returned '0': CMAKE_PREFIX_PATH=${CMAKE_PREFIX_PATH}:/home/shreya/ros2_ws/install/sim_avoidance:/home/shreya/ros2_ws/install/serial_distance:/home/shreya/ros2_ws/install/arduino_comm:/opt/ros/humble /usr/bin/cmake --install /home/shreya/ros2_ws/build/object_avoidance
[1.733s] Level 1:colcon.colcon_core.environment:checking '/home/shreya/ros2_ws/install/object_avoidance' for CMake module files
[1.734s] Level 1:colcon.colcon_core.environment:checking '/home/shreya/ros2_ws/install/object_avoidance' for CMake config files
[1.734s] Level 1:colcon.colcon_core.shell:create_environment_hook('object_avoidance', 'cmake_prefix_path')
[1.735s] INFO:colcon.colcon_core.shell:Creating environment hook '/home/shreya/ros2_ws/install/object_avoidance/share/object_avoidance/hook/cmake_prefix_path.ps1'
[1.737s] INFO:colcon.colcon_core.shell:Creating environment descriptor '/home/shreya/ros2_ws/install/object_avoidance/share/object_avoidance/hook/cmake_prefix_path.dsv'
[1.738s] INFO:colcon.colcon_core.shell:Creating environment hook '/home/shreya/ros2_ws/install/object_avoidance/share/object_avoidance/hook/cmake_prefix_path.sh'
[1.742s] Level 1:colcon.colcon_core.environment:checking '/home/shreya/ros2_ws/install/object_avoidance/lib'
[1.742s] Level 1:colcon.colcon_core.environment:checking '/home/shreya/ros2_ws/install/object_avoidance/bin'
[1.742s] Level 1:colcon.colcon_core.environment:checking '/home/shreya/ros2_ws/install/object_avoidance/lib/pkgconfig/object_avoidance.pc'
[1.743s] Level 1:colcon.colcon_core.environment:checking '/home/shreya/ros2_ws/install/object_avoidance/lib/python3.10/site-packages'
[1.743s] Level 1:colcon.colcon_core.environment:checking '/home/shreya/ros2_ws/install/object_avoidance/bin'
[1.743s] INFO:colcon.colcon_core.shell:Creating package script '/home/shreya/ros2_ws/install/object_avoidance/share/object_avoidance/package.ps1'
[1.745s] INFO:colcon.colcon_core.shell:Creating package descriptor '/home/shreya/ros2_ws/install/object_avoidance/share/object_avoidance/package.dsv'
[1.746s] INFO:colcon.colcon_core.shell:Creating package script '/home/shreya/ros2_ws/install/object_avoidance/share/object_avoidance/package.sh'
[1.747s] INFO:colcon.colcon_core.shell:Creating package script '/home/shreya/ros2_ws/install/object_avoidance/share/object_avoidance/package.bash'
[1.749s] INFO:colcon.colcon_core.shell:Creating package script '/home/shreya/ros2_ws/install/object_avoidance/share/object_avoidance/package.zsh'
[1.752s] Level 1:colcon.colcon_core.environment:create_file_with_runtime_dependencies(/home/shreya/ros2_ws/install/object_avoidance/share/colcon-core/packages/object_avoidance)
[1.753s] Level 1:colcon.colcon_core.environment:create_environment_scripts_only(object_avoidance)
[1.753s] Level 1:colcon.colcon_core.environment:checking '/home/shreya/ros2_ws/install/object_avoidance' for CMake module files
[1.753s] Level 1:colcon.colcon_core.environment:checking '/home/shreya/ros2_ws/install/object_avoidance' for CMake config files
[1.754s] Level 1:colcon.colcon_core.shell:create_environment_hook('object_avoidance', 'cmake_prefix_path')
[1.754s] INFO:colcon.colcon_core.shell:Creating environment hook '/home/shreya/ros2_ws/install/object_avoidance/share/object_avoidance/hook/cmake_prefix_path.ps1'
[1.754s] INFO:colcon.colcon_core.shell:Creating environment descriptor '/home/shreya/ros2_ws/install/object_avoidance/share/object_avoidance/hook/cmake_prefix_path.dsv'
[1.755s] INFO:colcon.colcon_core.shell:Creating environment hook '/home/shreya/ros2_ws/install/object_avoidance/share/object_avoidance/hook/cmake_prefix_path.sh'
[1.755s] Level 1:colcon.colcon_core.environment:checking '/home/shreya/ros2_ws/install/object_avoidance/lib'
[1.756s] Level 1:colcon.colcon_core.environment:checking '/home/shreya/ros2_ws/install/object_avoidance/bin'
[1.756s] Level 1:colcon.colcon_core.environment:checking '/home/shreya/ros2_ws/install/object_avoidance/lib/pkgconfig/object_avoidance.pc'
[1.756s] Level 1:colcon.colcon_core.environment:checking '/home/shreya/ros2_ws/install/object_avoidance/lib/python3.10/site-packages'
[1.756s] Level 1:colcon.colcon_core.environment:checking '/home/shreya/ros2_ws/install/object_avoidance/bin'
[1.756s] INFO:colcon.colcon_core.shell:Creating package script '/home/shreya/ros2_ws/install/object_avoidance/share/object_avoidance/package.ps1'
[1.757s] INFO:colcon.colcon_core.shell:Creating package descriptor '/home/shreya/ros2_ws/install/object_avoidance/share/object_avoidance/package.dsv'
[1.757s] INFO:colcon.colcon_core.shell:Creating package script '/home/shreya/ros2_ws/install/object_avoidance/share/object_avoidance/package.sh'
[1.758s] INFO:colcon.colcon_core.shell:Creating package script '/home/shreya/ros2_ws/install/object_avoidance/share/object_avoidance/package.bash'
[1.759s] INFO:colcon.colcon_core.shell:Creating package script '/home/shreya/ros2_ws/install/object_avoidance/share/object_avoidance/package.zsh'
[1.759s] Level 1:colcon.colcon_core.environment:create_file_with_runtime_dependencies(/home/shreya/ros2_ws/install/object_avoidance/share/colcon-core/packages/object_avoidance)
[1.760s] INFO:colcon.colcon_ros.task.ament_python.build:Building ROS package in '/home/shreya/ros2_ws/src/serial_distance' with build type 'ament_python'
[1.760s] Level 1:colcon.colcon_core.shell:create_environment_hook('serial_distance', 'ament_prefix_path')
[1.760s] INFO:colcon.colcon_core.shell:Creating environment hook '/home/shreya/ros2_ws/install/serial_distance/share/serial_distance/hook/ament_prefix_path.ps1'
[1.761s] INFO:colcon.colcon_core.shell:Creating environment descriptor '/home/shreya/ros2_ws/install/serial_distance/share/serial_distance/hook/ament_prefix_path.dsv'
[1.761s] INFO:colcon.colcon_core.shell:Creating environment hook '/home/shreya/ros2_ws/install/serial_distance/share/serial_distance/hook/ament_prefix_path.sh'
[1.762s] INFO:colcon.colcon_core.shell:Skip shell extension 'powershell' for command environment: Not usable outside of PowerShell
[1.762s] DEBUG:colcon.colcon_core.shell:Skip shell extension 'dsv' for command environment
[1.969s] WARNING:colcon.colcon_ros.task.ament_python.build:Package 'serial_distance' doesn't explicitly install a marker in the package index (colcon-ros currently does it implicitly but that fallback will be removed in the future)
[1.971s] WARNING:colcon.colcon_ros.task.ament_python.build:Package 'serial_distance' doesn't explicitly install the 'package.xml' file (colcon-ros currently does it implicitly but that fallback will be removed in the future)
[1.972s] INFO:colcon.colcon_core.task.python.build:Building Python package in '/home/shreya/ros2_ws/src/serial_distance'
[1.972s] INFO:colcon.colcon_core.shell:Skip shell extension 'powershell' for command environment: Not usable outside of PowerShell
[1.972s] DEBUG:colcon.colcon_core.shell:Skip shell extension 'dsv' for command environment
[1.979s] DEBUG:colcon.colcon_core.event_handler.log_command:Invoking command in '/home/shreya/ros2_ws/src/arduino_comm': PYTHONPATH=/home/shreya/ros2_ws/build/arduino_comm/prefix_override:/usr/lib/python3/dist-packages/colcon_core/task/python/colcon_distutils_commands:/home/shreya/ros2_ws/install/arduino_comm/lib/python3.10/site-packages:${PYTHONPATH} /usr/bin/python3 -W ignore:setup.py install is deprecated -W ignore:easy_install command is deprecated setup.py egg_info --egg-base ../../build/arduino_comm build --build-base /home/shreya/ros2_ws/build/arduino_comm/build install --record /home/shreya/ros2_ws/build/arduino_comm/install.log --single-version-externally-managed install_data
[2.200s] Level 1:colcon.colcon_core.environment:checking '/home/shreya/ros2_ws/install/arduino_comm' for CMake module files
[2.200s] DEBUG:colcon.colcon_core.event_handler.log_command:Invoked command in '/home/shreya/ros2_ws/src/arduino_comm' returned '0': PYTHONPATH=/home/shreya/ros2_ws/build/arduino_comm/prefix_override:/usr/lib/python3/dist-packages/colcon_core/task/python/colcon_distutils_commands:/home/shreya/ros2_ws/install/arduino_comm/lib/python3.10/site-packages:${PYTHONPATH} /usr/bin/python3 -W ignore:setup.py install is deprecated -W ignore:easy_install command is deprecated setup.py egg_info --egg-base ../../build/arduino_comm build --build-base /home/shreya/ros2_ws/build/arduino_comm/build install --record /home/shreya/ros2_ws/build/arduino_comm/install.log --single-version-externally-managed install_data
[2.201s] Level 1:colcon.colcon_core.environment:checking '/home/shreya/ros2_ws/install/arduino_comm' for CMake config files
[2.201s] Level 1:colcon.colcon_core.environment:checking '/home/shreya/ros2_ws/install/arduino_comm/lib'
[2.201s] Level 1:colcon.colcon_core.environment:checking '/home/shreya/ros2_ws/install/arduino_comm/bin'
[2.201s] Level 1:colcon.colcon_core.environment:checking '/home/shreya/ros2_ws/install/arduino_comm/lib/pkgconfig/arduino_comm.pc'
[2.201s] Level 1:colcon.colcon_core.environment:checking '/home/shreya/ros2_ws/install/arduino_comm/lib/python3.10/site-packages'
[2.201s] Level 1:colcon.colcon_core.shell:create_environment_hook('arduino_comm', 'pythonpath')
[2.201s] INFO:colcon.colcon_core.shell:Creating environment hook '/home/shreya/ros2_ws/install/arduino_comm/share/arduino_comm/hook/pythonpath.ps1'
[2.202s] INFO:colcon.colcon_core.shell:Creating environment descriptor '/home/shreya/ros2_ws/install/arduino_comm/share/arduino_comm/hook/pythonpath.dsv'
[2.203s] INFO:colcon.colcon_core.shell:Creating environment hook '/home/shreya/ros2_ws/install/arduino_comm/share/arduino_comm/hook/pythonpath.sh'
[2.204s] Level 1:colcon.colcon_core.environment:checking '/home/shreya/ros2_ws/install/arduino_comm/bin'
[2.204s] Level 1:colcon.colcon_core.environment:create_environment_scripts_only(arduino_comm)
[2.204s] INFO:colcon.colcon_core.shell:Creating package script '/home/shreya/ros2_ws/install/arduino_comm/share/arduino_comm/package.ps1'
[2.205s] INFO:colcon.colcon_core.shell:Creating package descriptor '/home/shreya/ros2_ws/install/arduino_comm/share/arduino_comm/package.dsv'
[2.205s] INFO:colcon.colcon_core.shell:Creating package script '/home/shreya/ros2_ws/install/arduino_comm/share/arduino_comm/package.sh'
[2.207s] INFO:colcon.colcon_core.shell:Creating package script '/home/shreya/ros2_ws/install/arduino_comm/share/arduino_comm/package.bash'
[2.207s] INFO:colcon.colcon_core.shell:Creating package script '/home/shreya/ros2_ws/install/arduino_comm/share/arduino_comm/package.zsh'
[2.208s] Level 1:colcon.colcon_core.environment:create_file_with_runtime_dependencies(/home/shreya/ros2_ws/install/arduino_comm/share/colcon-core/packages/arduino_comm)
[2.209s] INFO:colcon.colcon_ros.task.ament_python.build:Building ROS package in '/home/shreya/ros2_ws/src/sim_avoidance' with build type 'ament_python'
[2.209s] Level 1:colcon.colcon_core.shell:create_environment_hook('sim_avoidance', 'ament_prefix_path')
[2.209s] INFO:colcon.colcon_core.shell:Creating environment hook '/home/shreya/ros2_ws/install/sim_avoidance/share/sim_avoidance/hook/ament_prefix_path.ps1'
[2.210s] INFO:colcon.colcon_core.shell:Creating environment descriptor '/home/shreya/ros2_ws/install/sim_avoidance/share/sim_avoidance/hook/ament_prefix_path.dsv'
[2.211s] INFO:colcon.colcon_core.shell:Creating environment hook '/home/shreya/ros2_ws/install/sim_avoidance/share/sim_avoidance/hook/ament_prefix_path.sh'
[2.213s] INFO:colcon.colcon_core.shell:Skip shell extension 'powershell' for command environment: Not usable outside of PowerShell
[2.213s] DEBUG:colcon.colcon_core.shell:Skip shell extension 'dsv' for command environment
[2.391s] INFO:colcon.colcon_core.task.python.build:Building Python package in '/home/shreya/ros2_ws/src/sim_avoidance'
[2.392s] INFO:colcon.colcon_core.shell:Skip shell extension 'powershell' for command environment: Not usable outside of PowerShell
[2.392s] DEBUG:colcon.colcon_core.shell:Skip shell extension 'dsv' for command environment
[2.400s] DEBUG:colcon.colcon_core.event_handler.log_command:Invoking command in '/home/shreya/ros2_ws/src/serial_distance': PYTHONPATH=/home/shreya/ros2_ws/build/serial_distance/prefix_override:/usr/lib/python3/dist-packages/colcon_core/task/python/colcon_distutils_commands:/home/shreya/ros2_ws/install/serial_distance/lib/python3.10/site-packages:${PYTHONPATH} /usr/bin/python3 -W ignore:setup.py install is deprecated -W ignore:easy_install command is deprecated setup.py egg_info --egg-base ../../build/serial_distance build --build-base /home/shreya/ros2_ws/build/serial_distance/build install --record /home/shreya/ros2_ws/build/serial_distance/install.log --single-version-externally-managed
[2.632s] Level 1:colcon.colcon_core.environment:checking '/home/shreya/ros2_ws/install/serial_distance' for CMake module files
[2.633s] Level 1:colcon.colcon_core.environment:checking '/home/shreya/ros2_ws/install/serial_distance' for CMake config files
[2.633s] Level 1:colcon.colcon_core.environment:checking '/home/shreya/ros2_ws/install/serial_distance/lib'
[2.633s] Level 1:colcon.colcon_core.environment:checking '/home/shreya/ros2_ws/install/serial_distance/bin'
[2.633s] Level 1:colcon.colcon_core.environment:checking '/home/shreya/ros2_ws/install/serial_distance/lib/pkgconfig/serial_distance.pc'
[2.633s] Level 1:colcon.colcon_core.environment:checking '/home/shreya/ros2_ws/install/serial_distance/lib/python3.10/site-packages'
[2.633s] Level 1:colcon.colcon_core.shell:create_environment_hook('serial_distance', 'pythonpath')
[2.634s] INFO:colcon.colcon_core.shell:Creating environment hook '/home/shreya/ros2_ws/install/serial_distance/share/serial_distance/hook/pythonpath.ps1'
[2.634s] INFO:colcon.colcon_core.shell:Creating environment descriptor '/home/shreya/ros2_ws/install/serial_distance/share/serial_distance/hook/pythonpath.dsv'
[2.635s] DEBUG:colcon.colcon_core.event_handler.log_command:Invoked command in '/home/shreya/ros2_ws/src/serial_distance' returned '0': PYTHONPATH=/home/shreya/ros2_ws/build/serial_distance/prefix_override:/usr/lib/python3/dist-packages/colcon_core/task/python/colcon_distutils_commands:/home/shreya/ros2_ws/install/serial_distance/lib/python3.10/site-packages:${PYTHONPATH} /usr/bin/python3 -W ignore:setup.py install is deprecated -W ignore:easy_install command is deprecated setup.py egg_info --egg-base ../../build/serial_distance build --build-base /home/shreya/ros2_ws/build/serial_distance/build install --record /home/shreya/ros2_ws/build/serial_distance/install.log --single-version-externally-managed
[2.636s] INFO:colcon.colcon_core.shell:Creating environment hook '/home/shreya/ros2_ws/install/serial_distance/share/serial_distance/hook/pythonpath.sh'
[2.637s] Level 1:colcon.colcon_core.environment:checking '/home/shreya/ros2_ws/install/serial_distance/bin'
[2.637s] Level 1:colcon.colcon_core.environment:create_environment_scripts_only(serial_distance)
[2.637s] INFO:colcon.colcon_core.shell:Creating package script '/home/shreya/ros2_ws/install/serial_distance/share/serial_distance/package.ps1'
[2.638s] INFO:colcon.colcon_core.shell:Creating package descriptor '/home/shreya/ros2_ws/install/serial_distance/share/serial_distance/package.dsv'
[2.638s] INFO:colcon.colcon_core.shell:Creating package script '/home/shreya/ros2_ws/install/serial_distance/share/serial_distance/package.sh'
[2.639s] INFO:colcon.colcon_core.shell:Creating package script '/home/shreya/ros2_ws/install/serial_distance/share/serial_distance/package.bash'
[2.639s] INFO:colcon.colcon_core.shell:Creating package script '/home/shreya/ros2_ws/install/serial_distance/share/serial_distance/package.zsh'
[2.639s] Level 1:colcon.colcon_core.environment:create_file_with_runtime_dependencies(/home/shreya/ros2_ws/install/serial_distance/share/colcon-core/packages/serial_distance)
[2.660s] DEBUG:colcon.colcon_core.event_handler.log_command:Invoking command in '/home/shreya/ros2_ws/src/sim_avoidance': PYTHONPATH=/home/shreya/ros2_ws/build/sim_avoidance/prefix_override:/usr/lib/python3/dist-packages/colcon_core/task/python/colcon_distutils_commands:/home/shreya/ros2_ws/install/sim_avoidance/lib/python3.10/site-packages:${PYTHONPATH} /usr/bin/python3 -W ignore:setup.py install is deprecated -W ignore:easy_install command is deprecated setup.py egg_info --egg-base ../../build/sim_avoidance build --build-base /home/shreya/ros2_ws/build/sim_avoidance/build install --record /home/shreya/ros2_ws/build/sim_avoidance/install.log --single-version-externally-managed install_data
[2.882s] Level 1:colcon.colcon_core.environment:checking '/home/shreya/ros2_ws/install/sim_avoidance' for CMake module files
[2.883s] Level 1:colcon.colcon_core.environment:checking '/home/shreya/ros2_ws/install/sim_avoidance' for CMake config files
[2.883s] Level 1:colcon.colcon_core.environment:checking '/home/shreya/ros2_ws/install/sim_avoidance/lib'
[2.883s] Level 1:colcon.colcon_core.environment:checking '/home/shreya/ros2_ws/install/sim_avoidance/bin'
[2.884s] Level 1:colcon.colcon_core.environment:checking '/home/shreya/ros2_ws/install/sim_avoidance/lib/pkgconfig/sim_avoidance.pc'
[2.884s] Level 1:colcon.colcon_core.environment:checking '/home/shreya/ros2_ws/install/sim_avoidance/lib/python3.10/site-packages'
[2.884s] Level 1:colcon.colcon_core.shell:create_environment_hook('sim_avoidance', 'pythonpath')
[2.885s] INFO:colcon.colcon_core.shell:Creating environment hook '/home/shreya/ros2_ws/install/sim_avoidance/share/sim_avoidance/hook/pythonpath.ps1'
[2.887s] DEBUG:colcon.colcon_core.event_handler.log_command:Invoked command in '/home/shreya/ros2_ws/src/sim_avoidance' returned '0': PYTHONPATH=/home/shreya/ros2_ws/build/sim_avoidance/prefix_override:/usr/lib/python3/dist-packages/colcon_core/task/python/colcon_distutils_commands:/home/shreya/ros2_ws/install/sim_avoidance/lib/python3.10/site-packages:${PYTHONPATH} /usr/bin/python3 -W ignore:setup.py install is deprecated -W ignore:easy_install command is deprecated setup.py egg_info --egg-base ../../build/sim_avoidance build --build-base /home/shreya/ros2_ws/build/sim_avoidance/build install --record /home/shreya/ros2_ws/build/sim_avoidance/install.log --single-version-externally-managed install_data
[2.887s] INFO:colcon.colcon_core.shell:Creating environment descriptor '/home/shreya/ros2_ws/install/sim_avoidance/share/sim_avoidance/hook/pythonpath.dsv'
[2.888s] INFO:colcon.colcon_core.shell:Creating environment hook '/home/shreya/ros2_ws/install/sim_avoidance/share/sim_avoidance/hook/pythonpath.sh'
[2.888s] Level 1:colcon.colcon_core.environment:checking '/home/shreya/ros2_ws/install/sim_avoidance/bin'
[2.888s] Level 1:colcon.colcon_core.environment:create_environment_scripts_only(sim_avoidance)
[2.889s] INFO:colcon.colcon_core.shell:Creating package script '/home/shreya/ros2_ws/install/sim_avoidance/share/sim_avoidance/package.ps1'
[2.889s] INFO:colcon.colcon_core.shell:Creating package descriptor '/home/shreya/ros2_ws/install/sim_avoidance/share/sim_avoidance/package.dsv'
[2.891s] INFO:colcon.colcon_core.shell:Creating package script '/home/shreya/ros2_ws/install/sim_avoidance/share/sim_avoidance/package.sh'
[2.891s] INFO:colcon.colcon_core.shell:Creating package script '/home/shreya/ros2_ws/install/sim_avoidance/share/sim_avoidance/package.bash'
[2.892s] INFO:colcon.colcon_core.shell:Creating package script '/home/shreya/ros2_ws/install/sim_avoidance/share/sim_avoidance/package.zsh'
[2.892s] Level 1:colcon.colcon_core.environment:create_file_with_runtime_dependencies(/home/shreya/ros2_ws/install/sim_avoidance/share/colcon-core/packages/sim_avoidance)
[2.892s] DEBUG:colcon.colcon_parallel_executor.executor.parallel:closing loop
[2.893s] DEBUG:colcon.colcon_parallel_executor.executor.parallel:loop closed
[2.893s] DEBUG:colcon.colcon_parallel_executor.executor.parallel:run_until_complete finished with '0'
[2.893s] DEBUG:colcon.colcon_core.event_reactor:joining thread
[2.904s] INFO:colcon.colcon_core.plugin_system:Skipping extension 'colcon_notification.desktop_notification.terminal_notifier': Not used on non-Darwin systems
[2.905s] INFO:colcon.colcon_core.plugin_system:Skipping extension 'colcon_notification.desktop_notification.win32': Not used on non-Windows systems
[2.905s] INFO:colcon.colcon_notification.desktop_notification:Sending desktop notification using 'notify2'
[2.929s] DEBUG:colcon.colcon_core.event_reactor:joined thread
[2.929s] INFO:colcon.colcon_core.shell:Creating prefix script '/home/shreya/ros2_ws/install/local_setup.ps1'
[2.931s] INFO:colcon.colcon_core.shell:Creating prefix util module '/home/shreya/ros2_ws/install/_local_setup_util_ps1.py'
[2.936s] INFO:colcon.colcon_core.shell:Creating prefix chain script '/home/shreya/ros2_ws/install/setup.ps1'
[2.947s] INFO:colcon.colcon_core.shell:Creating prefix script '/home/shreya/ros2_ws/install/local_setup.sh'
[2.950s] INFO:colcon.colcon_core.shell:Creating prefix util module '/home/shreya/ros2_ws/install/_local_setup_util_sh.py'
[2.950s] INFO:colcon.colcon_core.shell:Creating prefix chain script '/home/shreya/ros2_ws/install/setup.sh'
[2.952s] INFO:colcon.colcon_core.shell:Creating prefix script '/home/shreya/ros2_ws/install/local_setup.bash'
[2.954s] INFO:colcon.colcon_core.shell:Creating prefix chain script '/home/shreya/ros2_ws/install/setup.bash'
[2.955s] INFO:colcon.colcon_core.shell:Creating prefix script '/home/shreya/ros2_ws/install/local_setup.zsh'
[2.957s] INFO:colcon.colcon_core.shell:Creating prefix chain script '/home/shreya/ros2_ws/install/setup.zsh'
