[0.067s] DEBUG:colcon:Command line arguments: ['/usr/bin/colcon', 'build']
[0.068s] DEBUG:colcon:Parsed command line arguments: Namespace(log_base=None, log_level=None, verb_name='build', build_base='build', install_base='install', merge_install=False, symlink_install=False, test_result_base=None, continue_on_error=False, executor='parallel', parallel_workers=2, event_handlers=None, ignore_user_meta=False, metas=['./colcon.meta'], base_paths=['.'], packages_ignore=None, packages_ignore_regex=None, paths=None, packages_up_to=None, packages_up_to_regex=None, packages_above=None, packages_above_and_dependencies=None, packages_above_depth=None, packages_select_by_dep=None, packages_skip_by_dep=None, packages_skip_up_to=None, packages_select_build_failed=False, packages_skip_build_finished=False, packages_select_test_failures=False, packages_skip_test_passed=False, packages_select=None, packages_skip=None, packages_select_regex=None, packages_skip_regex=None, packages_start=None, packages_end=None, allow_overriding=[], cmake_args=None, cmake_target=None, cmake_target_skip_unavailable=False, cmake_clean_cache=False, cmake_clean_first=False, cmake_force_configure=False, ament_cmake_args=None, catkin_cmake_args=None, catkin_skip_building_tests=False, verb_parser=<colcon_defaults.argument_parser.defaults.DefaultArgumentsDecorator object at 0x7c976c42b850>, verb_extension=<colcon_core.verb.build.BuildVerb object at 0x7c976c5d5150>, main=<bound method BuildVerb.main of <colcon_core.verb.build.BuildVerb object at 0x7c976c5d5150>>)
[0.166s] Level 1:colcon.colcon_core.package_discovery:discover_packages(colcon_meta) check parameters
[0.166s] Level 1:colcon.colcon_core.package_discovery:discover_packages(recursive) check parameters
[0.166s] Level 1:colcon.colcon_core.package_discovery:discover_packages(ignore) check parameters
[0.166s] Level 1:colcon.colcon_core.package_discovery:discover_packages(path) check parameters
[0.166s] Level 1:colcon.colcon_core.package_discovery:discover_packages(colcon_meta) discover
[0.166s] Level 1:colcon.colcon_core.package_discovery:discover_packages(recursive) discover
[0.166s] INFO:colcon.colcon_core.package_discovery:Crawling recursively for packages in '/home/shreya/ros2_ws'
[0.166s] Level 1:colcon.colcon_core.package_identification:_identify(.) by extensions ['ignore', 'ignore_ament_install']
[0.166s] Level 1:colcon.colcon_core.package_identification:_identify(.) by extension 'ignore'
[0.166s] Level 1:colcon.colcon_core.package_identification:_identify(.) by extension 'ignore_ament_install'
[0.166s] Level 1:colcon.colcon_core.package_identification:_identify(.) by extensions ['colcon_pkg']
[0.166s] Level 1:colcon.colcon_core.package_identification:_identify(.) by extension 'colcon_pkg'
[0.166s] Level 1:colcon.colcon_core.package_identification:_identify(.) by extensions ['colcon_meta']
[0.166s] Level 1:colcon.colcon_core.package_identification:_identify(.) by extension 'colcon_meta'
[0.166s] Level 1:colcon.colcon_core.package_identification:_identify(.) by extensions ['ros']
[0.166s] Level 1:colcon.colcon_core.package_identification:_identify(.) by extension 'ros'
[0.174s] Level 1:colcon.colcon_core.package_identification:_identify(.) by extensions ['cmake', 'python']
[0.174s] Level 1:colcon.colcon_core.package_identification:_identify(.) by extension 'cmake'
[0.174s] Level 1:colcon.colcon_core.package_identification:_identify(.) by extension 'python'
[0.174s] Level 1:colcon.colcon_core.package_identification:_identify(.) by extensions ['python_setup_py']
[0.174s] Level 1:colcon.colcon_core.package_identification:_identify(.) by extension 'python_setup_py'
[0.174s] Level 1:colcon.colcon_core.package_identification:_identify(build) by extensions ['ignore', 'ignore_ament_install']
[0.174s] Level 1:colcon.colcon_core.package_identification:_identify(build) by extension 'ignore'
[0.174s] Level 1:colcon.colcon_core.package_identification:_identify(build) ignored
[0.174s] Level 1:colcon.colcon_core.package_identification:_identify(install) by extensions ['ignore', 'ignore_ament_install']
[0.174s] Level 1:colcon.colcon_core.package_identification:_identify(install) by extension 'ignore'
[0.174s] Level 1:colcon.colcon_core.package_identification:_identify(install) ignored
[0.175s] Level 1:colcon.colcon_core.package_identification:_identify(log) by extensions ['ignore', 'ignore_ament_install']
[0.175s] Level 1:colcon.colcon_core.package_identification:_identify(log) by extension 'ignore'
[0.175s] Level 1:colcon.colcon_core.package_identification:_identify(log) ignored
[0.175s] Level 1:colcon.colcon_core.package_identification:_identify(src) by extensions ['ignore', 'ignore_ament_install']
[0.175s] Level 1:colcon.colcon_core.package_identification:_identify(src) by extension 'ignore'
[0.175s] Level 1:colcon.colcon_core.package_identification:_identify(src) by extension 'ignore_ament_install'
[0.175s] Level 1:colcon.colcon_core.package_identification:_identify(src) by extensions ['colcon_pkg']
[0.175s] Level 1:colcon.colcon_core.package_identification:_identify(src) by extension 'colcon_pkg'
[0.175s] Level 1:colcon.colcon_core.package_identification:_identify(src) by extensions ['colcon_meta']
[0.175s] Level 1:colcon.colcon_core.package_identification:_identify(src) by extension 'colcon_meta'
[0.175s] Level 1:colcon.colcon_core.package_identification:_identify(src) by extensions ['ros']
[0.175s] Level 1:colcon.colcon_core.package_identification:_identify(src) by extension 'ros'
[0.175s] Level 1:colcon.colcon_core.package_identification:_identify(src) by extensions ['cmake', 'python']
[0.175s] Level 1:colcon.colcon_core.package_identification:_identify(src) by extension 'cmake'
[0.175s] Level 1:colcon.colcon_core.package_identification:_identify(src) by extension 'python'
[0.175s] Level 1:colcon.colcon_core.package_identification:_identify(src) by extensions ['python_setup_py']
[0.175s] Level 1:colcon.colcon_core.package_identification:_identify(src) by extension 'python_setup_py'
[0.175s] Level 1:colcon.colcon_core.package_identification:_identify(src/object_avoidance) by extensions ['ignore', 'ignore_ament_install']
[0.175s] Level 1:colcon.colcon_core.package_identification:_identify(src/object_avoidance) by extension 'ignore'
[0.175s] Level 1:colcon.colcon_core.package_identification:_identify(src/object_avoidance) by extension 'ignore_ament_install'
[0.175s] Level 1:colcon.colcon_core.package_identification:_identify(src/object_avoidance) by extensions ['colcon_pkg']
[0.175s] Level 1:colcon.colcon_core.package_identification:_identify(src/object_avoidance) by extension 'colcon_pkg'
[0.175s] Level 1:colcon.colcon_core.package_identification:_identify(src/object_avoidance) by extensions ['colcon_meta']
[0.175s] Level 1:colcon.colcon_core.package_identification:_identify(src/object_avoidance) by extension 'colcon_meta'
[0.175s] Level 1:colcon.colcon_core.package_identification:_identify(src/object_avoidance) by extensions ['ros']
[0.175s] Level 1:colcon.colcon_core.package_identification:_identify(src/object_avoidance) by extension 'ros'
[0.177s] DEBUG:colcon.colcon_core.package_identification:Package 'src/object_avoidance' with type 'ros.ament_cmake' and name 'object_avoidance'
[0.177s] Level 1:colcon.colcon_core.package_identification:_identify(src/serial_distance) by extensions ['ignore', 'ignore_ament_install']
[0.177s] Level 1:colcon.colcon_core.package_identification:_identify(src/serial_distance) by extension 'ignore'
[0.177s] Level 1:colcon.colcon_core.package_identification:_identify(src/serial_distance) by extension 'ignore_ament_install'
[0.177s] Level 1:colcon.colcon_core.package_identification:_identify(src/serial_distance) by extensions ['colcon_pkg']
[0.177s] Level 1:colcon.colcon_core.package_identification:_identify(src/serial_distance) by extension 'colcon_pkg'
[0.177s] Level 1:colcon.colcon_core.package_identification:_identify(src/serial_distance) by extensions ['colcon_meta']
[0.177s] Level 1:colcon.colcon_core.package_identification:_identify(src/serial_distance) by extension 'colcon_meta'
[0.177s] Level 1:colcon.colcon_core.package_identification:_identify(src/serial_distance) by extensions ['ros']
[0.177s] Level 1:colcon.colcon_core.package_identification:_identify(src/serial_distance) by extension 'ros'
[0.178s] DEBUG:colcon.colcon_core.package_identification:Package 'src/serial_distance' with type 'ros.ament_python' and name 'serial_distance'
[0.178s] Level 1:colcon.colcon_core.package_identification:_identify(src/sim_avoidance) by extensions ['ignore', 'ignore_ament_install']
[0.178s] Level 1:colcon.colcon_core.package_identification:_identify(src/sim_avoidance) by extension 'ignore'
[0.178s] Level 1:colcon.colcon_core.package_identification:_identify(src/sim_avoidance) by extension 'ignore_ament_install'
[0.178s] Level 1:colcon.colcon_core.package_identification:_identify(src/sim_avoidance) by extensions ['colcon_pkg']
[0.178s] Level 1:colcon.colcon_core.package_identification:_identify(src/sim_avoidance) by extension 'colcon_pkg'
[0.178s] Level 1:colcon.colcon_core.package_identification:_identify(src/sim_avoidance) by extensions ['colcon_meta']
[0.178s] Level 1:colcon.colcon_core.package_identification:_identify(src/sim_avoidance) by extension 'colcon_meta'
[0.178s] Level 1:colcon.colcon_core.package_identification:_identify(src/sim_avoidance) by extensions ['ros']
[0.178s] Level 1:colcon.colcon_core.package_identification:_identify(src/sim_avoidance) by extension 'ros'
[0.178s] DEBUG:colcon.colcon_core.package_identification:Package 'src/sim_avoidance' with type 'ros.ament_python' and name 'sim_avoidance'
[0.178s] Level 1:colcon.colcon_core.package_discovery:discover_packages(recursive) using defaults
[0.178s] Level 1:colcon.colcon_core.package_discovery:discover_packages(ignore) discover
[0.178s] Level 1:colcon.colcon_core.package_discovery:discover_packages(ignore) using defaults
[0.178s] Level 1:colcon.colcon_core.package_discovery:discover_packages(path) discover
[0.178s] Level 1:colcon.colcon_core.package_discovery:discover_packages(path) using defaults
[0.191s] Level 1:colcon.colcon_core.package_discovery:discover_packages(prefix_path) check parameters
[0.191s] Level 1:colcon.colcon_core.package_discovery:discover_packages(prefix_path) discover
[0.192s] DEBUG:colcon.colcon_installed_package_information.package_discovery:Found 3 installed packages in /home/shreya/ros2_ws/install
[0.193s] DEBUG:colcon.colcon_installed_package_information.package_discovery:Found 271 installed packages in /opt/ros/humble
[0.195s] Level 1:colcon.colcon_core.package_discovery:discover_packages(prefix_path) using defaults
[0.224s] Level 5:colcon.colcon_core.verb:set package 'object_avoidance' build argument 'cmake_args' from command line to 'None'
[0.224s] Level 5:colcon.colcon_core.verb:set package 'object_avoidance' build argument 'cmake_target' from command line to 'None'
[0.224s] Level 5:colcon.colcon_core.verb:set package 'object_avoidance' build argument 'cmake_target_skip_unavailable' from command line to 'False'
[0.224s] Level 5:colcon.colcon_core.verb:set package 'object_avoidance' build argument 'cmake_clean_cache' from command line to 'False'
[0.224s] Level 5:colcon.colcon_core.verb:set package 'object_avoidance' build argument 'cmake_clean_first' from command line to 'False'
[0.224s] Level 5:colcon.colcon_core.verb:set package 'object_avoidance' build argument 'cmake_force_configure' from command line to 'False'
[0.224s] Level 5:colcon.colcon_core.verb:set package 'object_avoidance' build argument 'ament_cmake_args' from command line to 'None'
[0.224s] Level 5:colcon.colcon_core.verb:set package 'object_avoidance' build argument 'catkin_cmake_args' from command line to 'None'
[0.224s] Level 5:colcon.colcon_core.verb:set package 'object_avoidance' build argument 'catkin_skip_building_tests' from command line to 'False'
[0.224s] DEBUG:colcon.colcon_core.verb:Building package 'object_avoidance' with the following arguments: {'ament_cmake_args': None, 'build_base': '/home/shreya/ros2_ws/build/object_avoidance', 'catkin_cmake_args': None, 'catkin_skip_building_tests': False, 'cmake_args': None, 'cmake_clean_cache': False, 'cmake_clean_first': False, 'cmake_force_configure': False, 'cmake_target': None, 'cmake_target_skip_unavailable': False, 'install_base': '/home/shreya/ros2_ws/install/object_avoidance', 'merge_install': False, 'path': '/home/shreya/ros2_ws/src/object_avoidance', 'symlink_install': False, 'test_result_base': None}
[0.225s] Level 5:colcon.colcon_core.verb:set package 'serial_distance' build argument 'cmake_args' from command line to 'None'
[0.225s] Level 5:colcon.colcon_core.verb:set package 'serial_distance' build argument 'cmake_target' from command line to 'None'
[0.225s] Level 5:colcon.colcon_core.verb:set package 'serial_distance' build argument 'cmake_target_skip_unavailable' from command line to 'False'
[0.225s] Level 5:colcon.colcon_core.verb:set package 'serial_distance' build argument 'cmake_clean_cache' from command line to 'False'
[0.225s] Level 5:colcon.colcon_core.verb:set package 'serial_distance' build argument 'cmake_clean_first' from command line to 'False'
[0.225s] Level 5:colcon.colcon_core.verb:set package 'serial_distance' build argument 'cmake_force_configure' from command line to 'False'
[0.225s] Level 5:colcon.colcon_core.verb:set package 'serial_distance' build argument 'ament_cmake_args' from command line to 'None'
[0.225s] Level 5:colcon.colcon_core.verb:set package 'serial_distance' build argument 'catkin_cmake_args' from command line to 'None'
[0.225s] Level 5:colcon.colcon_core.verb:set package 'serial_distance' build argument 'catkin_skip_building_tests' from command line to 'False'
[0.225s] DEBUG:colcon.colcon_core.verb:Building package 'serial_distance' with the following arguments: {'ament_cmake_args': None, 'build_base': '/home/shreya/ros2_ws/build/serial_distance', 'catkin_cmake_args': None, 'catkin_skip_building_tests': False, 'cmake_args': None, 'cmake_clean_cache': False, 'cmake_clean_first': False, 'cmake_force_configure': False, 'cmake_target': None, 'cmake_target_skip_unavailable': False, 'install_base': '/home/shreya/ros2_ws/install/serial_distance', 'merge_install': False, 'path': '/home/shreya/ros2_ws/src/serial_distance', 'symlink_install': False, 'test_result_base': None}
[0.225s] Level 5:colcon.colcon_core.verb:set package 'sim_avoidance' build argument 'cmake_args' from command line to 'None'
[0.225s] Level 5:colcon.colcon_core.verb:set package 'sim_avoidance' build argument 'cmake_target' from command line to 'None'
[0.225s] Level 5:colcon.colcon_core.verb:set package 'sim_avoidance' build argument 'cmake_target_skip_unavailable' from command line to 'False'
[0.225s] Level 5:colcon.colcon_core.verb:set package 'sim_avoidance' build argument 'cmake_clean_cache' from command line to 'False'
[0.225s] Level 5:colcon.colcon_core.verb:set package 'sim_avoidance' build argument 'cmake_clean_first' from command line to 'False'
[0.225s] Level 5:colcon.colcon_core.verb:set package 'sim_avoidance' build argument 'cmake_force_configure' from command line to 'False'
[0.225s] Level 5:colcon.colcon_core.verb:set package 'sim_avoidance' build argument 'ament_cmake_args' from command line to 'None'
[0.225s] Level 5:colcon.colcon_core.verb:set package 'sim_avoidance' build argument 'catkin_cmake_args' from command line to 'None'
[0.225s] Level 5:colcon.colcon_core.verb:set package 'sim_avoidance' build argument 'catkin_skip_building_tests' from command line to 'False'
[0.225s] DEBUG:colcon.colcon_core.verb:Building package 'sim_avoidance' with the following arguments: {'ament_cmake_args': None, 'build_base': '/home/shreya/ros2_ws/build/sim_avoidance', 'catkin_cmake_args': None, 'catkin_skip_building_tests': False, 'cmake_args': None, 'cmake_clean_cache': False, 'cmake_clean_first': False, 'cmake_force_configure': False, 'cmake_target': None, 'cmake_target_skip_unavailable': False, 'install_base': '/home/shreya/ros2_ws/install/sim_avoidance', 'merge_install': False, 'path': '/home/shreya/ros2_ws/src/sim_avoidance', 'symlink_install': False, 'test_result_base': None}
[0.225s] INFO:colcon.colcon_core.executor:Executing jobs using 'parallel' executor
[0.236s] DEBUG:colcon.colcon_parallel_executor.executor.parallel:run_until_complete
[0.236s] INFO:colcon.colcon_ros.task.ament_cmake.build:Building ROS package in '/home/shreya/ros2_ws/src/object_avoidance' with build type 'ament_cmake'
[0.237s] INFO:colcon.colcon_cmake.task.cmake.build:Building CMake package in '/home/shreya/ros2_ws/src/object_avoidance'
[0.241s] INFO:colcon.colcon_core.plugin_system:Skipping extension 'colcon_core.shell.bat': Not used on non-Windows systems
[0.241s] INFO:colcon.colcon_core.shell:Skip shell extension 'powershell' for command environment: Not usable outside of PowerShell
[0.241s] DEBUG:colcon.colcon_core.shell:Skip shell extension 'dsv' for command environment
[0.247s] INFO:colcon.colcon_ros.task.ament_python.build:Building ROS package in '/home/shreya/ros2_ws/src/serial_distance' with build type 'ament_python'
[0.247s] Level 1:colcon.colcon_core.shell:create_environment_hook('serial_distance', 'ament_prefix_path')
[0.247s] INFO:colcon.colcon_core.shell:Creating environment hook '/home/shreya/ros2_ws/install/serial_distance/share/serial_distance/hook/ament_prefix_path.ps1'
[0.255s] INFO:colcon.colcon_core.shell:Creating environment descriptor '/home/shreya/ros2_ws/install/serial_distance/share/serial_distance/hook/ament_prefix_path.dsv'
[0.263s] INFO:colcon.colcon_core.shell:Creating environment hook '/home/shreya/ros2_ws/install/serial_distance/share/serial_distance/hook/ament_prefix_path.sh'
[0.268s] INFO:colcon.colcon_core.shell:Skip shell extension 'powershell' for command environment: Not usable outside of PowerShell
[0.269s] DEBUG:colcon.colcon_core.shell:Skip shell extension 'dsv' for command environment
[0.283s] DEBUG:colcon.colcon_core.event_handler.log_command:Invoking command in '/home/shreya/ros2_ws/build/object_avoidance': CMAKE_PREFIX_PATH=${CMAKE_PREFIX_PATH}:/home/shreya/ros2_ws/install/sim_avoidance:/home/shreya/ros2_ws/install/serial_distance:/opt/ros/humble /usr/bin/cmake --build /home/shreya/ros2_ws/build/object_avoidance -- -j2 -l2
[0.461s] WARNING:colcon.colcon_ros.task.ament_python.build:Package 'serial_distance' doesn't explicitly install a marker in the package index (colcon-ros currently does it implicitly but that fallback will be removed in the future)
[0.461s] WARNING:colcon.colcon_ros.task.ament_python.build:Package 'serial_distance' doesn't explicitly install the 'package.xml' file (colcon-ros currently does it implicitly but that fallback will be removed in the future)
[0.463s] INFO:colcon.colcon_core.task.python.build:Building Python package in '/home/shreya/ros2_ws/src/serial_distance'
[0.463s] INFO:colcon.colcon_core.shell:Skip shell extension 'powershell' for command environment: Not usable outside of PowerShell
[0.463s] DEBUG:colcon.colcon_core.shell:Skip shell extension 'dsv' for command environment
[0.630s] DEBUG:colcon.colcon_core.event_handler.log_command:Invoked command in '/home/shreya/ros2_ws/build/object_avoidance' returned '0': CMAKE_PREFIX_PATH=${CMAKE_PREFIX_PATH}:/home/shreya/ros2_ws/install/sim_avoidance:/home/shreya/ros2_ws/install/serial_distance:/opt/ros/humble /usr/bin/cmake --build /home/shreya/ros2_ws/build/object_avoidance -- -j2 -l2
[0.658s] DEBUG:colcon.colcon_core.event_handler.log_command:Invoking command in '/home/shreya/ros2_ws/build/object_avoidance': CMAKE_PREFIX_PATH=${CMAKE_PREFIX_PATH}:/home/shreya/ros2_ws/install/sim_avoidance:/home/shreya/ros2_ws/install/serial_distance:/opt/ros/humble /usr/bin/cmake --install /home/shreya/ros2_ws/build/object_avoidance
[0.662s] Level 1:colcon.colcon_core.environment:create_environment_scripts_only(object_avoidance)
[0.663s] Level 1:colcon.colcon_core.environment:checking '/home/shreya/ros2_ws/install/object_avoidance' for CMake module files
[0.664s] Level 1:colcon.colcon_core.environment:checking '/home/shreya/ros2_ws/install/object_avoidance' for CMake config files
[0.664s] Level 1:colcon.colcon_core.shell:create_environment_hook('object_avoidance', 'cmake_prefix_path')
[0.664s] INFO:colcon.colcon_core.shell:Creating environment hook '/home/shreya/ros2_ws/install/object_avoidance/share/object_avoidance/hook/cmake_prefix_path.ps1'
[0.664s] INFO:colcon.colcon_core.shell:Creating environment descriptor '/home/shreya/ros2_ws/install/object_avoidance/share/object_avoidance/hook/cmake_prefix_path.dsv'
[0.665s] INFO:colcon.colcon_core.shell:Creating environment hook '/home/shreya/ros2_ws/install/object_avoidance/share/object_avoidance/hook/cmake_prefix_path.sh'
[0.666s] Level 1:colcon.colcon_core.environment:checking '/home/shreya/ros2_ws/install/object_avoidance/lib'
[0.666s] Level 1:colcon.colcon_core.environment:checking '/home/shreya/ros2_ws/install/object_avoidance/bin'
[0.666s] Level 1:colcon.colcon_core.environment:checking '/home/shreya/ros2_ws/install/object_avoidance/lib/pkgconfig/object_avoidance.pc'
[0.666s] Level 1:colcon.colcon_core.environment:checking '/home/shreya/ros2_ws/install/object_avoidance/lib/python3.10/site-packages'
[0.667s] Level 1:colcon.colcon_core.environment:checking '/home/shreya/ros2_ws/install/object_avoidance/bin'
[0.667s] INFO:colcon.colcon_core.shell:Creating package script '/home/shreya/ros2_ws/install/object_avoidance/share/object_avoidance/package.ps1'
[0.667s] INFO:colcon.colcon_core.shell:Creating package descriptor '/home/shreya/ros2_ws/install/object_avoidance/share/object_avoidance/package.dsv'
[0.668s] DEBUG:colcon.colcon_core.event_handler.log_command:Invoked command in '/home/shreya/ros2_ws/build/object_avoidance' returned '0': CMAKE_PREFIX_PATH=${CMAKE_PREFIX_PATH}:/home/shreya/ros2_ws/install/sim_avoidance:/home/shreya/ros2_ws/install/serial_distance:/opt/ros/humble /usr/bin/cmake --install /home/shreya/ros2_ws/build/object_avoidance
[0.669s] INFO:colcon.colcon_core.shell:Creating package script '/home/shreya/ros2_ws/install/object_avoidance/share/object_avoidance/package.sh'
[0.669s] INFO:colcon.colcon_core.shell:Creating package script '/home/shreya/ros2_ws/install/object_avoidance/share/object_avoidance/package.bash'
[0.670s] INFO:colcon.colcon_core.shell:Creating package script '/home/shreya/ros2_ws/install/object_avoidance/share/object_avoidance/package.zsh'
[0.671s] Level 1:colcon.colcon_core.environment:create_file_with_runtime_dependencies(/home/shreya/ros2_ws/install/object_avoidance/share/colcon-core/packages/object_avoidance)
[0.672s] Level 1:colcon.colcon_core.environment:create_environment_scripts_only(object_avoidance)
[0.672s] Level 1:colcon.colcon_core.environment:checking '/home/shreya/ros2_ws/install/object_avoidance' for CMake module files
[0.672s] Level 1:colcon.colcon_core.environment:checking '/home/shreya/ros2_ws/install/object_avoidance' for CMake config files
[0.672s] Level 1:colcon.colcon_core.shell:create_environment_hook('object_avoidance', 'cmake_prefix_path')
[0.673s] INFO:colcon.colcon_core.shell:Creating environment hook '/home/shreya/ros2_ws/install/object_avoidance/share/object_avoidance/hook/cmake_prefix_path.ps1'
[0.673s] INFO:colcon.colcon_core.shell:Creating environment descriptor '/home/shreya/ros2_ws/install/object_avoidance/share/object_avoidance/hook/cmake_prefix_path.dsv'
[0.674s] INFO:colcon.colcon_core.shell:Creating environment hook '/home/shreya/ros2_ws/install/object_avoidance/share/object_avoidance/hook/cmake_prefix_path.sh'
[0.674s] Level 1:colcon.colcon_core.environment:checking '/home/shreya/ros2_ws/install/object_avoidance/lib'
[0.674s] Level 1:colcon.colcon_core.environment:checking '/home/shreya/ros2_ws/install/object_avoidance/bin'
[0.674s] Level 1:colcon.colcon_core.environment:checking '/home/shreya/ros2_ws/install/object_avoidance/lib/pkgconfig/object_avoidance.pc'
[0.675s] Level 1:colcon.colcon_core.environment:checking '/home/shreya/ros2_ws/install/object_avoidance/lib/python3.10/site-packages'
[0.675s] Level 1:colcon.colcon_core.environment:checking '/home/shreya/ros2_ws/install/object_avoidance/bin'
[0.675s] INFO:colcon.colcon_core.shell:Creating package script '/home/shreya/ros2_ws/install/object_avoidance/share/object_avoidance/package.ps1'
[0.675s] INFO:colcon.colcon_core.shell:Creating package descriptor '/home/shreya/ros2_ws/install/object_avoidance/share/object_avoidance/package.dsv'
[0.676s] INFO:colcon.colcon_core.shell:Creating package script '/home/shreya/ros2_ws/install/object_avoidance/share/object_avoidance/package.sh'
[0.676s] INFO:colcon.colcon_core.shell:Creating package script '/home/shreya/ros2_ws/install/object_avoidance/share/object_avoidance/package.bash'
[0.677s] INFO:colcon.colcon_core.shell:Creating package script '/home/shreya/ros2_ws/install/object_avoidance/share/object_avoidance/package.zsh'
[0.677s] Level 1:colcon.colcon_core.environment:create_file_with_runtime_dependencies(/home/shreya/ros2_ws/install/object_avoidance/share/colcon-core/packages/object_avoidance)
[0.678s] INFO:colcon.colcon_ros.task.ament_python.build:Building ROS package in '/home/shreya/ros2_ws/src/sim_avoidance' with build type 'ament_python'
[0.678s] Level 1:colcon.colcon_core.shell:create_environment_hook('sim_avoidance', 'ament_prefix_path')
[0.678s] INFO:colcon.colcon_core.shell:Creating environment hook '/home/shreya/ros2_ws/install/sim_avoidance/share/sim_avoidance/hook/ament_prefix_path.ps1'
[0.679s] INFO:colcon.colcon_core.shell:Creating environment descriptor '/home/shreya/ros2_ws/install/sim_avoidance/share/sim_avoidance/hook/ament_prefix_path.dsv'
[0.679s] INFO:colcon.colcon_core.shell:Creating environment hook '/home/shreya/ros2_ws/install/sim_avoidance/share/sim_avoidance/hook/ament_prefix_path.sh'
[0.680s] INFO:colcon.colcon_core.shell:Skip shell extension 'powershell' for command environment: Not usable outside of PowerShell
[0.680s] DEBUG:colcon.colcon_core.shell:Skip shell extension 'dsv' for command environment
[0.869s] INFO:colcon.colcon_core.task.python.build:Building Python package in '/home/shreya/ros2_ws/src/sim_avoidance'
[0.869s] INFO:colcon.colcon_core.shell:Skip shell extension 'powershell' for command environment: Not usable outside of PowerShell
[0.869s] DEBUG:colcon.colcon_core.shell:Skip shell extension 'dsv' for command environment
[0.874s] DEBUG:colcon.colcon_core.event_handler.log_command:Invoking command in '/home/shreya/ros2_ws/src/serial_distance': PYTHONPATH=/home/shreya/ros2_ws/build/serial_distance/prefix_override:/usr/lib/python3/dist-packages/colcon_core/task/python/colcon_distutils_commands:/home/shreya/ros2_ws/install/serial_distance/lib/python3.10/site-packages:${PYTHONPATH} /usr/bin/python3 -W ignore:setup.py install is deprecated -W ignore:easy_install command is deprecated setup.py egg_info --egg-base ../../build/serial_distance build --build-base /home/shreya/ros2_ws/build/serial_distance/build install --record /home/shreya/ros2_ws/build/serial_distance/install.log --single-version-externally-managed
[1.146s] Level 1:colcon.colcon_core.environment:checking '/home/shreya/ros2_ws/install/serial_distance' for CMake module files
[1.147s] Level 1:colcon.colcon_core.environment:checking '/home/shreya/ros2_ws/install/serial_distance' for CMake config files
[1.148s] Level 1:colcon.colcon_core.environment:checking '/home/shreya/ros2_ws/install/serial_distance/lib'
[1.150s] Level 1:colcon.colcon_core.environment:checking '/home/shreya/ros2_ws/install/serial_distance/bin'
[1.154s] DEBUG:colcon.colcon_core.event_handler.log_command:Invoked command in '/home/shreya/ros2_ws/src/serial_distance' returned '0': PYTHONPATH=/home/shreya/ros2_ws/build/serial_distance/prefix_override:/usr/lib/python3/dist-packages/colcon_core/task/python/colcon_distutils_commands:/home/shreya/ros2_ws/install/serial_distance/lib/python3.10/site-packages:${PYTHONPATH} /usr/bin/python3 -W ignore:setup.py install is deprecated -W ignore:easy_install command is deprecated setup.py egg_info --egg-base ../../build/serial_distance build --build-base /home/shreya/ros2_ws/build/serial_distance/build install --record /home/shreya/ros2_ws/build/serial_distance/install.log --single-version-externally-managed
[1.157s] Level 1:colcon.colcon_core.environment:checking '/home/shreya/ros2_ws/install/serial_distance/lib/pkgconfig/serial_distance.pc'
[1.159s] Level 1:colcon.colcon_core.environment:checking '/home/shreya/ros2_ws/install/serial_distance/lib/python3.10/site-packages'
[1.159s] Level 1:colcon.colcon_core.shell:create_environment_hook('serial_distance', 'pythonpath')
[1.159s] INFO:colcon.colcon_core.shell:Creating environment hook '/home/shreya/ros2_ws/install/serial_distance/share/serial_distance/hook/pythonpath.ps1'
[1.160s] INFO:colcon.colcon_core.shell:Creating environment descriptor '/home/shreya/ros2_ws/install/serial_distance/share/serial_distance/hook/pythonpath.dsv'
[1.161s] INFO:colcon.colcon_core.shell:Creating environment hook '/home/shreya/ros2_ws/install/serial_distance/share/serial_distance/hook/pythonpath.sh'
[1.162s] Level 1:colcon.colcon_core.environment:checking '/home/shreya/ros2_ws/install/serial_distance/bin'
[1.162s] Level 1:colcon.colcon_core.environment:create_environment_scripts_only(serial_distance)
[1.162s] INFO:colcon.colcon_core.shell:Creating package script '/home/shreya/ros2_ws/install/serial_distance/share/serial_distance/package.ps1'
[1.163s] INFO:colcon.colcon_core.shell:Creating package descriptor '/home/shreya/ros2_ws/install/serial_distance/share/serial_distance/package.dsv'
[1.164s] INFO:colcon.colcon_core.shell:Creating package script '/home/shreya/ros2_ws/install/serial_distance/share/serial_distance/package.sh'
[1.165s] INFO:colcon.colcon_core.shell:Creating package script '/home/shreya/ros2_ws/install/serial_distance/share/serial_distance/package.bash'
[1.165s] INFO:colcon.colcon_core.shell:Creating package script '/home/shreya/ros2_ws/install/serial_distance/share/serial_distance/package.zsh'
[1.166s] Level 1:colcon.colcon_core.environment:create_file_with_runtime_dependencies(/home/shreya/ros2_ws/install/serial_distance/share/colcon-core/packages/serial_distance)
[1.171s] DEBUG:colcon.colcon_core.event_handler.log_command:Invoking command in '/home/shreya/ros2_ws/src/sim_avoidance': PYTHONPATH=/home/shreya/ros2_ws/build/sim_avoidance/prefix_override:/usr/lib/python3/dist-packages/colcon_core/task/python/colcon_distutils_commands:/home/shreya/ros2_ws/install/sim_avoidance/lib/python3.10/site-packages:${PYTHONPATH} /usr/bin/python3 -W ignore:setup.py install is deprecated -W ignore:easy_install command is deprecated setup.py egg_info --egg-base ../../build/sim_avoidance build --build-base /home/shreya/ros2_ws/build/sim_avoidance/build install --record /home/shreya/ros2_ws/build/sim_avoidance/install.log --single-version-externally-managed install_data
[1.367s] Level 1:colcon.colcon_core.environment:checking '/home/shreya/ros2_ws/install/sim_avoidance' for CMake module files
[1.367s] DEBUG:colcon.colcon_core.event_handler.log_command:Invoked command in '/home/shreya/ros2_ws/src/sim_avoidance' returned '0': PYTHONPATH=/home/shreya/ros2_ws/build/sim_avoidance/prefix_override:/usr/lib/python3/dist-packages/colcon_core/task/python/colcon_distutils_commands:/home/shreya/ros2_ws/install/sim_avoidance/lib/python3.10/site-packages:${PYTHONPATH} /usr/bin/python3 -W ignore:setup.py install is deprecated -W ignore:easy_install command is deprecated setup.py egg_info --egg-base ../../build/sim_avoidance build --build-base /home/shreya/ros2_ws/build/sim_avoidance/build install --record /home/shreya/ros2_ws/build/sim_avoidance/install.log --single-version-externally-managed install_data
[1.368s] Level 1:colcon.colcon_core.environment:checking '/home/shreya/ros2_ws/install/sim_avoidance' for CMake config files
[1.368s] Level 1:colcon.colcon_core.environment:checking '/home/shreya/ros2_ws/install/sim_avoidance/lib'
[1.368s] Level 1:colcon.colcon_core.environment:checking '/home/shreya/ros2_ws/install/sim_avoidance/bin'
[1.368s] Level 1:colcon.colcon_core.environment:checking '/home/shreya/ros2_ws/install/sim_avoidance/lib/pkgconfig/sim_avoidance.pc'
[1.368s] Level 1:colcon.colcon_core.environment:checking '/home/shreya/ros2_ws/install/sim_avoidance/lib/python3.10/site-packages'
[1.368s] Level 1:colcon.colcon_core.shell:create_environment_hook('sim_avoidance', 'pythonpath')
[1.369s] INFO:colcon.colcon_core.shell:Creating environment hook '/home/shreya/ros2_ws/install/sim_avoidance/share/sim_avoidance/hook/pythonpath.ps1'
[1.369s] INFO:colcon.colcon_core.shell:Creating environment descriptor '/home/shreya/ros2_ws/install/sim_avoidance/share/sim_avoidance/hook/pythonpath.dsv'
[1.370s] INFO:colcon.colcon_core.shell:Creating environment hook '/home/shreya/ros2_ws/install/sim_avoidance/share/sim_avoidance/hook/pythonpath.sh'
[1.370s] Level 1:colcon.colcon_core.environment:checking '/home/shreya/ros2_ws/install/sim_avoidance/bin'
[1.370s] Level 1:colcon.colcon_core.environment:create_environment_scripts_only(sim_avoidance)
[1.370s] INFO:colcon.colcon_core.shell:Creating package script '/home/shreya/ros2_ws/install/sim_avoidance/share/sim_avoidance/package.ps1'
[1.371s] INFO:colcon.colcon_core.shell:Creating package descriptor '/home/shreya/ros2_ws/install/sim_avoidance/share/sim_avoidance/package.dsv'
[1.371s] INFO:colcon.colcon_core.shell:Creating package script '/home/shreya/ros2_ws/install/sim_avoidance/share/sim_avoidance/package.sh'
[1.372s] INFO:colcon.colcon_core.shell:Creating package script '/home/shreya/ros2_ws/install/sim_avoidance/share/sim_avoidance/package.bash'
[1.372s] INFO:colcon.colcon_core.shell:Creating package script '/home/shreya/ros2_ws/install/sim_avoidance/share/sim_avoidance/package.zsh'
[1.373s] Level 1:colcon.colcon_core.environment:create_file_with_runtime_dependencies(/home/shreya/ros2_ws/install/sim_avoidance/share/colcon-core/packages/sim_avoidance)
[1.373s] DEBUG:colcon.colcon_parallel_executor.executor.parallel:closing loop
[1.373s] DEBUG:colcon.colcon_parallel_executor.executor.parallel:loop closed
[1.373s] DEBUG:colcon.colcon_parallel_executor.executor.parallel:run_until_complete finished with '0'
[1.374s] DEBUG:colcon.colcon_core.event_reactor:joining thread
[1.378s] INFO:colcon.colcon_core.plugin_system:Skipping extension 'colcon_notification.desktop_notification.terminal_notifier': Not used on non-Darwin systems
[1.378s] INFO:colcon.colcon_core.plugin_system:Skipping extension 'colcon_notification.desktop_notification.win32': Not used on non-Windows systems
[1.378s] INFO:colcon.colcon_notification.desktop_notification:Sending desktop notification using 'notify2'
[1.412s] DEBUG:colcon.colcon_core.event_reactor:joined thread
[1.412s] INFO:colcon.colcon_core.shell:Creating prefix script '/home/shreya/ros2_ws/install/local_setup.ps1'
[1.413s] INFO:colcon.colcon_core.shell:Creating prefix util module '/home/shreya/ros2_ws/install/_local_setup_util_ps1.py'
[1.416s] INFO:colcon.colcon_core.shell:Creating prefix chain script '/home/shreya/ros2_ws/install/setup.ps1'
[1.417s] INFO:colcon.colcon_core.shell:Creating prefix script '/home/shreya/ros2_ws/install/local_setup.sh'
[1.418s] INFO:colcon.colcon_core.shell:Creating prefix util module '/home/shreya/ros2_ws/install/_local_setup_util_sh.py'
[1.418s] INFO:colcon.colcon_core.shell:Creating prefix chain script '/home/shreya/ros2_ws/install/setup.sh'
[1.419s] INFO:colcon.colcon_core.shell:Creating prefix script '/home/shreya/ros2_ws/install/local_setup.bash'
[1.420s] INFO:colcon.colcon_core.shell:Creating prefix chain script '/home/shreya/ros2_ws/install/setup.bash'
[1.421s] INFO:colcon.colcon_core.shell:Creating prefix script '/home/shreya/ros2_ws/install/local_setup.zsh'
[1.421s] INFO:colcon.colcon_core.shell:Creating prefix chain script '/home/shreya/ros2_ws/install/setup.zsh'
